2023-11-05 00:43:42,206 [INFO] Activator:176 - 


2023-11-05 00:43:42,208 [INFO] Activator:177 - !SESSION log4j initialized
2023-11-05 00:43:44,313 [INFO] LogOutputStream:77 - [STDOUT_REDIRECT] 
2023-11-05 00:43:46,145 [INFO] ApplicationProperties:184 - Using Application install path: C:\ST\STM32CubeIDE_1.12.0\STM32CubeIDE\plugins\com.st.stm32cube.common.mx_6.9.2.202309101412
2023-11-05 00:43:46,159 [INFO] DbMcusXml:78 - Set database path to: C:\ST\STM32CubeIDE_1.12.0\STM32CubeIDE\plugins\com.st.stm32cube.common.mx_6.9.2.202309101412\\db\/mcu/
2023-11-05 00:43:46,160 [INFO] ApiDb:274 - Set plugin database path to: C:\ST\STM32CubeIDE_1.12.0\STM32CubeIDE\plugins\com.st.stm32cube.common.mx_6.9.2.202309101412\\db\/plugins/boardmanager/
2023-11-05 00:43:46,161 [WARN] ApiDb:259 - Overriding images path with different value:  => C:\ST\STM32CubeIDE_1.12.0\STM32CubeIDE\plugins\com.st.stm32cube.common.mx_6.9.2.202309101412\\db\/plugins/mcufinder/images/
2023-11-05 00:43:46,169 [INFO] ApiDb:250 - Set database path to: C:\Users\zafee\.stmcufinder\plugins\mcufinder//mcu/
2023-11-05 00:43:46,170 [INFO] DbMcusAds:125 - Set database path to: C:\Users\zafee\.stmcufinder\plugins\mcufinder//mcu/
2023-11-05 00:43:46,172 [INFO] CrossReferenceDbSqlite:203 - Set database path to: C:\Users\zafee\.stmcufinder\plugins\mcufinder//mcu/cs/
2023-11-05 00:43:46,279 [INFO] RulesReader:64 - Compatibility file has been processed (293 Rules)
2023-11-05 00:43:46,360 [INFO] DbMcusXml:78 - Set database path to: C:\ST\STM32CubeIDE_1.12.0\STM32CubeIDE\plugins\com.st.stm32cube.common.mx_6.9.2.202309101412\\db\/mcu/
2023-11-05 00:43:46,360 [INFO] ApiDb:274 - Set plugin database path to: C:\ST\STM32CubeIDE_1.12.0\STM32CubeIDE\plugins\com.st.stm32cube.common.mx_6.9.2.202309101412\\db\/plugins/boardmanager/
2023-11-05 00:43:46,360 [INFO] ApiDb:261 - Set plugin images path to: C:\ST\STM32CubeIDE_1.12.0\STM32CubeIDE\plugins\com.st.stm32cube.common.mx_6.9.2.202309101412\\db\/plugins/mcufinder/images/
2023-11-05 00:43:46,361 [WARN] DbFile:41 - Overriding database path with different value: C:\Users\zafee\.stmcufinder\plugins\mcufinder/ => C:\Users\zafee\.stmcufinder\plugins\mcufinder
2023-11-05 00:43:46,361 [INFO] ApiDb:250 - Set database path to: C:\Users\zafee\.stmcufinder\plugins\mcufinder//mcu/
2023-11-05 00:43:46,361 [WARN] DbFile:41 - Overriding database path with different value: C:\Users\zafee\.stmcufinder\plugins\mcufinder/ => C:\Users\zafee\.stmcufinder\plugins\mcufinder
2023-11-05 00:43:46,361 [INFO] DbMcusAds:125 - Set database path to: C:\Users\zafee\.stmcufinder\plugins\mcufinder//mcu/
2023-11-05 00:43:46,361 [WARN] DbFile:41 - Overriding database path with different value: C:\Users\zafee\.stmcufinder\plugins\mcufinder/ => C:\Users\zafee\.stmcufinder\plugins\mcufinder
2023-11-05 00:43:46,361 [WARN] DbFile:41 - Overriding database path with different value: C:\Users\zafee\.stmcufinder\plugins\mcufinder/ => C:\Users\zafee\.stmcufinder\plugins\mcufinder
2023-11-05 00:43:46,361 [INFO] CrossReferenceDbSqlite:203 - Set database path to: C:\Users\zafee\.stmcufinder\plugins\mcufinder//mcu/cs/
2023-11-05 00:43:46,416 [INFO] MainPanel:262 - HeapMemory: 268435456
2023-11-05 00:43:46,470 [INFO] DbMcusXml:78 - Set database path to: C:\ST\STM32CubeIDE_1.12.0\STM32CubeIDE\plugins\com.st.stm32cube.common.mx_6.9.2.202309101412\\db\/mcu/
2023-11-05 00:43:46,471 [INFO] ApiDb:274 - Set plugin database path to: C:\ST\STM32CubeIDE_1.12.0\STM32CubeIDE\plugins\com.st.stm32cube.common.mx_6.9.2.202309101412\\db\/plugins/boardmanager/
2023-11-05 00:43:46,471 [INFO] ApiDb:261 - Set plugin images path to: C:\ST\STM32CubeIDE_1.12.0\STM32CubeIDE\plugins\com.st.stm32cube.common.mx_6.9.2.202309101412\\db\/plugins/mcufinder/images/
2023-11-05 00:43:46,471 [WARN] DbFile:41 - Overriding database path with different value: C:\Users\zafee\.stmcufinder\plugins\mcufinder/ => C:\Users\zafee\.stmcufinder\plugins\mcufinder
2023-11-05 00:43:46,471 [INFO] ApiDb:250 - Set database path to: C:\Users\zafee\.stmcufinder\plugins\mcufinder//mcu/
2023-11-05 00:43:46,471 [WARN] DbFile:41 - Overriding database path with different value: C:\Users\zafee\.stmcufinder\plugins\mcufinder/ => C:\Users\zafee\.stmcufinder\plugins\mcufinder
2023-11-05 00:43:46,471 [INFO] DbMcusAds:125 - Set database path to: C:\Users\zafee\.stmcufinder\plugins\mcufinder//mcu/
2023-11-05 00:43:46,471 [WARN] DbFile:41 - Overriding database path with different value: C:\Users\zafee\.stmcufinder\plugins\mcufinder/ => C:\Users\zafee\.stmcufinder\plugins\mcufinder
2023-11-05 00:43:46,471 [WARN] DbFile:41 - Overriding database path with different value: C:\Users\zafee\.stmcufinder\plugins\mcufinder/ => C:\Users\zafee\.stmcufinder\plugins\mcufinder
2023-11-05 00:43:46,471 [INFO] CrossReferenceDbSqlite:203 - Set database path to: C:\Users\zafee\.stmcufinder\plugins\mcufinder//mcu/cs/
2023-11-05 00:43:46,483 [INFO] ApplicationProperties:184 - Using Application install path: C:\ST\STM32CubeIDE_1.12.0\STM32CubeIDE\plugins\com.st.stm32cube.common.mx_6.9.2.202309101412
2023-11-05 00:43:46,484 [INFO] PluginManage:196 - Search for loadable plugins [exclusion list=, ]
2023-11-05 00:43:46,485 [INFO] PluginManage:310 - Check plugin analytics
2023-11-05 00:43:46,619 [INFO] AnalyticsPlugin:253 - Accepted Software Licenses: STM32CubeMX.6.9.2
2023-11-05 00:43:46,619 [INFO] AnalyticsPlugin:255 - Accepted CMSIS Pack Licenses: STMicroelectronics.X-CUBE-TOUCHGFX.4.21.0
2023-11-05 00:43:46,619 [INFO] AnalyticsPlugin:257 - Accepted Firmware Licenses: 
2023-11-05 00:43:46,622 [INFO] PluginManage:359 - Loaded plugin analytics (category:tool,tabindex:-1)
2023-11-05 00:43:46,622 [INFO] PluginManage:310 - Check plugin cadmodel
2023-11-05 00:43:46,625 [INFO] CADModel:105 - Init CAD model plugin
2023-11-05 00:43:46,625 [INFO] PluginManage:359 - Loaded plugin cadmodel (category:power,tabindex:5)
2023-11-05 00:43:46,625 [INFO] PluginManage:310 - Check plugin clock
2023-11-05 00:43:46,633 [INFO] PluginManage:359 - Loaded plugin clock (category:base,tabindex:2)
2023-11-05 00:43:46,633 [INFO] PluginManage:310 - Check plugin ddr
2023-11-05 00:43:46,635 [INFO] PluginManage:359 - Loaded plugin ddr (category:tool,tabindex:6)
2023-11-05 00:43:46,635 [INFO] PluginManage:310 - Check plugin filemanager
2023-11-05 00:43:46,736 [INFO] PluginManage:359 - Loaded plugin filemanager (category:base,tabindex:10)
2023-11-05 00:43:46,736 [INFO] PluginManage:310 - Check plugin ipmanager
2023-11-05 00:43:46,742 [INFO] PluginManage:359 - Loaded plugin ipmanager (category:base,tabindex:5)
2023-11-05 00:43:46,742 [INFO] PluginManage:310 - Check plugin lpbam
2023-11-05 00:43:46,751 [INFO] PluginManage:359 - Loaded plugin lpbam (category:base,tabindex:0)
2023-11-05 00:43:46,751 [INFO] PluginManage:310 - Check plugin memorymap
2023-11-05 00:43:46,760 [INFO] PluginManage:359 - Loaded plugin memorymap (category:base,tabindex:4)
2023-11-05 00:43:46,760 [INFO] PluginManage:310 - Check plugin pinoutandconfiguration
2023-11-05 00:43:46,765 [INFO] PluginManage:359 - Loaded plugin pinoutandconfiguration (category:base,tabindex:1)
2023-11-05 00:43:46,765 [INFO] PluginManage:310 - Check plugin pinoutconfig
2023-11-05 00:43:46,848 [WARN] SupportedApi:132 - Cannot load RTOS API schema: s4s-elt-must-match.1: The content of 'definitions' must match (annotation?, (simpleType | complexType)?, (unique | key | keyref)*)). A problem was found starting at: attribute.
2023-11-05 00:43:46,993 [INFO] PluginManage:359 - Loaded plugin pinoutconfig (category:base,tabindex:0)
2023-11-05 00:43:46,994 [INFO] PluginManage:310 - Check plugin power
2023-11-05 00:43:47,000 [INFO] PluginManage:359 - Loaded plugin power (category:power,tabindex:4)
2023-11-05 00:43:47,000 [INFO] PluginManage:310 - Check plugin projectmanager
2023-11-05 00:43:47,012 [INFO] PluginManage:359 - Loaded plugin projectmanager (category:projectmanager,tabindex:3)
2023-11-05 00:43:47,012 [INFO] PluginManage:310 - Check plugin thirdparty
2023-11-05 00:43:47,137 [INFO] PluginManage:359 - Loaded plugin thirdparty (category:base,tabindex:-1)
2023-11-05 00:43:47,137 [WARN] IntegrityCheckThread:84 - waiting for thirdparty lock release [integrity check]
2023-11-05 00:43:47,137 [INFO] PluginManage:310 - Check plugin tools
2023-11-05 00:43:47,137 [INFO] IntegrityCheckThread:86 - entering critical section [integrity check]
2023-11-05 00:43:47,138 [INFO] ThirdPartyUpdaterWithRetryManager:70 - Updater plugin not ready yet. [1/15]
2023-11-05 00:43:47,140 [INFO] PluginManage:359 - Loaded plugin tools (category:base,tabindex:7)
2023-11-05 00:43:47,140 [INFO] PluginManage:310 - Check plugin tutovideos
2023-11-05 00:43:47,288 [INFO] PluginManage:359 - Loaded plugin tutovideos (category:base,tabindex:-1)
2023-11-05 00:43:47,290 [INFO] PluginManage:310 - Check plugin updater
2023-11-05 00:43:47,296 [INFO] PluginManage:359 - Loaded plugin updater (category:base,tabindex:12)
2023-11-05 00:43:47,297 [INFO] PluginManage:310 - Check plugin userauth
2023-11-05 00:43:47,301 [INFO] UserAuth:113 - Init User Auth plugin
2023-11-05 00:43:47,301 [INFO] PluginManage:359 - Loaded plugin userauth (category:base,tabindex:14)
2023-11-05 00:43:47,301 [INFO] PluginManage:283 - PluginManage : Loaded plugins [17]
2023-11-05 00:43:47,456 [INFO] PinOutPanel:1499 - setPackage(No Configuration,No Configuration)
2023-11-05 00:43:47,537 [INFO] CADModel:165 - CPN selected for project level
2023-11-05 00:43:47,538 [INFO] CADModel:114 - Register for checkConnection events
2023-11-05 00:43:47,551 [INFO] IPUIPlugin:80 - create IPUIPlugin
2023-11-05 00:43:47,551 [INFO] PluginManager:220 - loadIPPluginJar : add adc
2023-11-05 00:43:47,553 [INFO] IPUIPlugin:80 - create IPUIPlugin
2023-11-05 00:43:47,553 [INFO] PluginManager:220 - loadIPPluginJar : add aes
2023-11-05 00:43:47,554 [INFO] IPUIPlugin:80 - create IPUIPlugin
2023-11-05 00:43:47,554 [INFO] PluginManager:220 - loadIPPluginJar : add can
2023-11-05 00:43:47,555 [INFO] IPUIPlugin:80 - create IPUIPlugin
2023-11-05 00:43:47,555 [INFO] PluginManager:220 - loadIPPluginJar : add comp
2023-11-05 00:43:47,557 [INFO] IPUIPlugin:80 - create IPUIPlugin
2023-11-05 00:43:47,557 [INFO] PluginManager:220 - loadIPPluginJar : add cryp
2023-11-05 00:43:47,559 [INFO] IPUIPlugin:80 - create IPUIPlugin
2023-11-05 00:43:47,559 [INFO] PluginManager:220 - loadIPPluginJar : add dfsdm
2023-11-05 00:43:47,563 [INFO] IPUIPlugin:80 - create IPUIPlugin
2023-11-05 00:43:47,564 [INFO] PluginManager:220 - loadIPPluginJar : add dma
2023-11-05 00:43:47,566 [INFO] IPUIPlugin:80 - create IPUIPlugin
2023-11-05 00:43:47,566 [INFO] PluginManager:220 - loadIPPluginJar : add dma3
2023-11-05 00:43:47,567 [INFO] IPUIPlugin:80 - create IPUIPlugin
2023-11-05 00:43:47,567 [INFO] PluginManager:220 - loadIPPluginJar : add fatfs
2023-11-05 00:43:47,571 [INFO] IPUIPlugin:80 - create IPUIPlugin
2023-11-05 00:43:47,571 [INFO] PluginManager:220 - loadIPPluginJar : add fmc
2023-11-05 00:43:47,575 [INFO] IPUIPlugin:80 - create IPUIPlugin
2023-11-05 00:43:47,575 [INFO] PluginManager:220 - loadIPPluginJar : add freertos
2023-11-05 00:43:47,576 [INFO] IPUIPlugin:80 - create IPUIPlugin
2023-11-05 00:43:47,576 [INFO] PluginManager:220 - loadIPPluginJar : add genericplugin
2023-11-05 00:43:47,578 [INFO] IPUIPlugin:80 - create IPUIPlugin
2023-11-05 00:43:47,578 [INFO] PluginManager:220 - loadIPPluginJar : add gfxmmu
2023-11-05 00:43:47,582 [INFO] IPUIPlugin:80 - create IPUIPlugin
2023-11-05 00:43:47,582 [INFO] PluginManager:220 - loadIPPluginJar : add gic
2023-11-05 00:43:47,586 [INFO] IPUIPlugin:80 - create IPUIPlugin
2023-11-05 00:43:47,586 [INFO] PluginManager:220 - loadIPPluginJar : add gpio
2023-11-05 00:43:47,588 [INFO] IPUIPlugin:80 - create IPUIPlugin
2023-11-05 00:43:47,588 [INFO] PluginManager:220 - loadIPPluginJar : add gtzc
2023-11-05 00:43:47,590 [INFO] IPUIPlugin:80 - create IPUIPlugin
2023-11-05 00:43:47,590 [INFO] PluginManager:220 - loadIPPluginJar : add hash
2023-11-05 00:43:47,592 [INFO] IPUIPlugin:80 - create IPUIPlugin
2023-11-05 00:43:47,592 [INFO] PluginManager:220 - loadIPPluginJar : add i2c
2023-11-05 00:43:47,594 [INFO] IPUIPlugin:80 - create IPUIPlugin
2023-11-05 00:43:47,594 [INFO] PluginManager:220 - loadIPPluginJar : add i2s
2023-11-05 00:43:47,596 [INFO] IPUIPlugin:80 - create IPUIPlugin
2023-11-05 00:43:47,596 [INFO] PluginManager:220 - loadIPPluginJar : add i3c
2023-11-05 00:43:47,598 [INFO] IPUIPlugin:80 - create IPUIPlugin
2023-11-05 00:43:47,598 [INFO] PluginManager:220 - loadIPPluginJar : add ipddr
2023-11-05 00:43:47,603 [INFO] IPUIPlugin:80 - create IPUIPlugin
2023-11-05 00:43:47,603 [INFO] PluginManager:220 - loadIPPluginJar : add linkedlist
2023-11-05 00:43:47,605 [INFO] IPUIPlugin:80 - create IPUIPlugin
2023-11-05 00:43:47,606 [INFO] PluginManager:220 - loadIPPluginJar : add lorawan
2023-11-05 00:43:47,607 [INFO] IPUIPlugin:80 - create IPUIPlugin
2023-11-05 00:43:47,607 [INFO] PluginManager:220 - loadIPPluginJar : add ltdc
2023-11-05 00:43:47,611 [INFO] IPUIPlugin:80 - create IPUIPlugin
2023-11-05 00:43:47,611 [INFO] PluginManager:220 - loadIPPluginJar : add mdma
2023-11-05 00:43:47,614 [INFO] IPUIPlugin:80 - create IPUIPlugin
2023-11-05 00:43:47,614 [INFO] PluginManager:220 - loadIPPluginJar : add nvic
2023-11-05 00:43:47,616 [INFO] IPUIPlugin:80 - create IPUIPlugin
2023-11-05 00:43:47,616 [INFO] PluginManager:220 - loadIPPluginJar : add opamp
2023-11-05 00:43:47,618 [INFO] IPUIPlugin:80 - create IPUIPlugin
2023-11-05 00:43:47,618 [INFO] PluginManager:220 - loadIPPluginJar : add openamp
2023-11-05 00:43:47,620 [INFO] IPUIPlugin:80 - create IPUIPlugin
2023-11-05 00:43:47,620 [INFO] PluginManager:220 - loadIPPluginJar : add pdm2pcm
2023-11-05 00:43:47,624 [INFO] IPUIPlugin:80 - create IPUIPlugin
2023-11-05 00:43:47,625 [INFO] PluginManager:220 - loadIPPluginJar : add plateformsettings
2023-11-05 00:43:47,627 [INFO] IPUIPlugin:80 - create IPUIPlugin
2023-11-05 00:43:47,627 [INFO] PluginManager:220 - loadIPPluginJar : add quadspi
2023-11-05 00:43:47,628 [INFO] IPUIPlugin:80 - create IPUIPlugin
2023-11-05 00:43:47,629 [INFO] PluginManager:220 - loadIPPluginJar : add resmgrutility
2023-11-05 00:43:47,630 [INFO] IPUIPlugin:80 - create IPUIPlugin
2023-11-05 00:43:47,631 [INFO] PluginManager:220 - loadIPPluginJar : add sai
2023-11-05 00:43:47,632 [INFO] IPUIPlugin:80 - create IPUIPlugin
2023-11-05 00:43:47,632 [INFO] PluginManager:220 - loadIPPluginJar : add spi
2023-11-05 00:43:47,635 [INFO] IPUIPlugin:80 - create IPUIPlugin
2023-11-05 00:43:47,635 [INFO] PluginManager:220 - loadIPPluginJar : add stm32_wpan
2023-11-05 00:43:47,637 [INFO] IPUIPlugin:80 - create IPUIPlugin
2023-11-05 00:43:47,637 [INFO] PluginManager:220 - loadIPPluginJar : add tim
2023-11-05 00:43:47,639 [INFO] IPUIPlugin:80 - create IPUIPlugin
2023-11-05 00:43:47,639 [INFO] PluginManager:220 - loadIPPluginJar : add touchsensing
2023-11-05 00:43:47,640 [INFO] IPUIPlugin:80 - create IPUIPlugin
2023-11-05 00:43:47,640 [INFO] PluginManager:220 - loadIPPluginJar : add tracer_emb
2023-11-05 00:43:47,642 [INFO] IPUIPlugin:80 - create IPUIPlugin
2023-11-05 00:43:47,643 [INFO] PluginManager:220 - loadIPPluginJar : add ts
2023-11-05 00:43:47,644 [INFO] IPUIPlugin:80 - create IPUIPlugin
2023-11-05 00:43:47,644 [INFO] PluginManager:220 - loadIPPluginJar : add tsc
2023-11-05 00:43:47,645 [INFO] IPUIPlugin:80 - create IPUIPlugin
2023-11-05 00:43:47,646 [INFO] PluginManager:220 - loadIPPluginJar : add ucpd
2023-11-05 00:43:47,647 [INFO] IPUIPlugin:80 - create IPUIPlugin
2023-11-05 00:43:47,647 [INFO] PluginManager:220 - loadIPPluginJar : add usart
2023-11-05 00:43:47,648 [INFO] IPUIPlugin:80 - create IPUIPlugin
2023-11-05 00:43:47,648 [INFO] PluginManager:220 - loadIPPluginJar : add usbx
2023-11-05 00:43:47,778 [INFO] CADModel:165 - CPN selected for project level
2023-11-05 00:43:47,779 [INFO] CADModel:114 - Register for checkConnection events
2023-11-05 00:43:47,779 [FATAL] Updater:308 - Updater called before beeing initialized
2023-11-05 00:43:47,779 [ERROR] CADModel:125 - Updater not yet initialized, retry later 
2023-11-05 00:43:47,878 [INFO] CADModel:165 - CPN selected for project level
2023-11-05 00:43:47,878 [INFO] CADModel:114 - Register for checkConnection events
2023-11-05 00:43:47,878 [FATAL] Updater:308 - Updater called before beeing initialized
2023-11-05 00:43:47,878 [ERROR] CADModel:125 - Updater not yet initialized, retry later 
2023-11-05 00:43:47,880 [FATAL] Updater:308 - Updater called before beeing initialized
2023-11-05 00:43:47,955 [FATAL] Updater:308 - Updater called before beeing initialized
2023-11-05 00:43:47,960 [INFO] DbMcusAds:53 - JSON generation date=Tue Mar 07 00:50:55 PST 2023 (1678179055335)
2023-11-05 00:43:47,960 [FATAL] Updater:308 - Updater called before beeing initialized
2023-11-05 00:43:47,990 [WARN] DetailPanel:346 - Failed to get advertising image, set to default
2023-11-05 00:43:48,070 [FATAL] Updater:308 - Updater called before beeing initialized
2023-11-05 00:43:48,071 [FATAL] Updater:308 - Updater called before beeing initialized
2023-11-05 00:43:48,071 [FATAL] Updater:308 - Updater called before beeing initialized
2023-11-05 00:43:48,071 [WARN] DetailPanel:346 - Failed to get advertising image, set to default
2023-11-05 00:43:48,071 [FATAL] Updater:308 - Updater called before beeing initialized
2023-11-05 00:43:48,103 [ERROR] Updater:1120 - MainUpdater not yet initialized. External WinMGr cannot be set.
2023-11-05 00:43:48,105 [INFO] Updater:1056 - Updater Version found : 6.9.2
2023-11-05 00:43:48,117 [INFO] ApplicationProperties:184 - Using Application install path: C:\ST\STM32CubeIDE_1.12.0\STM32CubeIDE\plugins\com.st.stm32cube.common.mx_6.9.2.202309101412
2023-11-05 00:43:48,351 [INFO] MainUpdater:2868 - connection check result : 10
2023-11-05 00:43:48,351 [INFO] MainUpdater:285 - Updater Check For Update Now.
2023-11-05 00:43:48,352 [INFO] MicroXplorer:498 - Change Database Version : DB.6.0.92
2023-11-05 00:43:48,357 [INFO] McuFinderGlobals:63 - Set McuFinder mode to 2 (CubeIDE integrated)
2023-11-05 00:43:48,357 [INFO] UserAuth:179 - activating auth plugin
2023-11-05 00:43:48,359 [INFO] UserAuth:393 - Internet connection configuration mode: 1
2023-11-05 00:43:48,368 [INFO] JxBrowserEngine:151 - Initiate JxBrowser Engine with user profile folder
2023-11-05 00:43:48,542 [INFO] CheckServerUpdateThread:120 - End of CheckServer Thread
2023-11-05 00:43:48,875 [INFO] WebApp:157 - Instantiating new browser for Auth
2023-11-05 00:43:49,250 [INFO] WebApp:753 - Register for checkConnection events
2023-11-05 00:43:49,250 [INFO] WebApp:390 - Apply proxy settings
2023-11-05 00:43:49,250 [INFO] WebApp:475 - Chromium requires no authentication
2023-11-05 00:43:49,257 [INFO] WebApp:418 - Direct internet connection detected
2023-11-05 00:43:49,354 [INFO] WebApp:188 - Starting web application
2023-11-05 00:43:49,354 [INFO] WebApp:520 - Web application path used C:\ST\STM32CubeIDE_1.12.0\STM32CubeIDE\plugins\com.st.stm32cube.common.mx_6.9.2.202309101412\db\plugins\mcufinder\reactClient1\index.html
2023-11-05 00:43:50,265 [WARN] PackLoader:240 - Cannot read IP mode file for STMicroelectronics.X-CUBE-SMBUS.2.1.0
2023-11-05 00:43:50,292 [WARN] PackLoader:240 - Cannot read IP mode file for STMicroelectronics.X-CUBE-AZRTOS-F7.1.1.0
2023-11-05 00:43:50,301 [WARN] PackLoader:240 - Cannot read IP mode file for STMicroelectronics.FP-SNS-MOTENV1.4.3.2
2023-11-05 00:43:50,308 [WARN] PackLoader:240 - Cannot read IP mode file for STMicroelectronics.FP-SNS-FLIGHT1.5.0.2
2023-11-05 00:43:50,315 [WARN] PackLoader:240 - Cannot read IP mode file for STMicroelectronics.X-CUBE-BLE2.3.2.2
2023-11-05 00:43:50,420 [WARN] PackLoader:240 - Cannot read IP mode file for STMicroelectronics.X-CUBE-DISPLAY.3.0.0
2023-11-05 00:43:50,434 [WARN] PackLoader:240 - Cannot read IP mode file for STMicroelectronics.X-CUBE-BLE1.7.0.0
2023-11-05 00:43:50,443 [WARN] PackLoader:240 - Cannot read IP mode file for emotas.I-CUBE-CANOPEN.1.3.0
2023-11-05 00:43:50,447 [WARN] PackLoader:240 - Cannot read IP mode file for STMicroelectronics.X-CUBE-TOUCHGFX.4.22.0
2023-11-05 00:43:50,490 [WARN] PackLoader:240 - Cannot read IP mode file for STMicroelectronics.X-CUBE-TOUCHGFX.4.22.1
2023-11-05 00:43:50,520 [WARN] PackLoader:240 - Cannot read IP mode file for STMicroelectronics.FP-SNS-SMARTAG2.1.2.0
2023-11-05 00:43:50,528 [INFO] LogOutputStream:77 - [STDOUT_REDIRECT] 1 : Invalid condition id : UX_CORESTACK_Condition cause : null
2023-11-05 00:43:50,528 [INFO] LogOutputStream:77 - [STDOUT_REDIRECT] 1 : Invalid condition id : UX_CORESTACK_Condition cause : null
2023-11-05 00:43:50,529 [INFO] LogOutputStream:77 - [STDOUT_REDIRECT] 1 : Invalid condition id : UX_CORESTACK_Condition cause : null
2023-11-05 00:43:50,530 [INFO] LogOutputStream:77 - [STDOUT_REDIRECT] 1 : Invalid condition id : UX_CORESTACK_Condition cause : null
2023-11-05 00:43:50,531 [INFO] LogOutputStream:77 - [STDOUT_REDIRECT] 1 : Invalid condition id : UX_CORESTACK_Condition cause : null
2023-11-05 00:43:50,535 [WARN] PackLoader:240 - Cannot read IP mode file for STMicroelectronics.X-CUBE-AZRTOS-WL.2.0.0
2023-11-05 00:43:50,542 [WARN] PackLoader:240 - Cannot read IP mode file for WES.I-CUBE-Cesium.1.3.0
2023-11-05 00:43:50,545 [WARN] PackLoader:240 - Cannot read IP mode file for STMicroelectronics.X-CUBE-BLE2.3.3.0
2023-11-05 00:43:50,570 [WARN] PackLoader:240 - Cannot read IP mode file for STMicroelectronics.X-CUBE-TOUCHGFX.4.21.0
2023-11-05 00:43:50,603 [WARN] PackLoader:240 - Cannot read IP mode file for STMicroelectronics.X-CUBE-ALGOBUILD.1.3.0
2023-11-05 00:43:50,616 [WARN] PackLoader:240 - Cannot read IP mode file for STMicroelectronics.X-CUBE-AZRTOS-G0.1.1.0
2023-11-05 00:43:50,621 [WARN] PackLoader:240 - Cannot read IP mode file for STMicroelectronics.X-CUBE-NFC4.3.0.0
2023-11-05 00:43:50,628 [WARN] PackLoader:240 - Cannot read IP mode file for STMicroelectronics.X-CUBE-BLEMGR.3.0.0
2023-11-05 00:43:50,633 [WARN] PackLoader:240 - Cannot read IP mode file for STMicroelectronics.FP-ATR-SIGFOX1.3.2.0
2023-11-05 00:43:50,637 [WARN] PackLoader:240 - Cannot read IP mode file for STMicroelectronics.X-CUBE-GNSS1.6.0.0
2023-11-05 00:43:50,649 [WARN] PackLoader:240 - Cannot read IP mode file for STMicroelectronics.X-CUBE-AZRTOS-F4.1.1.0
2023-11-05 00:43:50,654 [WARN] PackLoader:240 - Cannot read IP mode file for wolfSSL.I-CUBE-wolfSSL.5.6.3
2023-11-05 00:43:50,667 [WARN] PackLoader:240 - Cannot read IP mode file for STMicroelectronics.X-CUBE-AZRTOS-L5.2.0.0
2023-11-05 00:43:50,703 [WARN] PackLoader:240 - Cannot read IP mode file for STMicroelectronics.X-CUBE-MEMS1.9.6.0
2023-11-05 00:43:50,912 [WARN] PackLoader:240 - Cannot read IP mode file for STMicroelectronics.X-CUBE-EEPRMA1.4.2.0
2023-11-05 00:43:50,917 [WARN] PackLoader:240 - Cannot read IP mode file for ITTIA_DB.I-CUBE-ITTIADB.8.8.0
2023-11-05 00:43:50,944 [WARN] PackLoader:240 - Cannot read IP mode file for STMicroelectronics.X-CUBE-MEMS1.7.2.0
2023-11-05 00:43:51,028 [WARN] ConditionMgr:438 - getConditionDescription Invalid condition id : UX DEVICE CLASS RTOS Condition cause : null
2023-11-05 00:43:51,029 [WARN] ConditionMgr:438 - getConditionDescription Invalid condition id : UX DEVICE CLASS RTOS Condition cause : null
2023-11-05 00:43:51,031 [WARN] PackLoader:240 - Cannot read IP mode file for STMicroelectronics.X-CUBE-AZRTOS-H7.3.1.0
2023-11-05 00:43:51,032 [WARN] ConditionMgr:1039 - genDependencies : Invalid condition id : UX DEVICE CLASS RTOS Condition cause : null
2023-11-05 00:43:51,032 [WARN] ConditionMgr:1039 - genDependencies : Invalid condition id : UX DEVICE CLASS RTOS Condition cause : null
2023-11-05 00:43:51,032 [WARN] ConditionMgr:1039 - genDependencies : Invalid condition id : UX DEVICE CLASS RTOS Condition cause : null
2023-11-05 00:43:51,032 [WARN] ConditionMgr:1039 - genDependencies : Invalid condition id : UX DEVICE CLASS RTOS Condition cause : null
2023-11-05 00:43:51,032 [WARN] ConditionMgr:1039 - genDependencies : Invalid condition id : UX DEVICE CLASS RTOS Condition cause : null
2023-11-05 00:43:51,037 [WARN] PackLoader:240 - Cannot read IP mode file for STMicroelectronics.X-CUBE-NFC7.1.0.1
2023-11-05 00:43:51,041 [WARN] PackLoader:240 - Cannot read IP mode file for STMicroelectronics.X-CUBE-NFC6.3.0.0
2023-11-05 00:43:51,046 [WARN] PackLoader:240 - Cannot read IP mode file for STMicroelectronics.X-CUBE-AI.8.1.0
2023-11-05 00:43:51,075 [WARN] ConditionMgr:438 - getConditionDescription Invalid condition id : LAN8742 Phy interface Condition cause : null
2023-11-05 00:43:51,075 [WARN] PackLoader:240 - Cannot read IP mode file for STMicroelectronics.X-CUBE-AZRTOS-L4.2.0.0
2023-11-05 00:43:51,076 [WARN] ConditionMgr:1039 - genDependencies : Invalid condition id : LAN8742 Phy interface Condition cause : null
2023-11-05 00:43:51,076 [WARN] ConditionMgr:1039 - genDependencies : Invalid condition id : LAN8742 Phy interface Condition cause : null
2023-11-05 00:43:51,076 [WARN] ConditionMgr:1039 - genDependencies : Invalid condition id : LAN8742 Phy interface Condition cause : null
2023-11-05 00:43:51,082 [WARN] PackLoader:240 - Cannot read IP mode file for STMicroelectronics.X-CUBE-SFXS2LP1.4.0.0
2023-11-05 00:43:51,085 [WARN] PackLoader:240 - Cannot read IP mode file for STMicroelectronics.X-CUBE-ISPU.1.1.0
2023-11-05 00:43:51,094 [WARN] ConditionMgr:438 - getConditionDescription Invalid condition id : UX DEVICE CLASS RTOS Condition cause : null
2023-11-05 00:43:51,094 [WARN] ConditionMgr:438 - getConditionDescription Invalid condition id : UX DEVICE CLASS RTOS Condition cause : null
2023-11-05 00:43:51,096 [WARN] PackLoader:240 - Cannot read IP mode file for STMicroelectronics.X-CUBE-AZRTOS-WB.2.0.0
2023-11-05 00:43:51,097 [WARN] ConditionMgr:1039 - genDependencies : Invalid condition id : UX DEVICE CLASS RTOS Condition cause : null
2023-11-05 00:43:51,097 [WARN] ConditionMgr:1039 - genDependencies : Invalid condition id : UX DEVICE CLASS RTOS Condition cause : null
2023-11-05 00:43:51,097 [WARN] ConditionMgr:1039 - genDependencies : Invalid condition id : UX DEVICE CLASS RTOS Condition cause : null
2023-11-05 00:43:51,097 [WARN] ConditionMgr:1039 - genDependencies : Invalid condition id : UX DEVICE CLASS RTOS Condition cause : null
2023-11-05 00:43:51,097 [WARN] ConditionMgr:1039 - genDependencies : Invalid condition id : UX DEVICE CLASS RTOS Condition cause : null
2023-11-05 00:43:51,101 [WARN] PackLoader:240 - Cannot read IP mode file for STMicroelectronics.X-CUBE-FREERTOS.1.0.1
2023-11-05 00:43:51,147 [WARN] PackLoader:240 - Cannot read IP mode file for STMicroelectronics.X-CUBE-MEMS1.9.0.0
2023-11-05 00:43:51,278 [WARN] PackLoader:240 - Cannot read IP mode file for STMicroelectronics.X-CUBE-SUBG2.5.0.0
2023-11-05 00:43:51,289 [WARN] PackLoader:240 - Cannot read IP mode file for STMicroelectronics.X-CUBE-TOF1.3.3.1
2023-11-05 00:43:51,305 [WARN] PackLoader:240 - Cannot read IP mode file for STMicroelectronics.X-CUBE-AZRTOS-G4.2.0.0
2023-11-05 00:43:51,316 [WARN] PackLoader:240 - Cannot read IP mode file for Infineon.AIROC-Wi-Fi-Bluetooth-STM32.1.5.1
2023-11-05 00:43:51,359 [WARN] PackLoader:240 - Cannot read IP mode file for STMicroelectronics.X-CUBE-MEMS1.10.0.0
2023-11-05 00:43:51,542 [WARN] PackLoader:240 - Cannot read IP mode file for STMicroelectronics.X-CUBE-FREERTOS.1.1.0
2023-11-05 00:43:51,579 [WARN] PackLoader:240 - Cannot read IP mode file for portGmbH.I-Cube-SoM-uGOAL.1.1.0
2023-11-05 00:43:51,588 [WARN] PackLoader:240 - Cannot read IP mode file for STMicroelectronics.X-CUBE-ALS.1.0.1
2023-11-05 00:43:51,594 [WARN] PackLoader:240 - Cannot read IP mode file for STMicroelectronics.FP-ATR-ASTRA1.2.0.0
2023-11-05 00:43:51,594 [INFO] ThirdParty:978 - Integrity check success = true
2023-11-05 00:43:51,594 [INFO] IntegrityCheckThread:100 - exiting critical section [integrity check]
2023-11-05 00:43:51,594 [INFO] IntegrityCheckThread:103 - End integrity checks thread
2023-11-05 00:44:05,013 [ERROR] LogOutputStream:75 - [STDERR_REDIRECT] SLF4J: Failed to load class "org.slf4j.impl.StaticLoggerBinder".
2023-11-05 00:44:05,013 [ERROR] LogOutputStream:75 - [STDERR_REDIRECT] SLF4J: Defaulting to no-operation (NOP) logger implementation
2023-11-05 00:44:05,014 [ERROR] LogOutputStream:75 - [STDERR_REDIRECT] SLF4J: See http://www.slf4j.org/codes.html#StaticLoggerBinder for further details.
2023-11-05 11:42:04,483 [INFO] McuFinderGlobals:63 - Set McuFinder mode to 2 (CubeIDE integrated)
2023-11-05 11:42:07,125 [INFO] MainUpdater:2868 - connection check result : 10
2023-11-05 11:42:07,141 [INFO] MainUpdater:2868 - connection check result : 10
2023-11-05 11:42:07,346 [INFO] MicroXplorer:468 - Change Database Path : 
2023-11-05 11:42:07,347 [INFO] MicroXplorer:498 - Change Database Version : DB.6.0.92
2023-11-05 11:42:07,357 [WARN] ThirdParty:871 - waiting for thirdparty lock release [close project]
2023-11-05 11:42:07,357 [INFO] ThirdParty:873 - entering critical section [close project]
2023-11-05 11:42:07,377 [INFO] ThirdParty:883 - exiting critical section [close project]
2023-11-05 11:42:07,380 [INFO] PinOutPanel:1499 - setPackage(No Configuration,No Configuration)
2023-11-05 11:42:07,402 [INFO] UtilMem:75 - Begin LoadConfig() Used Memory: 193957472 Bytes (458227712)
2023-11-05 11:42:07,403 [INFO] MicroXplorer:468 - Change Database Path : 
2023-11-05 11:42:07,403 [INFO] MicroXplorer:498 - Change Database Version : DB.6.0.92
2023-11-05 11:42:07,403 [INFO] OpenFileManager:308 - Change cursor
2023-11-05 11:42:07,456 [INFO] Mcu:1946 - Initializing MCU STM32F407V(E-G)Tx STM32F407VGTx STM32F407VGT6
2023-11-05 11:42:09,273 [INFO] Context:659 - Trying to add GPIOservice into a context  which must be forbidden
2023-11-05 11:42:09,998 [INFO] RtosManager:555 - Registered RTOS mode: class=CMSIS, group=RTOS, mode=CMSIS_V1, owner=FREERTOS
2023-11-05 11:42:09,998 [INFO] RtosManager:555 - Registered RTOS mode: class=CMSIS, group=RTOS2, mode=CMSIS_V2, owner=FREERTOS
2023-11-05 11:42:09,998 [INFO] RtosManager:555 - Registered RTOS mode: class=RTOS, group=Core, mode=CMSIS_V1, owner=FREERTOS
2023-11-05 11:42:09,998 [INFO] RtosManager:555 - Registered RTOS mode: class=RTOS, group=Core, mode=CMSIS_V2, owner=FREERTOS
2023-11-05 11:42:09,998 [WARN] ModelIntegratedComponent:184 - Missing modes for component STMicroelectronics:FreeRTOS:0.0.1:STMicroelectronics:RTOS:FreeRTOS:Core:::10.2.0:
2023-11-05 11:42:10,028 [WARN] ModelIntegratedComponent:63 - No mode defined for component null
2023-11-05 11:42:10,028 [WARN] ModelIntegratedComponent:63 - No mode defined for component null
2023-11-05 11:42:10,028 [WARN] ModelIntegratedComponent:63 - No mode defined for component null
2023-11-05 11:42:10,029 [WARN] ModelIntegratedComponent:63 - No mode defined for component null
2023-11-05 11:42:10,029 [WARN] ModelIntegratedComponent:63 - No mode defined for component null
2023-11-05 11:42:10,029 [WARN] ModelIntegratedComponent:63 - No mode defined for component null
2023-11-05 11:42:10,029 [WARN] ModelIntegratedComponent:63 - No mode defined for component null
2023-11-05 11:42:10,029 [WARN] ModelIntegratedComponent:63 - No mode defined for component null
2023-11-05 11:42:10,029 [WARN] ModelIntegratedComponent:63 - No mode defined for component null
2023-11-05 11:42:10,029 [WARN] ModelIntegratedComponent:63 - No mode defined for component null
2023-11-05 11:42:10,029 [WARN] ModelIntegratedComponent:63 - No mode defined for component null
2023-11-05 11:42:10,029 [WARN] ModelIntegratedComponent:63 - No mode defined for component null
2023-11-05 11:42:10,029 [WARN] ModelIntegratedComponent:63 - No mode defined for component null
2023-11-05 11:42:10,029 [WARN] ModelIntegratedComponent:63 - No mode defined for component null
2023-11-05 11:42:10,029 [WARN] ModelIntegratedComponent:63 - No mode defined for component null
2023-11-05 11:42:10,029 [WARN] ModelIntegratedComponent:63 - No mode defined for component null
2023-11-05 11:42:10,029 [WARN] ModelIntegratedComponent:63 - No mode defined for component null
2023-11-05 11:42:10,029 [WARN] ModelIntegratedComponent:63 - No mode defined for component null
2023-11-05 11:42:10,029 [WARN] ModelIntegratedComponent:63 - No mode defined for component null
2023-11-05 11:42:10,029 [WARN] ModelIntegratedComponent:63 - No mode defined for component null
2023-11-05 11:42:10,030 [WARN] ModelIntegratedComponent:63 - No mode defined for component null
2023-11-05 11:42:10,030 [WARN] ModelIntegratedComponent:63 - No mode defined for component null
2023-11-05 11:42:10,030 [WARN] ModelIntegratedComponent:63 - No mode defined for component null
2023-11-05 11:42:10,030 [WARN] ModelIntegratedComponent:63 - No mode defined for component null
2023-11-05 11:42:10,030 [WARN] ModelIntegratedComponent:63 - No mode defined for component null
2023-11-05 11:42:10,030 [WARN] ModelIntegratedComponent:63 - No mode defined for component null
2023-11-05 11:42:10,030 [WARN] ModelIntegratedComponent:63 - No mode defined for component null
2023-11-05 11:42:10,030 [WARN] ModelIntegratedComponent:63 - No mode defined for component null
2023-11-05 11:42:10,030 [WARN] ModelIntegratedComponent:63 - No mode defined for component null
2023-11-05 11:42:10,030 [WARN] ModelIntegratedComponent:63 - No mode defined for component null
2023-11-05 11:42:10,030 [WARN] ModelIntegratedComponent:63 - No mode defined for component null
2023-11-05 11:42:10,030 [WARN] ModelIntegratedComponent:63 - No mode defined for component null
2023-11-05 11:42:10,030 [WARN] ModelIntegratedComponent:63 - No mode defined for component null
2023-11-05 11:42:10,129 [INFO] ThirdPartyModel:298 - Start build external matchings
2023-11-05 11:42:10,964 [INFO] ThirdPartyModel:316 - End build external matchings
2023-11-05 11:42:10,985 [INFO] ImportTextPane:194 - (OptionalMessage_ERROR) IP (RCC) : Parameter (RTCHSEDivFreq_Value) has invalid value (4000000)
2023-11-05 11:42:11,259 [INFO] UtilMem:75 - End LoadConfig() Used Memory: 233066864 Bytes (617611264)
2023-11-05 11:42:11,382 [INFO] ApiDb:581 - Connected to CubeFinder SQLite database (C:\Users\zafee\.stmcufinder\plugins\mcufinder\mcu\cube-finder-db.db)
2023-11-05 11:42:11,458 [INFO] ApiDb:668 - CubeFinder database Data Model version=2.1
2023-11-05 11:42:11,458 [INFO] ApiDb:669 - CubeFinder database Configuration version=3.0.37
2023-11-05 11:42:11,460 [INFO] ApiDb:670 - CubeFinder database generation date=2023-10-13 (1697197505)
2023-11-05 11:42:11,461 [INFO] ApiDb:671 - CubeFinder database FW Pack versions=[FP-ATR-ASTRA1_V2.0.0, FP-SNS-FLIGHT1_V5.0.1, FP-SNS-FLIGHT1_V5.0.2, FP-SNS-MOTENV1_V4.3.1, FP-SNS-MOTENV1_V4.3.2, FP-SNS-SMARTAG2_V1.2.0, I-CUBE-ITTIADB_V8.6.3-1, STM32Cube_FW_C0_V1.1.0, STM32Cube_FW_F4_V1.27.1, STM32Cube_FW_F7_V1.17.0, STM32Cube_FW_G0_V1.6.1, STM32Cube_FW_G4_V1.5.1, STM32Cube_FW_H5_V0.5.1, STM32Cube_FW_H5_V1.1.1, STM32Cube_FW_H7_V1.11.0, STM32Cube_FW_L0_V1.12.2, STM32Cube_FW_L5_V1.5.0, STM32Cube_FW_U5_V1.3.0, STM32Cube_FW_U5_V1.3.0RC4, STM32Cube_FW_WBA_V1.0.0RC1, STM32Cube_FW_WBA_V1.1.0RC1, STM32Cube_FW_WBA_V1.1.1, STM32Cube_FW_WB_V1.15.0RC1, STM32Cube_FW_WB_V1.16.0, STM32Cube_FW_WB_V1.16.0RC2, STM32Cube_FW_WB_V1.17.3, STM32Cube_FW_WL_V1.3.0, X-CUBE-ALGOBUILD_V1.3.0, X-CUBE-ALS_V1.0.1, X-CUBE-AZRTOS-F4_V1.1.0, X-CUBE-AZRTOS-F7_V1.1.0, X-CUBE-AZRTOS-G0_V1.1.0, X-CUBE-AZRTOS-G4_V2.0.0, X-CUBE-AZRTOS-H7_V3.1.0, X-CUBE-AZRTOS-L4_V1.0.0, X-CUBE-AZRTOS-L4_V2.0.0, X-CUBE-AZRTOS-L5_V1.1.0, X-CUBE-AZRTOS-WB_V2.0.0, X-CUBE-AZRTOS-WL_V2.0.0, X-CUBE-BLE1_V7.0.0, X-CUBE-BLE2_V3.3.0, X-CUBE-BLEMGR_V2.0.0, X-CUBE-EEPRMA1_V4.1.0, X-CUBE-FREERTOS_V1.1.0, X-CUBE-GNSS1_V6.0.0, X-CUBE-MEMS1_V10.0.0, X-CUBE-MEMS1_V9.1.0, X-CUBE-MEMS1_V9.4.0, X-CUBE-MEMS1_V9.6.0, X-CUBE-NFC4_V3.0.0, X-CUBE-NFC7_V1.0.1, X-CUBE-SFXS2LP1_V4.0.0, X-CUBE-SUBG2_V5.0.0, X-CUBE-TOF1_V3.3.1]
2023-11-05 11:42:13,547 [INFO] ApiDb:240 - Found 323 in-development CPN: [B-G473E-ZEST1S, B-WB1M-WPAN1, B-WL5M-SUBG1, NUCLEO-C031C6, NUCLEO-H503RB, NUCLEO-H563ZI, NUCLEO-U545RE-Q, NUCLEO-U5A5ZJ-Q, NUCLEO-WBA52CG, STEVAL-PROTEUS1, STEVAL-SMARTAG2, STEVAL-STWINBX1, STM320518-EVAL, STM32C0116-DK, STM32C011D6Y3TR, STM32C011D6Y6TR, STM32C011F4P3, STM32C011F4P6, STM32C011F4U3, STM32C011F4U6TR, STM32C011F6P3, STM32C011F6P6, STM32C011F6U3, STM32C011F6U6TR, STM32C011J4M3, STM32C011J4M6, STM32C011J6M3, STM32C011J6M6, STM32C0316-DK, STM32C031C4T3, STM32C031C4T6, STM32C031C4U3, STM32C031C4U6, STM32C031C6T3, STM32C031C6T6, STM32C031C6U3, STM32C031C6U6, STM32C031F4P3, STM32C031F4P6, STM32C031F6P3, STM32C031F6P6, STM32C031G4U3, STM32C031G4U6, STM32C031G6U3, STM32C031G6U6, STM32C031K4T3, STM32C031K4T6, STM32C031K4U3, STM32C031K4U6, STM32C031K6T3, STM32C031K6T6, STM32C031K6U3, STM32C031K6U6, STM32G071K8TXN, STM32G071K8UXN, STM32G081GBU6N, STM32G081KBT6N, STM32G081KBUXN, STM32G0B1CCT6N, STM32G0B1KCT6, STM32G0B1NEY6TR, STM32G0B1RCT6N, STM32G0C1CCT6, STM32G0C1CCT6N, STM32G0C1CCU6N, STM32G0C1CET6N, STM32G0C1CEU6N, STM32G0C1KCT6, STM32G0C1NEY6TR, STM32G0C1RCI6N, STM32G0C1RCT6N, STM32G0C1REI6N, STM32G0C1RET6N, STM32G0C1VCI6, STM32G0C1VEI6, STM32G471CCT6, STM32G471CCU6, STM32G471CET3, STM32G471CET6, STM32G471CEU3, STM32G471CEU6, STM32G471MCT6, STM32G471MET3, STM32G471MET6, STM32G471MEY6TR, STM32G471QCT6, STM32G471QET3, STM32G471RCT6, STM32G471RET3, STM32G471RET6, STM32G471VCH6, STM32G471VCI6, STM32G471VCT6, STM32G471VEH3, STM32G471VEH6, STM32G471VEI3, STM32G471VEI6, STM32G471VET3, STM32G471VET6, STM32G474CCT6, STM32H503CBT6, STM32H503CBU6, STM32H503EBY6TR, STM32H503KBU6, STM32H503RBT6, STM32H562AGI6, STM32H562AII6, STM32H562IGK6, STM32H562IGT6, STM32H562IIK6, STM32H562IIT6, STM32H562RGT6, STM32H562RGV6, STM32H562RIT6, STM32H562RIV6, STM32H562VGT6, STM32H562VIT6, STM32H562ZGT6, STM32H562ZIT6, STM32H563AGI6, STM32H563AII3Q, STM32H563AII6, STM32H563IGK6, STM32H563IGT6, STM32H563IIK3Q, STM32H563IIK6, STM32H563IIT3Q, STM32H563IIT6, STM32H563MIY3QTR, STM32H563RGT6, STM32H563RGV6, STM32H563RIT6, STM32H563RIV6, STM32H563VGT6, STM32H563VIT3Q, STM32H563VIT6, STM32H563ZGT6, STM32H563ZIT3Q, STM32H563ZIT6, STM32H573AII3Q, STM32H573AII6, STM32H573I-DK, STM32H573IIK3Q, STM32H573IIK6, STM32H573IIT3Q, STM32H573IIT6, STM32H573MIY3QTR, STM32H573RIT6, STM32H573RIV6, STM32H573VIT3Q, STM32H573VIT6, STM32H573ZIT3Q, STM32H573ZIT6, STM32L4R5QGI6STR, STM32MP131AAE3, STM32MP131AAF3, STM32MP131AAG3, STM32MP131CAE3, STM32MP131CAF3, STM32MP131CAG3, STM32MP131DAE7, STM32MP131DAF7, STM32MP131DAG7, STM32MP131FAE7, STM32MP131FAF7, STM32MP131FAG7, STM32MP133AAE3, STM32MP133AAF3, STM32MP133AAG3, STM32MP133CAE3, STM32MP133CAF3, STM32MP133CAG3, STM32MP133DAE7, STM32MP133DAF7, STM32MP133DAG7, STM32MP133FAE7, STM32MP133FAF7, STM32MP133FAG7, STM32MP135AAE3, STM32MP135AAF3, STM32MP135AAG3, STM32MP135CAE3, STM32MP135CAF3, STM32MP135CAG3, STM32MP135DAE7, STM32MP135DAF7, STM32MP135DAG7, STM32MP135F-DK, STM32MP135FAE7, STM32MP135FAF7, STM32MP135FAF7T, STM32MP135FAF7U, STM32MP135FAG7, STM32U535CBT6, STM32U535CBT6Q, STM32U535CBU6, STM32U535CBU6Q, STM32U535CCT6, STM32U535CCT6Q, STM32U535CCU6, STM32U535CCU6Q, STM32U535CET6, STM32U535CET6Q, STM32U535CEU6, STM32U535CEU6Q, STM32U535JEY6QTR, STM32U535NCY6QTR, STM32U535NEY6QTR, STM32U535RBI6, STM32U535RBI6Q, STM32U535RBT6, STM32U535RBT6Q, STM32U535RCI6, STM32U535RCI6Q, STM32U535RCT6, STM32U535RCT6Q, STM32U535REI6, STM32U535REI6Q, STM32U535RET6, STM32U535RET6Q, STM32U535VCI6, STM32U535VCI6Q, STM32U535VCT6, STM32U535VCT6Q, STM32U535VEI6, STM32U535VEI6Q, STM32U535VET6, STM32U535VET6Q, STM32U545CET6, STM32U545CET6Q, STM32U545CEU6, STM32U545CEU6Q, STM32U545JEY6QTR, STM32U545NEY6QTR, STM32U545REI6, STM32U545REI6Q, STM32U545RET6, STM32U545RET6Q, STM32U545VEI6, STM32U545VEI6Q, STM32U545VET6, STM32U545VET6Q, STM32U595AIH6, STM32U595AIH6Q, STM32U595AJH6, STM32U595AJH6Q, STM32U595QII6, STM32U595QII6Q, STM32U595QJI6, STM32U595QJI6Q, STM32U595RIT6, STM32U595RIT6Q, STM32U595RJT6, STM32U595RJT6Q, STM32U595VIT6, STM32U595VIT6Q, STM32U595VJT6, STM32U595VJT6Q, STM32U595ZIT6, STM32U595ZIT6Q, STM32U595ZIY6QTR, STM32U595ZJT6, STM32U595ZJT6Q, STM32U595ZJY6QTR, STM32U599BJY6QTR, STM32U599NIH6Q, STM32U599NJH6Q, STM32U599VIT6Q, STM32U599VJT6, STM32U599VJT6Q, STM32U599ZIT6Q, STM32U599ZIY6QTR, STM32U599ZJT6Q, STM32U599ZJY6QTR, STM32U5A5AJH6, STM32U5A5AJH6Q, STM32U5A5QJI6, STM32U5A5QJI6Q, STM32U5A5RJT6, STM32U5A5RJT6Q, STM32U5A5VJT6, STM32U5A5VJT6Q, STM32U5A5ZJT6, STM32U5A5ZJT6Q, STM32U5A5ZJY6QTR, STM32U5A9BJY6QTR, STM32U5A9J-DK, STM32U5A9NJH6Q, STM32U5A9VJT6Q, STM32U5A9ZJT6Q, STM32U5A9ZJY6QTR, STM32U5F7VIT6, STM32U5F7VIT6Q, STM32U5F7VJT6, STM32U5F7VJT6Q, STM32U5F9BJY6QTR, STM32U5F9NJH6Q, STM32U5F9VIT6Q, STM32U5F9VJT6Q, STM32U5F9ZIJ6QTR, STM32U5F9ZIT6Q, STM32U5F9ZJJ6QTR, STM32U5F9ZJT6Q, STM32U5G7VJT6, STM32U5G7VJT6Q, STM32U5G9BJY6QTR, STM32U5G9J-DK1, STM32U5G9J-DK2, STM32U5G9NJH6Q, STM32U5G9VJT6Q, STM32U5G9ZJJ6QTR, STM32U5G9ZJT6Q, STM32WB1MMCH6, STM32WBA52CEU6, STM32WBA52CEU6T, STM32WBA52CGU6, STM32WBA52CGU6T, STM32WBA52KEU6, STM32WBA52KEU6T, STM32WBA52KGU6, STM32WBA52KGU6T, STM32WL5MOCH6, STM32WL5MOCH6TR]
2023-11-05 11:42:13,551 [INFO] DbMcus:217 - Found 3848 MCUs, 3848 are supported
2023-11-05 11:42:13,552 [INFO] ApiDb:423 - Load user favorites file C:\Users\zafee/.stm32cubeide/favorites.mcus.txt: 0 item(s)
2023-11-05 11:42:13,552 [INFO] ApiDb:427 - User favorites MCUs=[]
2023-11-05 11:42:13,553 [INFO] DbMcus:223 - Set 0 / 0 favorites MCUs
2023-11-05 11:42:13,830 [WARN] ThirdParty:833 - waiting for thirdparty lock release [change project]
2023-11-05 11:42:13,830 [INFO] ThirdParty:835 - entering critical section [change project]
2023-11-05 11:42:13,830 [INFO] ThirdParty:1030 - CMSIS Pack Vendor :STMicroelectronics X-CUBE-ISPU 1.1.0
2023-11-05 11:42:13,830 [INFO] ThirdParty:1030 - CMSIS Pack Vendor :STMicroelectronics USBPD 4.1
2023-11-05 11:42:13,830 [INFO] ThirdParty:1030 - CMSIS Pack Vendor :STMicroelectronics X-CUBE-GNSS1 6.0.0
2023-11-05 11:42:13,830 [INFO] ThirdParty:1030 - CMSIS Pack Vendor :STMicroelectronics USB_HOST 2.0.0
2023-11-05 11:42:13,830 [INFO] ThirdParty:1030 - CMSIS Pack Vendor :STMicroelectronics X-CUBE-AZRTOS-F4 1.1.0
2023-11-05 11:42:13,830 [INFO] ThirdParty:1030 - CMSIS Pack Vendor :STMicroelectronics LIBJPEG 8.0.0
2023-11-05 11:42:13,831 [INFO] ThirdParty:1030 - CMSIS Pack Vendor :wolfSSL I-CUBE-wolfSSL 5.6.3
2023-11-05 11:42:13,831 [INFO] ThirdParty:1030 - CMSIS Pack Vendor :STMicroelectronics X-CUBE-SMBUS 2.1.0
2023-11-05 11:42:13,831 [INFO] ThirdParty:1030 - CMSIS Pack Vendor :STMicroelectronics USB_DEVICE 3.0.0
2023-11-05 11:42:13,831 [INFO] ThirdParty:1030 - CMSIS Pack Vendor :STMicroelectronics X-CUBE-AZRTOS-WB 2.0.0
2023-11-05 11:42:13,831 [INFO] ThirdParty:1030 - CMSIS Pack Vendor :STMicroelectronics X-CUBE-FREERTOS 1.0.1
2023-11-05 11:42:13,831 [INFO] ThirdParty:1030 - CMSIS Pack Vendor :STMicroelectronics X-CUBE-TOUCHGFX 4.21.0
2023-11-05 11:42:13,831 [INFO] ThirdParty:1030 - CMSIS Pack Vendor :STMicroelectronics X-CUBE-MEMS1 9.0.0
2023-11-05 11:42:13,831 [INFO] ThirdParty:1030 - CMSIS Pack Vendor :STMicroelectronics X-CUBE-AZRTOS-F7 1.1.0
2023-11-05 11:42:13,831 [INFO] ThirdParty:1030 - CMSIS Pack Vendor :STMicroelectronics X-CUBE-AZRTOS-L5 2.0.0
2023-11-05 11:42:13,831 [INFO] ThirdParty:1030 - CMSIS Pack Vendor :STMicroelectronics USB_DEVICE 2.0.0
2023-11-05 11:42:13,831 [INFO] ThirdParty:1030 - CMSIS Pack Vendor :STMicroelectronics X-CUBE-MEMS1 9.6.0
2023-11-05 11:42:13,831 [INFO] ThirdParty:1030 - CMSIS Pack Vendor :STMicroelectronics X-CUBE-EEPRMA1 4.2.0
2023-11-05 11:42:13,831 [INFO] ThirdParty:1030 - CMSIS Pack Vendor :ITTIA_DB I-CUBE-ITTIADB 8.8.0
2023-11-05 11:42:13,831 [INFO] ThirdParty:1030 - CMSIS Pack Vendor :STMicroelectronics FP-SNS-MOTENV1 4.3.2
2023-11-05 11:42:13,831 [INFO] ThirdParty:1030 - CMSIS Pack Vendor :STMicroelectronics X-CUBE-ALGOBUILD 1.3.0
2023-11-05 11:42:13,831 [INFO] ThirdParty:1030 - CMSIS Pack Vendor :STMicroelectronics FreeRTOS 0.0.1
2023-11-05 11:42:13,832 [INFO] ThirdParty:1030 - CMSIS Pack Vendor :STMicroelectronics X-CUBE-AZRTOS-G0 1.1.0
2023-11-05 11:42:13,832 [INFO] ThirdParty:1030 - CMSIS Pack Vendor :STMicroelectronics X-CUBE-NFC4 3.0.0
2023-11-05 11:42:13,832 [INFO] ThirdParty:1030 - CMSIS Pack Vendor :STMicroelectronics X-CUBE-SUBG2 5.0.0
2023-11-05 11:42:13,832 [INFO] ThirdParty:1030 - CMSIS Pack Vendor :STMicroelectronics STM32_WPAN 1.0.0
2023-11-05 11:42:13,832 [INFO] ThirdParty:1030 - CMSIS Pack Vendor :STMicroelectronics lwIP 2.0.3
2023-11-05 11:42:13,832 [INFO] ThirdParty:1030 - CMSIS Pack Vendor :STMicroelectronics FP-SNS-FLIGHT1 5.0.2
2023-11-05 11:42:13,832 [INFO] ThirdParty:1030 - CMSIS Pack Vendor :STMicroelectronics X-CUBE-BLE2 3.2.2
2023-11-05 11:42:13,832 [INFO] ThirdParty:1030 - CMSIS Pack Vendor :STMicroelectronics USB_HOST 1.0.0
2023-11-05 11:42:13,832 [INFO] ThirdParty:1030 - CMSIS Pack Vendor :STMicroelectronics X-CUBE-TOF1 3.3.1
2023-11-05 11:42:13,832 [INFO] ThirdParty:1030 - CMSIS Pack Vendor :STMicroelectronics X-CUBE-AZRTOS-G4 2.0.0
2023-11-05 11:42:13,832 [INFO] ThirdParty:1030 - CMSIS Pack Vendor :STMicroelectronics PDM2PCM 3.1.0
2023-11-05 11:42:13,832 [INFO] ThirdParty:1030 - CMSIS Pack Vendor :STMicroelectronics X-CUBE-MEMS1 7.2.0
2023-11-05 11:42:13,832 [INFO] ThirdParty:1030 - CMSIS Pack Vendor :STMicroelectronics X-CUBE-AZRTOS-H7 3.1.0
2023-11-05 11:42:13,832 [INFO] ThirdParty:1030 - CMSIS Pack Vendor :Infineon AIROC-Wi-Fi-Bluetooth-STM32 1.5.1
2023-11-05 11:42:13,832 [INFO] ThirdParty:1030 - CMSIS Pack Vendor :STMicroelectronics X-CUBE-BLEMGR 3.0.0
2023-11-05 11:42:13,832 [INFO] ThirdParty:1030 - CMSIS Pack Vendor :STMicroelectronics PDM2PCM 3.3.0
2023-11-05 11:42:13,832 [INFO] ThirdParty:1030 - CMSIS Pack Vendor :STMicroelectronics X-CUBE-DISPLAY 3.0.0
2023-11-05 11:42:13,832 [INFO] ThirdParty:1030 - CMSIS Pack Vendor :STMicroelectronics X-CUBE-BLE1 7.0.0
2023-11-05 11:42:13,832 [INFO] ThirdParty:1030 - CMSIS Pack Vendor :STMicroelectronics FP-ATR-SIGFOX1 3.2.0
2023-11-05 11:42:13,832 [INFO] ThirdParty:1030 - CMSIS Pack Vendor :STMicroelectronics HAL Drivers 0.0.0
2023-11-05 11:42:13,832 [INFO] ThirdParty:1030 - CMSIS Pack Vendor :STMicroelectronics MBEDTLS 2.16.2
2023-11-05 11:42:13,832 [INFO] ThirdParty:1030 - CMSIS Pack Vendor :emotas I-CUBE-CANOPEN 1.3.0
2023-11-05 11:42:13,832 [INFO] ThirdParty:1030 - CMSIS Pack Vendor :STMicroelectronics X-CUBE-MEMS1 10.0.0
2023-11-05 11:42:13,832 [INFO] ThirdParty:1030 - CMSIS Pack Vendor :STMicroelectronics X-CUBE-FREERTOS 1.1.0
2023-11-05 11:42:13,832 [INFO] ThirdParty:1030 - CMSIS Pack Vendor :STMicroelectronics X-CUBE-TOUCHGFX 4.22.0
2023-11-05 11:42:13,833 [INFO] ThirdParty:1030 - CMSIS Pack Vendor :STMicroelectronics X-CUBE-NFC7 1.0.1
2023-11-05 11:42:13,833 [INFO] ThirdParty:1030 - CMSIS Pack Vendor :STMicroelectronics MBEDTLS 2.14.1
2023-11-05 11:42:13,833 [INFO] ThirdParty:1030 - CMSIS Pack Vendor :STMicroelectronics X-CUBE-TOUCHGFX 4.22.1
2023-11-05 11:42:13,833 [INFO] ThirdParty:1030 - CMSIS Pack Vendor :STMicroelectronics X-CUBE-NFC6 3.0.0
2023-11-05 11:42:13,833 [INFO] ThirdParty:1030 - CMSIS Pack Vendor :portGmbH I-Cube-SoM-uGOAL 1.1.0
2023-11-05 11:42:13,833 [INFO] ThirdParty:1030 - CMSIS Pack Vendor :STMicroelectronics X-CUBE-ALS 1.0.1
2023-11-05 11:42:13,833 [INFO] ThirdParty:1030 - CMSIS Pack Vendor :STMicroelectronics ThreadX 1.0.0
2023-11-05 11:42:13,833 [INFO] ThirdParty:1030 - CMSIS Pack Vendor :STMicroelectronics FP-SNS-SMARTAG2 1.2.0
2023-11-05 11:42:13,833 [INFO] ThirdParty:1030 - CMSIS Pack Vendor :STMicroelectronics X-CUBE-AZRTOS-WL 2.0.0
2023-11-05 11:42:13,833 [INFO] ThirdParty:1030 - CMSIS Pack Vendor :STMicroelectronics USB_DEVICE 1.0.0
2023-11-05 11:42:13,833 [INFO] ThirdParty:1030 - CMSIS Pack Vendor :STMicroelectronics X-CUBE-AI 8.1.0
2023-11-05 11:42:13,833 [INFO] ThirdParty:1030 - CMSIS Pack Vendor :STMicroelectronics X-CUBE-AZRTOS-L4 2.0.0
2023-11-05 11:42:13,833 [INFO] ThirdParty:1030 - CMSIS Pack Vendor :STMicroelectronics ThreadX 0.0.2
2023-11-05 11:42:13,833 [INFO] ThirdParty:1030 - CMSIS Pack Vendor :WES I-CUBE-Cesium 1.3.0
2023-11-05 11:42:13,833 [INFO] ThirdParty:1030 - CMSIS Pack Vendor :STMicroelectronics FP-ATR-ASTRA1 2.0.0
2023-11-05 11:42:13,833 [INFO] ThirdParty:1030 - CMSIS Pack Vendor :STMicroelectronics lwIP 2.1.2
2023-11-05 11:42:13,833 [INFO] ThirdParty:1030 - CMSIS Pack Vendor :STMicroelectronics X-CUBE-SFXS2LP1 4.0.0
2023-11-05 11:42:13,833 [INFO] ThirdParty:1030 - CMSIS Pack Vendor :STMicroelectronics X-CUBE-BLE2 3.3.0
2023-11-05 11:42:13,833 [INFO] ThirdParty:1030 - CMSIS Pack Vendor :STMicroelectronics PDM2PCM 3.2.0
2023-11-05 11:42:13,834 [INFO] ThirdParty:841 - exiting critical section [change project]
2023-11-05 11:42:14,190 [INFO] PinOutPanel:1499 - setPackage(No Configuration,No Configuration)
2023-11-05 11:42:14,192 [INFO] PinOutPanel:1499 - setPackage(STM32F407VGTx,LQFP100)
2023-11-05 11:42:14,693 [INFO] UtilMem:75 - Before build in PCC Used Memory: 290082808 Bytes (617611264)
2023-11-05 11:42:15,292 [INFO] UtilMem:75 - After build in PCC Used Memory: 382591008 Bytes (617611264)
2023-11-05 11:42:15,329 [INFO] IPUIPlugin:80 - create IPUIPlugin
2023-11-05 11:42:15,329 [INFO] IPUIPlugin:80 - create IPUIPlugin
2023-11-05 11:42:15,329 [INFO] IPUIPlugin:80 - create IPUIPlugin
2023-11-05 11:42:15,329 [INFO] IPUIPlugin:80 - create IPUIPlugin
2023-11-05 11:42:15,329 [INFO] IPUIPlugin:80 - create IPUIPlugin
2023-11-05 11:42:15,329 [INFO] IPUIPlugin:80 - create IPUIPlugin
2023-11-05 11:42:15,329 [INFO] IPUIPlugin:80 - create IPUIPlugin
2023-11-05 11:42:15,329 [INFO] IPUIPlugin:80 - create IPUIPlugin
2023-11-05 11:42:15,329 [INFO] IPUIPlugin:80 - create IPUIPlugin
2023-11-05 11:42:15,329 [INFO] IPUIPlugin:80 - create IPUIPlugin
2023-11-05 11:42:15,329 [INFO] IPUIPlugin:80 - create IPUIPlugin
2023-11-05 11:42:15,330 [INFO] IPUIPlugin:80 - create IPUIPlugin
2023-11-05 11:42:15,330 [INFO] IPUIPlugin:80 - create IPUIPlugin
2023-11-05 11:42:15,330 [INFO] IPUIPlugin:80 - create IPUIPlugin
2023-11-05 11:42:15,330 [INFO] IPUIPlugin:80 - create IPUIPlugin
2023-11-05 11:42:15,330 [INFO] IPUIPlugin:80 - create IPUIPlugin
2023-11-05 11:42:15,330 [INFO] IPUIPlugin:80 - create IPUIPlugin
2023-11-05 11:42:15,330 [INFO] IPUIPlugin:80 - create IPUIPlugin
2023-11-05 11:42:15,330 [INFO] IPUIPlugin:80 - create IPUIPlugin
2023-11-05 11:42:15,330 [INFO] IPUIPlugin:80 - create IPUIPlugin
2023-11-05 11:42:15,331 [INFO] IPUIPlugin:80 - create IPUIPlugin
2023-11-05 11:42:15,331 [INFO] IPUIPlugin:80 - create IPUIPlugin
2023-11-05 11:42:15,331 [INFO] IPUIPlugin:80 - create IPUIPlugin
2023-11-05 11:42:15,331 [INFO] IPUIPlugin:80 - create IPUIPlugin
2023-11-05 11:42:15,331 [INFO] IPUIPlugin:80 - create IPUIPlugin
2023-11-05 11:42:15,332 [INFO] IPUIPlugin:80 - create IPUIPlugin
2023-11-05 11:42:15,332 [INFO] IPUIPlugin:80 - create IPUIPlugin
2023-11-05 11:42:15,332 [INFO] IPUIPlugin:80 - create IPUIPlugin
2023-11-05 11:42:15,332 [INFO] IPUIPlugin:80 - create IPUIPlugin
2023-11-05 11:42:15,332 [INFO] IPUIPlugin:80 - create IPUIPlugin
2023-11-05 11:42:15,332 [INFO] IPUIPlugin:80 - create IPUIPlugin
2023-11-05 11:42:15,333 [INFO] IPUIPlugin:80 - create IPUIPlugin
2023-11-05 11:42:15,333 [INFO] IPUIPlugin:80 - create IPUIPlugin
2023-11-05 11:42:15,333 [INFO] IPUIPlugin:80 - create IPUIPlugin
2023-11-05 11:42:15,333 [INFO] IPUIPlugin:80 - create IPUIPlugin
2023-11-05 11:42:15,333 [INFO] IPUIPlugin:80 - create IPUIPlugin
2023-11-05 11:42:15,334 [INFO] IPUIPlugin:80 - create IPUIPlugin
2023-11-05 11:42:15,334 [INFO] IPUIPlugin:80 - create IPUIPlugin
2023-11-05 11:42:15,334 [INFO] IPUIPlugin:80 - create IPUIPlugin
2023-11-05 11:42:15,334 [INFO] IPUIPlugin:80 - create IPUIPlugin
2023-11-05 11:42:15,334 [INFO] IPUIPlugin:80 - create IPUIPlugin
2023-11-05 11:42:15,335 [INFO] IPUIPlugin:80 - create IPUIPlugin
2023-11-05 11:42:15,335 [INFO] IPUIPlugin:80 - create IPUIPlugin
2023-11-05 11:42:15,335 [INFO] IPUIPlugin:80 - create IPUIPlugin
2023-11-05 11:42:15,335 [INFO] IPUIPlugin:80 - create IPUIPlugin
2023-11-05 11:42:15,336 [INFO] IPUIPlugin:80 - create IPUIPlugin
2023-11-05 11:42:15,336 [INFO] IPUIPlugin:80 - create IPUIPlugin
2023-11-05 11:42:15,337 [INFO] IPUIPlugin:80 - create IPUIPlugin
2023-11-05 11:42:15,337 [INFO] IPUIPlugin:80 - create IPUIPlugin
2023-11-05 11:42:15,337 [INFO] IPUIPlugin:80 - create IPUIPlugin
2023-11-05 11:42:15,337 [INFO] IPUIPlugin:80 - create IPUIPlugin
2023-11-05 11:42:15,338 [INFO] IPUIPlugin:80 - create IPUIPlugin
2023-11-05 11:42:15,338 [INFO] IPUIPlugin:80 - create IPUIPlugin
2023-11-05 11:42:15,338 [INFO] IPUIPlugin:80 - create IPUIPlugin
2023-11-05 11:42:15,339 [INFO] IPUIPlugin:80 - create IPUIPlugin
2023-11-05 11:42:15,340 [INFO] IPUIPlugin:80 - create IPUIPlugin
2023-11-05 11:42:15,340 [INFO] IPUIPlugin:80 - create IPUIPlugin
2023-11-05 11:42:15,340 [INFO] IPUIPlugin:80 - create IPUIPlugin
2023-11-05 11:42:15,403 [INFO] ApiDbMcu:507 - Load IP Config File for PDM2PCM
2023-11-05 11:42:15,657 [INFO] CADModel:165 - CPN selected for project levelSTM32F407VGT6
2023-11-05 11:42:15,657 [INFO] CADModel:114 - Register for checkConnection events
2023-11-05 11:42:15,707 [INFO] OpenFileManager:328 - Restore cursor
2023-11-05 11:51:22,950 [INFO] UtilMem:75 - End SaveConfig() Used Memory: 367981864 Bytes (617611264)
2023-11-05 11:51:25,236 [INFO] UtilMem:75 - End SaveConfig() Used Memory: 394142184 Bytes (617611264)
2023-11-05 11:51:28,292 [INFO] UtilMem:75 - End SaveConfig() Used Memory: 449716712 Bytes (617611264)
2023-11-05 11:51:28,858 [INFO] BlockDiagram:2759 - set Specific Code input for plugin: SYS
2023-11-05 11:51:28,858 [INFO] BlockDiagram:2759 - set Specific Code input for plugin: RCC
2023-11-05 11:51:28,858 [INFO] BlockDiagram:2759 - set Specific Code input for plugin: NVIC
2023-11-05 11:51:28,858 [INFO] BlockDiagram:2759 - set Specific Code input for plugin: USART
2023-11-05 11:51:28,859 [INFO] BlockDiagram:2759 - set Specific Code input for plugin: GPIO
2023-11-05 11:51:28,860 [INFO] CodeGenerator:799 - code generatio: config db path: C:\ST\STM32CubeIDE_1.12.0\STM32CubeIDE\plugins\com.st.stm32cube.common.mx_6.9.2.202309101412\\db\
2023-11-05 11:51:29,128 [INFO] CodeEngine:255 - oldGeneratedFile, C:\Users\zafee\Documents\GitHub\Zafeer_HandsOnFreeRTOS\STM32CUBEIDE_WorkSpace\00_Test\MXTmpFiles\license.tmp_save
2023-11-05 11:51:29,414 [INFO] CodeEngine:279 - Generated code: C:\Users\zafee\Documents\GitHub\Zafeer_HandsOnFreeRTOS\STM32CUBEIDE_WorkSpace\00_Test\MXTmpFiles\license.tmp
2023-11-05 11:51:29,527 [INFO] CodeEngine:255 - oldGeneratedFile, C:\Users\zafee\Documents\GitHub\Zafeer_HandsOnFreeRTOS\STM32CUBEIDE_WorkSpace\00_Test\Core\Src\gpio.c_save
2023-11-05 11:51:29,656 [INFO] CodeEngine:279 - Generated code: C:\Users\zafee\Documents\GitHub\Zafeer_HandsOnFreeRTOS\STM32CUBEIDE_WorkSpace\00_Test\Core\Src\gpio.c
2023-11-05 11:51:29,683 [INFO] CodeEngine:255 - oldGeneratedFile, C:\Users\zafee\Documents\GitHub\Zafeer_HandsOnFreeRTOS\STM32CUBEIDE_WorkSpace\00_Test\Core\Inc\gpio.h_save
2023-11-05 11:51:29,780 [INFO] CodeEngine:279 - Generated code: C:\Users\zafee\Documents\GitHub\Zafeer_HandsOnFreeRTOS\STM32CUBEIDE_WorkSpace\00_Test\Core\Inc\gpio.h
2023-11-05 11:51:29,942 [INFO] CodeEngine:255 - oldGeneratedFile, C:\Users\zafee\Documents\GitHub\Zafeer_HandsOnFreeRTOS\STM32CUBEIDE_WorkSpace\00_Test\Core\Src\usart.c_save
2023-11-05 11:51:30,073 [INFO] CodeEngine:279 - Generated code: C:\Users\zafee\Documents\GitHub\Zafeer_HandsOnFreeRTOS\STM32CUBEIDE_WorkSpace\00_Test\Core\Src\usart.c
2023-11-05 11:51:30,102 [INFO] CodeEngine:255 - oldGeneratedFile, C:\Users\zafee\Documents\GitHub\Zafeer_HandsOnFreeRTOS\STM32CUBEIDE_WorkSpace\00_Test\Core\Inc\usart.h_save
2023-11-05 11:51:30,195 [INFO] CodeEngine:279 - Generated code: C:\Users\zafee\Documents\GitHub\Zafeer_HandsOnFreeRTOS\STM32CUBEIDE_WorkSpace\00_Test\Core\Inc\usart.h
2023-11-05 11:51:30,225 [INFO] CodeEngine:255 - oldGeneratedFile, C:\Users\zafee\Documents\GitHub\Zafeer_HandsOnFreeRTOS\STM32CUBEIDE_WorkSpace\00_Test\Core\Src\stm32f4xx_it.c_save
2023-11-05 11:51:30,340 [INFO] CodeEngine:279 - Generated code: C:\Users\zafee\Documents\GitHub\Zafeer_HandsOnFreeRTOS\STM32CUBEIDE_WorkSpace\00_Test\Core\Src\stm32f4xx_it.c
2023-11-05 11:51:30,366 [INFO] CodeEngine:255 - oldGeneratedFile, C:\Users\zafee\Documents\GitHub\Zafeer_HandsOnFreeRTOS\STM32CUBEIDE_WorkSpace\00_Test\Core\Inc\stm32f4xx_it.h_save
2023-11-05 11:51:30,446 [INFO] CodeEngine:279 - Generated code: C:\Users\zafee\Documents\GitHub\Zafeer_HandsOnFreeRTOS\STM32CUBEIDE_WorkSpace\00_Test\Core\Inc\stm32f4xx_it.h
2023-11-05 11:51:30,484 [INFO] CodeEngine:255 - oldGeneratedFile, C:\Users\zafee\Documents\GitHub\Zafeer_HandsOnFreeRTOS\STM32CUBEIDE_WorkSpace\00_Test\Core\Src\stm32f4xx_hal_msp.c_save
2023-11-05 11:51:30,579 [INFO] CodeEngine:279 - Generated code: C:\Users\zafee\Documents\GitHub\Zafeer_HandsOnFreeRTOS\STM32CUBEIDE_WorkSpace\00_Test\Core\Src\stm32f4xx_hal_msp.c
2023-11-05 11:51:30,596 [INFO] CodeEngine:255 - oldGeneratedFile, C:\Users\zafee\Documents\GitHub\Zafeer_HandsOnFreeRTOS\STM32CUBEIDE_WorkSpace\00_Test\MXTmpFiles\system.tmp_save
2023-11-05 11:51:30,700 [INFO] CodeEngine:279 - Generated code: C:\Users\zafee\Documents\GitHub\Zafeer_HandsOnFreeRTOS\STM32CUBEIDE_WorkSpace\00_Test\MXTmpFiles\system.tmp
2023-11-05 11:51:30,731 [INFO] CodeEngine:311 - oldGeneratedFile, C:\Users\zafee\Documents\GitHub\Zafeer_HandsOnFreeRTOS\STM32CUBEIDE_WorkSpace\00_Test\Core\Inc\stm32f4xx_hal_conf.h_save
2023-11-05 11:51:30,824 [INFO] CodeEngine:335 - Generated code: C:\Users\zafee\Documents\GitHub\Zafeer_HandsOnFreeRTOS\STM32CUBEIDE_WorkSpace\00_Test\Core\Inc\stm32f4xx_hal_conf.h
2023-11-05 11:51:30,890 [INFO] CodeEngine:255 - oldGeneratedFile, C:\Users\zafee\Documents\GitHub\Zafeer_HandsOnFreeRTOS\STM32CUBEIDE_WorkSpace\00_Test\Core\Inc\main.h_save
2023-11-05 11:51:30,985 [INFO] CodeEngine:279 - Generated code: C:\Users\zafee\Documents\GitHub\Zafeer_HandsOnFreeRTOS\STM32CUBEIDE_WorkSpace\00_Test\Core\Inc\main.h
2023-11-05 11:51:31,010 [INFO] CodeEngine:255 - oldGeneratedFile, C:\Users\zafee\Documents\GitHub\Zafeer_HandsOnFreeRTOS\STM32CUBEIDE_WorkSpace\00_Test\Core\Src\main.c_save
2023-11-05 11:51:31,113 [INFO] CodeEngine:279 - Generated code: C:\Users\zafee\Documents\GitHub\Zafeer_HandsOnFreeRTOS\STM32CUBEIDE_WorkSpace\00_Test\Core\Src\main.c
2023-11-05 11:51:31,661 [INFO] ProjectBuilder:3064 - Time for Copy HAL[1] : 163mS.
2023-11-05 11:51:31,667 [INFO] ProjectBuilder:4404 - Project Generator version: 4.1.0
2023-11-05 11:51:31,940 [INFO] ConfigFileManager:1457 - The Die is : DIE413
2023-11-05 11:51:31,953 [INFO] ApiDbMcu:507 - Load IP Config File for FATFS
2023-11-05 11:51:31,966 [INFO] ApiDbMcu:507 - Load IP Config File for FREERTOS
2023-11-05 11:51:31,976 [INFO] ApiDbMcu:507 - Load IP Config File for LIBJPEG
2023-11-05 11:51:31,990 [INFO] ApiDbMcu:507 - Load IP Config File for LWIP
2023-11-05 11:51:32,007 [INFO] ApiDbMcu:507 - Load IP Config File for MBEDTLS
2023-11-05 11:51:32,025 [INFO] ApiDbMcu:507 - Load IP Config File for USB_DEVICE
2023-11-05 11:51:32,036 [INFO] ApiDbMcu:507 - Load IP Config File for USB_HOST
2023-11-05 11:51:32,932 [INFO] LogOutputStream:77 - [STDOUT_REDIRECT] 
2023-11-05 11:51:34,754 [INFO] ProjectBuilder:4626 - Time for Generating toolchain IDE Files: 3086mS.
2023-11-05 11:51:34,755 [INFO] ProjectBuilder:2935 - Time for Copy CMSIS : 1mS.
2023-11-05 11:51:34,757 [INFO] ProjectBuilder:2935 - Time for Copy CMSIS : 0mS.
2023-11-05 12:24:54,558 [INFO] UtilMem:75 - End SaveConfig() Used Memory: 438488288 Bytes (859832320)
2023-11-05 12:24:54,639 [INFO] UtilMem:75 - End SaveConfig() Used Memory: 462079200 Bytes (859832320)
2023-11-05 12:24:55,188 [INFO] UtilMem:75 - End SaveConfig() Used Memory: 502973664 Bytes (859832320)
2023-11-05 12:24:55,476 [INFO] BlockDiagram:2759 - set Specific Code input for plugin: SYS
2023-11-05 12:24:55,476 [INFO] BlockDiagram:2759 - set Specific Code input for plugin: RCC
2023-11-05 12:24:55,476 [INFO] BlockDiagram:2759 - set Specific Code input for plugin: NVIC
2023-11-05 12:24:55,476 [INFO] BlockDiagram:2759 - set Specific Code input for plugin: USART
2023-11-05 12:24:55,477 [INFO] BlockDiagram:2759 - set Specific Code input for plugin: GPIO
2023-11-05 12:24:55,478 [INFO] CodeGenerator:799 - code generatio: config db path: C:\ST\STM32CubeIDE_1.12.0\STM32CubeIDE\plugins\com.st.stm32cube.common.mx_6.9.2.202309101412\\db\
2023-11-05 12:24:55,615 [INFO] CodeEngine:255 - oldGeneratedFile, C:\Users\zafee\Documents\GitHub\Zafeer_HandsOnFreeRTOS\STM32CUBEIDE_WorkSpace\00_Test\MXTmpFiles\license.tmp_save
2023-11-05 12:24:55,744 [INFO] CodeEngine:279 - Generated code: C:\Users\zafee\Documents\GitHub\Zafeer_HandsOnFreeRTOS\STM32CUBEIDE_WorkSpace\00_Test\MXTmpFiles\license.tmp
2023-11-05 12:24:55,871 [INFO] CodeEngine:255 - oldGeneratedFile, C:\Users\zafee\Documents\GitHub\Zafeer_HandsOnFreeRTOS\STM32CUBEIDE_WorkSpace\00_Test\Core\Src\gpio.c_save
2023-11-05 12:24:55,981 [INFO] CodeEngine:279 - Generated code: C:\Users\zafee\Documents\GitHub\Zafeer_HandsOnFreeRTOS\STM32CUBEIDE_WorkSpace\00_Test\Core\Src\gpio.c
2023-11-05 12:24:55,989 [INFO] CodeEngine:255 - oldGeneratedFile, C:\Users\zafee\Documents\GitHub\Zafeer_HandsOnFreeRTOS\STM32CUBEIDE_WorkSpace\00_Test\Core\Inc\gpio.h_save
2023-11-05 12:24:56,055 [INFO] CodeEngine:279 - Generated code: C:\Users\zafee\Documents\GitHub\Zafeer_HandsOnFreeRTOS\STM32CUBEIDE_WorkSpace\00_Test\Core\Inc\gpio.h
2023-11-05 12:24:56,140 [INFO] CodeEngine:255 - oldGeneratedFile, C:\Users\zafee\Documents\GitHub\Zafeer_HandsOnFreeRTOS\STM32CUBEIDE_WorkSpace\00_Test\Core\Src\usart.c_save
2023-11-05 12:24:56,280 [INFO] CodeEngine:279 - Generated code: C:\Users\zafee\Documents\GitHub\Zafeer_HandsOnFreeRTOS\STM32CUBEIDE_WorkSpace\00_Test\Core\Src\usart.c
2023-11-05 12:24:56,297 [INFO] CodeEngine:255 - oldGeneratedFile, C:\Users\zafee\Documents\GitHub\Zafeer_HandsOnFreeRTOS\STM32CUBEIDE_WorkSpace\00_Test\Core\Inc\usart.h_save
2023-11-05 12:24:56,415 [INFO] CodeEngine:279 - Generated code: C:\Users\zafee\Documents\GitHub\Zafeer_HandsOnFreeRTOS\STM32CUBEIDE_WorkSpace\00_Test\Core\Inc\usart.h
2023-11-05 12:24:56,448 [INFO] CodeEngine:255 - oldGeneratedFile, C:\Users\zafee\Documents\GitHub\Zafeer_HandsOnFreeRTOS\STM32CUBEIDE_WorkSpace\00_Test\Core\Src\stm32f4xx_it.c_save
2023-11-05 12:24:56,757 [INFO] CodeEngine:279 - Generated code: C:\Users\zafee\Documents\GitHub\Zafeer_HandsOnFreeRTOS\STM32CUBEIDE_WorkSpace\00_Test\Core\Src\stm32f4xx_it.c
2023-11-05 12:24:56,779 [INFO] CodeEngine:255 - oldGeneratedFile, C:\Users\zafee\Documents\GitHub\Zafeer_HandsOnFreeRTOS\STM32CUBEIDE_WorkSpace\00_Test\Core\Inc\stm32f4xx_it.h_save
2023-11-05 12:24:56,904 [INFO] CodeEngine:279 - Generated code: C:\Users\zafee\Documents\GitHub\Zafeer_HandsOnFreeRTOS\STM32CUBEIDE_WorkSpace\00_Test\Core\Inc\stm32f4xx_it.h
2023-11-05 12:24:56,940 [INFO] CodeEngine:255 - oldGeneratedFile, C:\Users\zafee\Documents\GitHub\Zafeer_HandsOnFreeRTOS\STM32CUBEIDE_WorkSpace\00_Test\Core\Src\stm32f4xx_hal_msp.c_save
2023-11-05 12:24:57,085 [INFO] CodeEngine:279 - Generated code: C:\Users\zafee\Documents\GitHub\Zafeer_HandsOnFreeRTOS\STM32CUBEIDE_WorkSpace\00_Test\Core\Src\stm32f4xx_hal_msp.c
2023-11-05 12:24:57,095 [INFO] CodeEngine:255 - oldGeneratedFile, C:\Users\zafee\Documents\GitHub\Zafeer_HandsOnFreeRTOS\STM32CUBEIDE_WorkSpace\00_Test\MXTmpFiles\system.tmp_save
2023-11-05 12:24:57,192 [INFO] CodeEngine:279 - Generated code: C:\Users\zafee\Documents\GitHub\Zafeer_HandsOnFreeRTOS\STM32CUBEIDE_WorkSpace\00_Test\MXTmpFiles\system.tmp
2023-11-05 12:24:57,211 [INFO] CodeEngine:255 - oldGeneratedFile, C:\Users\zafee\Documents\GitHub\Zafeer_HandsOnFreeRTOS\STM32CUBEIDE_WorkSpace\00_Test\Core\Src\stm32f4xx_hal_timebase_tim.c_save
2023-11-05 12:24:57,315 [INFO] CodeEngine:279 - Generated code: C:\Users\zafee\Documents\GitHub\Zafeer_HandsOnFreeRTOS\STM32CUBEIDE_WorkSpace\00_Test\Core\Src\stm32f4xx_hal_timebase_tim.c
2023-11-05 12:24:57,336 [INFO] CodeEngine:311 - oldGeneratedFile, C:\Users\zafee\Documents\GitHub\Zafeer_HandsOnFreeRTOS\STM32CUBEIDE_WorkSpace\00_Test\Core\Inc\stm32f4xx_hal_conf.h_save
2023-11-05 12:24:57,461 [INFO] CodeEngine:335 - Generated code: C:\Users\zafee\Documents\GitHub\Zafeer_HandsOnFreeRTOS\STM32CUBEIDE_WorkSpace\00_Test\Core\Inc\stm32f4xx_hal_conf.h
2023-11-05 12:24:57,536 [INFO] CodeEngine:255 - oldGeneratedFile, C:\Users\zafee\Documents\GitHub\Zafeer_HandsOnFreeRTOS\STM32CUBEIDE_WorkSpace\00_Test\Core\Inc\main.h_save
2023-11-05 12:24:57,644 [INFO] CodeEngine:279 - Generated code: C:\Users\zafee\Documents\GitHub\Zafeer_HandsOnFreeRTOS\STM32CUBEIDE_WorkSpace\00_Test\Core\Inc\main.h
2023-11-05 12:24:57,657 [INFO] CodeEngine:255 - oldGeneratedFile, C:\Users\zafee\Documents\GitHub\Zafeer_HandsOnFreeRTOS\STM32CUBEIDE_WorkSpace\00_Test\Core\Src\main.c_save
2023-11-05 12:24:57,751 [INFO] CodeEngine:279 - Generated code: C:\Users\zafee\Documents\GitHub\Zafeer_HandsOnFreeRTOS\STM32CUBEIDE_WorkSpace\00_Test\Core\Src\main.c
2023-11-05 12:24:58,243 [INFO] ProjectBuilder:3064 - Time for Copy HAL[1] : 134mS.
2023-11-05 12:24:58,249 [INFO] ProjectBuilder:4404 - Project Generator version: 4.1.0
2023-11-05 12:24:58,430 [INFO] ConfigFileManager:1457 - The Die is : DIE413
2023-11-05 12:24:59,718 [INFO] ProjectBuilder:4626 - Time for Generating toolchain IDE Files: 1469mS.
2023-11-05 12:24:59,719 [INFO] ProjectBuilder:2935 - Time for Copy CMSIS : 1mS.
2023-11-05 12:24:59,723 [INFO] ProjectBuilder:2935 - Time for Copy CMSIS : 0mS.
2023-11-05 23:29:31,006 [INFO] WebApp:330 - JxBrowser engine has been closed 
