2023-11-09 00:30:34,986 [ERROR] LogOutputStream:75 - [STDERR_REDIRECT] 
2023-11-09 19:10:31,103 [INFO] Activator:176 - 


2023-11-09 19:10:31,104 [INFO] Activator:177 - !SESSION log4j initialized
2023-11-09 19:10:40,277 [INFO] LogOutputStream:77 - [STDOUT_REDIRECT] 
2023-11-09 19:10:41,668 [INFO] ApplicationProperties:184 - Using Application install path: C:\ST\STM32CubeIDE_1.13.2\STM32CubeIDE\plugins\com.st.stm32cube.common.mx_6.9.2.202309101412
2023-11-09 19:10:41,689 [INFO] DbMcusXml:78 - Set database path to: C:\ST\STM32CubeIDE_1.13.2\STM32CubeIDE\plugins\com.st.stm32cube.common.mx_6.9.2.202309101412\\db\/mcu/
2023-11-09 19:10:41,689 [INFO] ApiDb:274 - Set plugin database path to: C:\ST\STM32CubeIDE_1.13.2\STM32CubeIDE\plugins\com.st.stm32cube.common.mx_6.9.2.202309101412\\db\/plugins/boardmanager/
2023-11-09 19:10:41,690 [WARN] ApiDb:259 - Overriding images path with different value:  => C:\ST\STM32CubeIDE_1.13.2\STM32CubeIDE\plugins\com.st.stm32cube.common.mx_6.9.2.202309101412\\db\/plugins/mcufinder/images/
2023-11-09 19:10:41,710 [INFO] ApiDb:250 - Set database path to: C:\Users\zafee\.stmcufinder\plugins\mcufinder//mcu/
2023-11-09 19:10:41,711 [INFO] DbMcusAds:125 - Set database path to: C:\Users\zafee\.stmcufinder\plugins\mcufinder//mcu/
2023-11-09 19:10:41,714 [INFO] CrossReferenceDbSqlite:203 - Set database path to: C:\Users\zafee\.stmcufinder\plugins\mcufinder//mcu/cs/
2023-11-09 19:10:41,852 [INFO] RulesReader:64 - Compatibility file has been processed (293 Rules)
2023-11-09 19:10:41,945 [INFO] DbMcusXml:78 - Set database path to: C:\ST\STM32CubeIDE_1.13.2\STM32CubeIDE\plugins\com.st.stm32cube.common.mx_6.9.2.202309101412\\db\/mcu/
2023-11-09 19:10:41,945 [INFO] ApiDb:274 - Set plugin database path to: C:\ST\STM32CubeIDE_1.13.2\STM32CubeIDE\plugins\com.st.stm32cube.common.mx_6.9.2.202309101412\\db\/plugins/boardmanager/
2023-11-09 19:10:41,945 [INFO] ApiDb:261 - Set plugin images path to: C:\ST\STM32CubeIDE_1.13.2\STM32CubeIDE\plugins\com.st.stm32cube.common.mx_6.9.2.202309101412\\db\/plugins/mcufinder/images/
2023-11-09 19:10:41,946 [WARN] DbFile:41 - Overriding database path with different value: C:\Users\zafee\.stmcufinder\plugins\mcufinder/ => C:\Users\zafee\.stmcufinder\plugins\mcufinder
2023-11-09 19:10:41,946 [INFO] ApiDb:250 - Set database path to: C:\Users\zafee\.stmcufinder\plugins\mcufinder//mcu/
2023-11-09 19:10:41,946 [WARN] DbFile:41 - Overriding database path with different value: C:\Users\zafee\.stmcufinder\plugins\mcufinder/ => C:\Users\zafee\.stmcufinder\plugins\mcufinder
2023-11-09 19:10:41,946 [INFO] DbMcusAds:125 - Set database path to: C:\Users\zafee\.stmcufinder\plugins\mcufinder//mcu/
2023-11-09 19:10:41,946 [WARN] DbFile:41 - Overriding database path with different value: C:\Users\zafee\.stmcufinder\plugins\mcufinder/ => C:\Users\zafee\.stmcufinder\plugins\mcufinder
2023-11-09 19:10:41,946 [WARN] DbFile:41 - Overriding database path with different value: C:\Users\zafee\.stmcufinder\plugins\mcufinder/ => C:\Users\zafee\.stmcufinder\plugins\mcufinder
2023-11-09 19:10:41,946 [INFO] CrossReferenceDbSqlite:203 - Set database path to: C:\Users\zafee\.stmcufinder\plugins\mcufinder//mcu/cs/
2023-11-09 19:10:42,014 [INFO] MainPanel:262 - HeapMemory: 268435456
2023-11-09 19:10:42,098 [INFO] DbMcusXml:78 - Set database path to: C:\ST\STM32CubeIDE_1.13.2\STM32CubeIDE\plugins\com.st.stm32cube.common.mx_6.9.2.202309101412\\db\/mcu/
2023-11-09 19:10:42,098 [INFO] ApiDb:274 - Set plugin database path to: C:\ST\STM32CubeIDE_1.13.2\STM32CubeIDE\plugins\com.st.stm32cube.common.mx_6.9.2.202309101412\\db\/plugins/boardmanager/
2023-11-09 19:10:42,098 [INFO] ApiDb:261 - Set plugin images path to: C:\ST\STM32CubeIDE_1.13.2\STM32CubeIDE\plugins\com.st.stm32cube.common.mx_6.9.2.202309101412\\db\/plugins/mcufinder/images/
2023-11-09 19:10:42,099 [WARN] DbFile:41 - Overriding database path with different value: C:\Users\zafee\.stmcufinder\plugins\mcufinder/ => C:\Users\zafee\.stmcufinder\plugins\mcufinder
2023-11-09 19:10:42,099 [INFO] ApiDb:250 - Set database path to: C:\Users\zafee\.stmcufinder\plugins\mcufinder//mcu/
2023-11-09 19:10:42,099 [WARN] DbFile:41 - Overriding database path with different value: C:\Users\zafee\.stmcufinder\plugins\mcufinder/ => C:\Users\zafee\.stmcufinder\plugins\mcufinder
2023-11-09 19:10:42,099 [INFO] DbMcusAds:125 - Set database path to: C:\Users\zafee\.stmcufinder\plugins\mcufinder//mcu/
2023-11-09 19:10:42,099 [WARN] DbFile:41 - Overriding database path with different value: C:\Users\zafee\.stmcufinder\plugins\mcufinder/ => C:\Users\zafee\.stmcufinder\plugins\mcufinder
2023-11-09 19:10:42,099 [WARN] DbFile:41 - Overriding database path with different value: C:\Users\zafee\.stmcufinder\plugins\mcufinder/ => C:\Users\zafee\.stmcufinder\plugins\mcufinder
2023-11-09 19:10:42,099 [INFO] CrossReferenceDbSqlite:203 - Set database path to: C:\Users\zafee\.stmcufinder\plugins\mcufinder//mcu/cs/
2023-11-09 19:10:42,115 [INFO] ApplicationProperties:184 - Using Application install path: C:\ST\STM32CubeIDE_1.13.2\STM32CubeIDE\plugins\com.st.stm32cube.common.mx_6.9.2.202309101412
2023-11-09 19:10:42,115 [INFO] PluginManage:196 - Search for loadable plugins [exclusion list=, ]
2023-11-09 19:10:42,118 [INFO] PluginManage:310 - Check plugin analytics
2023-11-09 19:10:42,277 [INFO] AnalyticsPlugin:253 - Accepted Software Licenses: STM32CubeMX.6.9.2
2023-11-09 19:10:42,277 [INFO] AnalyticsPlugin:255 - Accepted CMSIS Pack Licenses: STMicroelectronics.X-CUBE-TOUCHGFX.4.21.0
2023-11-09 19:10:42,277 [INFO] AnalyticsPlugin:257 - Accepted Firmware Licenses: 
2023-11-09 19:10:42,280 [INFO] PluginManage:359 - Loaded plugin analytics (category:tool,tabindex:-1)
2023-11-09 19:10:42,281 [INFO] PluginManage:310 - Check plugin cadmodel
2023-11-09 19:10:42,294 [INFO] CADModel:105 - Init CAD model plugin
2023-11-09 19:10:42,294 [INFO] PluginManage:359 - Loaded plugin cadmodel (category:power,tabindex:5)
2023-11-09 19:10:42,295 [INFO] PluginManage:310 - Check plugin clock
2023-11-09 19:10:42,312 [INFO] PluginManage:359 - Loaded plugin clock (category:base,tabindex:2)
2023-11-09 19:10:42,312 [INFO] PluginManage:310 - Check plugin ddr
2023-11-09 19:10:42,314 [INFO] PluginManage:359 - Loaded plugin ddr (category:tool,tabindex:6)
2023-11-09 19:10:42,314 [INFO] PluginManage:310 - Check plugin filemanager
2023-11-09 19:10:42,498 [INFO] PluginManage:359 - Loaded plugin filemanager (category:base,tabindex:10)
2023-11-09 19:10:42,498 [INFO] PluginManage:310 - Check plugin ipmanager
2023-11-09 19:10:42,511 [INFO] PluginManage:359 - Loaded plugin ipmanager (category:base,tabindex:5)
2023-11-09 19:10:42,512 [INFO] PluginManage:310 - Check plugin lpbam
2023-11-09 19:10:42,534 [INFO] PluginManage:359 - Loaded plugin lpbam (category:base,tabindex:0)
2023-11-09 19:10:42,534 [INFO] PluginManage:310 - Check plugin memorymap
2023-11-09 19:10:42,563 [INFO] PluginManage:359 - Loaded plugin memorymap (category:base,tabindex:4)
2023-11-09 19:10:42,563 [INFO] PluginManage:310 - Check plugin pinoutandconfiguration
2023-11-09 19:10:42,582 [INFO] PluginManage:359 - Loaded plugin pinoutandconfiguration (category:base,tabindex:1)
2023-11-09 19:10:42,582 [INFO] PluginManage:310 - Check plugin pinoutconfig
2023-11-09 19:10:42,675 [WARN] SupportedApi:132 - Cannot load RTOS API schema: s4s-elt-must-match.1: The content of 'definitions' must match (annotation?, (simpleType | complexType)?, (unique | key | keyref)*)). A problem was found starting at: attribute.
2023-11-09 19:10:42,845 [INFO] PluginManage:359 - Loaded plugin pinoutconfig (category:base,tabindex:0)
2023-11-09 19:10:42,846 [INFO] PluginManage:310 - Check plugin power
2023-11-09 19:10:42,876 [INFO] PluginManage:359 - Loaded plugin power (category:power,tabindex:4)
2023-11-09 19:10:42,876 [INFO] PluginManage:310 - Check plugin projectmanager
2023-11-09 19:10:42,902 [INFO] PluginManage:359 - Loaded plugin projectmanager (category:projectmanager,tabindex:3)
2023-11-09 19:10:42,902 [INFO] PluginManage:310 - Check plugin thirdparty
2023-11-09 19:10:43,230 [INFO] PluginManage:359 - Loaded plugin thirdparty (category:base,tabindex:-1)
2023-11-09 19:10:43,230 [INFO] PluginManage:310 - Check plugin tools
2023-11-09 19:10:43,230 [WARN] IntegrityCheckThread:84 - waiting for thirdparty lock release [integrity check]
2023-11-09 19:10:43,230 [INFO] IntegrityCheckThread:86 - entering critical section [integrity check]
2023-11-09 19:10:43,231 [INFO] ThirdPartyUpdaterWithRetryManager:70 - Updater plugin not ready yet. [1/15]
2023-11-09 19:10:43,260 [INFO] PluginManage:359 - Loaded plugin tools (category:base,tabindex:7)
2023-11-09 19:10:43,260 [INFO] PluginManage:310 - Check plugin tutovideos
2023-11-09 19:10:43,469 [INFO] PluginManage:359 - Loaded plugin tutovideos (category:base,tabindex:-1)
2023-11-09 19:10:43,470 [INFO] PluginManage:310 - Check plugin updater
2023-11-09 19:10:43,486 [INFO] PluginManage:359 - Loaded plugin updater (category:base,tabindex:12)
2023-11-09 19:10:43,486 [INFO] PluginManage:310 - Check plugin userauth
2023-11-09 19:10:43,493 [INFO] UserAuth:113 - Init User Auth plugin
2023-11-09 19:10:43,493 [INFO] PluginManage:359 - Loaded plugin userauth (category:base,tabindex:14)
2023-11-09 19:10:43,494 [INFO] PluginManage:283 - PluginManage : Loaded plugins [17]
2023-11-09 19:10:43,795 [INFO] PinOutPanel:1499 - setPackage(No Configuration,No Configuration)
2023-11-09 19:10:43,956 [INFO] CADModel:165 - CPN selected for project level
2023-11-09 19:10:43,956 [INFO] CADModel:114 - Register for checkConnection events
2023-11-09 19:10:43,991 [INFO] IPUIPlugin:80 - create IPUIPlugin
2023-11-09 19:10:43,991 [INFO] PluginManager:220 - loadIPPluginJar : add adc
2023-11-09 19:10:44,037 [INFO] IPUIPlugin:80 - create IPUIPlugin
2023-11-09 19:10:44,038 [INFO] PluginManager:220 - loadIPPluginJar : add aes
2023-11-09 19:10:44,085 [INFO] IPUIPlugin:80 - create IPUIPlugin
2023-11-09 19:10:44,085 [INFO] PluginManager:220 - loadIPPluginJar : add can
2023-11-09 19:10:44,106 [INFO] IPUIPlugin:80 - create IPUIPlugin
2023-11-09 19:10:44,106 [INFO] PluginManager:220 - loadIPPluginJar : add comp
2023-11-09 19:10:44,137 [INFO] IPUIPlugin:80 - create IPUIPlugin
2023-11-09 19:10:44,137 [INFO] PluginManager:220 - loadIPPluginJar : add cryp
2023-11-09 19:10:44,164 [INFO] IPUIPlugin:80 - create IPUIPlugin
2023-11-09 19:10:44,164 [INFO] PluginManager:220 - loadIPPluginJar : add dfsdm
2023-11-09 19:10:44,179 [INFO] IPUIPlugin:80 - create IPUIPlugin
2023-11-09 19:10:44,179 [INFO] PluginManager:220 - loadIPPluginJar : add dma
2023-11-09 19:10:44,220 [INFO] IPUIPlugin:80 - create IPUIPlugin
2023-11-09 19:10:44,220 [INFO] PluginManager:220 - loadIPPluginJar : add dma3
2023-11-09 19:10:44,239 [INFO] IPUIPlugin:80 - create IPUIPlugin
2023-11-09 19:10:44,239 [INFO] PluginManager:220 - loadIPPluginJar : add fatfs
2023-11-09 19:10:44,286 [INFO] IPUIPlugin:80 - create IPUIPlugin
2023-11-09 19:10:44,286 [INFO] PluginManager:220 - loadIPPluginJar : add fmc
2023-11-09 19:10:44,300 [INFO] IPUIPlugin:80 - create IPUIPlugin
2023-11-09 19:10:44,300 [INFO] PluginManager:220 - loadIPPluginJar : add freertos
2023-11-09 19:10:44,321 [INFO] IPUIPlugin:80 - create IPUIPlugin
2023-11-09 19:10:44,322 [INFO] PluginManager:220 - loadIPPluginJar : add genericplugin
2023-11-09 19:10:44,432 [INFO] IPUIPlugin:80 - create IPUIPlugin
2023-11-09 19:10:44,432 [INFO] PluginManager:220 - loadIPPluginJar : add gfxmmu
2023-11-09 19:10:44,582 [INFO] IPUIPlugin:80 - create IPUIPlugin
2023-11-09 19:10:44,582 [INFO] PluginManager:220 - loadIPPluginJar : add gic
2023-11-09 19:10:44,603 [INFO] IPUIPlugin:80 - create IPUIPlugin
2023-11-09 19:10:44,603 [INFO] PluginManager:220 - loadIPPluginJar : add gpio
2023-11-09 19:10:44,696 [INFO] IPUIPlugin:80 - create IPUIPlugin
2023-11-09 19:10:44,696 [INFO] PluginManager:220 - loadIPPluginJar : add gtzc
2023-11-09 19:10:44,743 [INFO] IPUIPlugin:80 - create IPUIPlugin
2023-11-09 19:10:44,743 [INFO] PluginManager:220 - loadIPPluginJar : add hash
2023-11-09 19:10:44,801 [INFO] IPUIPlugin:80 - create IPUIPlugin
2023-11-09 19:10:44,801 [INFO] PluginManager:220 - loadIPPluginJar : add i2c
2023-11-09 19:10:44,841 [INFO] IPUIPlugin:80 - create IPUIPlugin
2023-11-09 19:10:44,841 [INFO] PluginManager:220 - loadIPPluginJar : add i2s
2023-11-09 19:10:44,881 [INFO] IPUIPlugin:80 - create IPUIPlugin
2023-11-09 19:10:44,881 [INFO] PluginManager:220 - loadIPPluginJar : add i3c
2023-11-09 19:10:45,003 [INFO] IPUIPlugin:80 - create IPUIPlugin
2023-11-09 19:10:45,003 [INFO] PluginManager:220 - loadIPPluginJar : add ipddr
2023-11-09 19:10:45,091 [INFO] IPUIPlugin:80 - create IPUIPlugin
2023-11-09 19:10:45,092 [INFO] PluginManager:220 - loadIPPluginJar : add linkedlist
2023-11-09 19:10:45,129 [INFO] IPUIPlugin:80 - create IPUIPlugin
2023-11-09 19:10:45,129 [INFO] PluginManager:220 - loadIPPluginJar : add lorawan
2023-11-09 19:10:45,169 [INFO] IPUIPlugin:80 - create IPUIPlugin
2023-11-09 19:10:45,169 [INFO] PluginManager:220 - loadIPPluginJar : add ltdc
2023-11-09 19:10:45,184 [INFO] IPUIPlugin:80 - create IPUIPlugin
2023-11-09 19:10:45,184 [INFO] PluginManager:220 - loadIPPluginJar : add mdma
2023-11-09 19:10:45,195 [INFO] IPUIPlugin:80 - create IPUIPlugin
2023-11-09 19:10:45,195 [INFO] PluginManager:220 - loadIPPluginJar : add nvic
2023-11-09 19:10:45,230 [INFO] IPUIPlugin:80 - create IPUIPlugin
2023-11-09 19:10:45,230 [INFO] PluginManager:220 - loadIPPluginJar : add opamp
2023-11-09 19:10:45,290 [INFO] IPUIPlugin:80 - create IPUIPlugin
2023-11-09 19:10:45,290 [INFO] PluginManager:220 - loadIPPluginJar : add openamp
2023-11-09 19:10:45,342 [INFO] IPUIPlugin:80 - create IPUIPlugin
2023-11-09 19:10:45,343 [INFO] PluginManager:220 - loadIPPluginJar : add pdm2pcm
2023-11-09 19:10:45,355 [INFO] IPUIPlugin:80 - create IPUIPlugin
2023-11-09 19:10:45,359 [INFO] PluginManager:220 - loadIPPluginJar : add plateformsettings
2023-11-09 19:10:45,385 [INFO] IPUIPlugin:80 - create IPUIPlugin
2023-11-09 19:10:45,385 [INFO] PluginManager:220 - loadIPPluginJar : add quadspi
2023-11-09 19:10:45,399 [INFO] IPUIPlugin:80 - create IPUIPlugin
2023-11-09 19:10:45,399 [INFO] PluginManager:220 - loadIPPluginJar : add resmgrutility
2023-11-09 19:10:45,456 [INFO] IPUIPlugin:80 - create IPUIPlugin
2023-11-09 19:10:45,456 [INFO] PluginManager:220 - loadIPPluginJar : add sai
2023-11-09 19:10:45,497 [INFO] IPUIPlugin:80 - create IPUIPlugin
2023-11-09 19:10:45,497 [INFO] PluginManager:220 - loadIPPluginJar : add spi
2023-11-09 19:10:45,571 [INFO] IPUIPlugin:80 - create IPUIPlugin
2023-11-09 19:10:45,571 [INFO] PluginManager:220 - loadIPPluginJar : add stm32_wpan
2023-11-09 19:10:45,612 [INFO] IPUIPlugin:80 - create IPUIPlugin
2023-11-09 19:10:45,613 [INFO] PluginManager:220 - loadIPPluginJar : add tim
2023-11-09 19:10:45,742 [INFO] IPUIPlugin:80 - create IPUIPlugin
2023-11-09 19:10:45,742 [INFO] PluginManager:220 - loadIPPluginJar : add touchsensing
2023-11-09 19:10:45,784 [INFO] IPUIPlugin:80 - create IPUIPlugin
2023-11-09 19:10:45,784 [INFO] PluginManager:220 - loadIPPluginJar : add tracer_emb
2023-11-09 19:10:45,817 [INFO] IPUIPlugin:80 - create IPUIPlugin
2023-11-09 19:10:45,817 [INFO] PluginManager:220 - loadIPPluginJar : add ts
2023-11-09 19:10:45,853 [INFO] IPUIPlugin:80 - create IPUIPlugin
2023-11-09 19:10:45,853 [INFO] PluginManager:220 - loadIPPluginJar : add tsc
2023-11-09 19:10:45,881 [INFO] IPUIPlugin:80 - create IPUIPlugin
2023-11-09 19:10:45,881 [INFO] PluginManager:220 - loadIPPluginJar : add ucpd
2023-11-09 19:10:45,939 [INFO] IPUIPlugin:80 - create IPUIPlugin
2023-11-09 19:10:45,939 [INFO] PluginManager:220 - loadIPPluginJar : add usart
2023-11-09 19:10:45,984 [INFO] IPUIPlugin:80 - create IPUIPlugin
2023-11-09 19:10:45,985 [INFO] PluginManager:220 - loadIPPluginJar : add usbx
2023-11-09 19:10:46,161 [INFO] CADModel:165 - CPN selected for project level
2023-11-09 19:10:46,161 [INFO] CADModel:114 - Register for checkConnection events
2023-11-09 19:10:46,161 [FATAL] Updater:308 - Updater called before beeing initialized
2023-11-09 19:10:46,161 [ERROR] CADModel:125 - Updater not yet initialized, retry later 
2023-11-09 19:10:46,233 [INFO] ThirdPartyUpdaterWithRetryManager:70 - Updater plugin not ready yet. [2/15]
2023-11-09 19:10:46,300 [INFO] CADModel:165 - CPN selected for project level
2023-11-09 19:10:46,300 [INFO] CADModel:114 - Register for checkConnection events
2023-11-09 19:10:46,300 [FATAL] Updater:308 - Updater called before beeing initialized
2023-11-09 19:10:46,300 [ERROR] CADModel:125 - Updater not yet initialized, retry later 
2023-11-09 19:10:46,304 [FATAL] Updater:308 - Updater called before beeing initialized
2023-11-09 19:10:46,443 [FATAL] Updater:308 - Updater called before beeing initialized
2023-11-09 19:10:46,457 [INFO] DbMcusAds:53 - JSON generation date=Tue Mar 07 00:50:55 PST 2023 (1678179055335)
2023-11-09 19:10:46,457 [FATAL] Updater:308 - Updater called before beeing initialized
2023-11-09 19:10:46,542 [WARN] DetailPanel:346 - Failed to get advertising image, set to default
2023-11-09 19:10:46,641 [FATAL] Updater:308 - Updater called before beeing initialized
2023-11-09 19:10:46,642 [FATAL] Updater:308 - Updater called before beeing initialized
2023-11-09 19:10:46,643 [FATAL] Updater:308 - Updater called before beeing initialized
2023-11-09 19:10:46,643 [WARN] DetailPanel:346 - Failed to get advertising image, set to default
2023-11-09 19:10:46,643 [FATAL] Updater:308 - Updater called before beeing initialized
2023-11-09 19:10:46,711 [ERROR] Updater:1120 - MainUpdater not yet initialized. External WinMGr cannot be set.
2023-11-09 19:10:46,722 [INFO] Updater:1056 - Updater Version found : 6.9.2
2023-11-09 19:10:46,743 [INFO] ApplicationProperties:184 - Using Application install path: C:\ST\STM32CubeIDE_1.13.2\STM32CubeIDE\plugins\com.st.stm32cube.common.mx_6.9.2.202309101412
2023-11-09 19:10:47,202 [INFO] MainUpdater:2868 - connection check result : 10
2023-11-09 19:10:47,203 [INFO] MainUpdater:285 - Updater Check For Update Now.
2023-11-09 19:10:47,204 [INFO] MicroXplorer:498 - Change Database Version : DB.6.0.92
2023-11-09 19:10:47,221 [INFO] McuFinderGlobals:63 - Set McuFinder mode to 2 (CubeIDE integrated)
2023-11-09 19:10:47,221 [INFO] UserAuth:179 - activating auth plugin
2023-11-09 19:10:47,226 [INFO] UserAuth:393 - Internet connection configuration mode: 1
2023-11-09 19:10:47,257 [INFO] JxBrowserEngine:151 - Initiate JxBrowser Engine with user profile folder
2023-11-09 19:10:47,429 [INFO] CheckServerUpdateThread:120 - End of CheckServer Thread
2023-11-09 19:10:49,260 [INFO] WebApp:157 - Instantiating new browser for Auth
2023-11-09 19:10:49,457 [WARN] PackLoader:240 - Cannot read IP mode file for STMicroelectronics.X-CUBE-SMBUS.2.1.0
2023-11-09 19:10:49,502 [WARN] PackLoader:240 - Cannot read IP mode file for STMicroelectronics.X-CUBE-AZRTOS-F7.1.1.0
2023-11-09 19:10:49,518 [WARN] PackLoader:240 - Cannot read IP mode file for STMicroelectronics.FP-SNS-MOTENV1.4.3.2
2023-11-09 19:10:49,531 [WARN] PackLoader:240 - Cannot read IP mode file for STMicroelectronics.FP-SNS-FLIGHT1.5.0.2
2023-11-09 19:10:49,553 [WARN] PackLoader:240 - Cannot read IP mode file for STMicroelectronics.X-CUBE-BLE2.3.2.2
2023-11-09 19:10:49,707 [WARN] PackLoader:240 - Cannot read IP mode file for STMicroelectronics.X-CUBE-DISPLAY.3.0.0
2023-11-09 19:10:49,733 [WARN] PackLoader:240 - Cannot read IP mode file for STMicroelectronics.X-CUBE-BLE1.7.0.0
2023-11-09 19:10:49,753 [WARN] PackLoader:240 - Cannot read IP mode file for emotas.I-CUBE-CANOPEN.1.3.0
2023-11-09 19:10:49,776 [WARN] PackLoader:240 - Cannot read IP mode file for STMicroelectronics.X-CUBE-TOUCHGFX.4.22.0
2023-11-09 19:10:49,875 [WARN] PackLoader:240 - Cannot read IP mode file for STMicroelectronics.X-CUBE-TOUCHGFX.4.22.1
2023-11-09 19:10:49,957 [WARN] PackLoader:240 - Cannot read IP mode file for STMicroelectronics.FP-SNS-SMARTAG2.1.2.0
2023-11-09 19:10:49,986 [INFO] LogOutputStream:77 - [STDOUT_REDIRECT] 1 : Invalid condition id : UX_CORESTACK_Condition cause : null
2023-11-09 19:10:49,987 [INFO] LogOutputStream:77 - [STDOUT_REDIRECT] 1 : Invalid condition id : UX_CORESTACK_Condition cause : null
2023-11-09 19:10:49,989 [INFO] LogOutputStream:77 - [STDOUT_REDIRECT] 1 : Invalid condition id : UX_CORESTACK_Condition cause : null
2023-11-09 19:10:49,990 [INFO] LogOutputStream:77 - [STDOUT_REDIRECT] 1 : Invalid condition id : UX_CORESTACK_Condition cause : null
2023-11-09 19:10:49,992 [INFO] LogOutputStream:77 - [STDOUT_REDIRECT] 1 : Invalid condition id : UX_CORESTACK_Condition cause : null
2023-11-09 19:10:49,997 [WARN] PackLoader:240 - Cannot read IP mode file for STMicroelectronics.X-CUBE-AZRTOS-WL.2.0.0
2023-11-09 19:10:50,020 [WARN] PackLoader:240 - Cannot read IP mode file for WES.I-CUBE-Cesium.1.3.0
2023-11-09 19:10:50,034 [INFO] WebApp:753 - Register for checkConnection events
2023-11-09 19:10:50,034 [INFO] WebApp:390 - Apply proxy settings
2023-11-09 19:10:50,035 [INFO] WebApp:475 - Chromium requires no authentication
2023-11-09 19:10:50,040 [WARN] PackLoader:240 - Cannot read IP mode file for STMicroelectronics.X-CUBE-BLE2.3.3.0
2023-11-09 19:10:50,047 [INFO] WebApp:418 - Direct internet connection detected
2023-11-09 19:10:50,115 [WARN] PackLoader:240 - Cannot read IP mode file for STMicroelectronics.X-CUBE-TOUCHGFX.4.21.0
2023-11-09 19:10:50,184 [WARN] PackLoader:240 - Cannot read IP mode file for STMicroelectronics.X-CUBE-ALGOBUILD.1.3.0
2023-11-09 19:10:50,222 [WARN] PackLoader:240 - Cannot read IP mode file for STMicroelectronics.X-CUBE-AZRTOS-G0.1.1.0
2023-11-09 19:10:50,243 [WARN] PackLoader:240 - Cannot read IP mode file for STMicroelectronics.X-CUBE-NFC4.3.0.0
2023-11-09 19:10:50,262 [WARN] PackLoader:240 - Cannot read IP mode file for STMicroelectronics.X-CUBE-BLEMGR.3.0.0
2023-11-09 19:10:50,280 [WARN] PackLoader:240 - Cannot read IP mode file for STMicroelectronics.FP-ATR-SIGFOX1.3.2.0
2023-11-09 19:10:50,294 [WARN] PackLoader:240 - Cannot read IP mode file for STMicroelectronics.X-CUBE-GNSS1.6.0.0
2023-11-09 19:10:50,315 [INFO] WebApp:188 - Starting web application
2023-11-09 19:10:50,315 [INFO] WebApp:520 - Web application path used C:\ST\STM32CubeIDE_1.13.2\STM32CubeIDE\plugins\com.st.stm32cube.common.mx_6.9.2.202309101412\db\plugins\mcufinder\reactClient1\index.html
2023-11-09 19:10:50,327 [WARN] PackLoader:240 - Cannot read IP mode file for STMicroelectronics.X-CUBE-AZRTOS-F4.1.1.0
2023-11-09 19:10:50,344 [WARN] PackLoader:240 - Cannot read IP mode file for wolfSSL.I-CUBE-wolfSSL.5.6.3
2023-11-09 19:10:50,380 [WARN] PackLoader:240 - Cannot read IP mode file for STMicroelectronics.X-CUBE-AZRTOS-L5.2.0.0
2023-11-09 19:10:50,435 [WARN] PackLoader:240 - Cannot read IP mode file for STMicroelectronics.X-CUBE-MEMS1.9.6.0
2023-11-09 19:10:50,776 [WARN] PackLoader:240 - Cannot read IP mode file for STMicroelectronics.X-CUBE-EEPRMA1.4.2.0
2023-11-09 19:10:50,787 [WARN] PackLoader:240 - Cannot read IP mode file for ITTIA_DB.I-CUBE-ITTIADB.8.8.0
2023-11-09 19:10:50,834 [WARN] PackLoader:240 - Cannot read IP mode file for STMicroelectronics.X-CUBE-MEMS1.7.2.0
2023-11-09 19:10:50,976 [WARN] ConditionMgr:438 - getConditionDescription Invalid condition id : UX DEVICE CLASS RTOS Condition cause : null
2023-11-09 19:10:50,976 [WARN] ConditionMgr:438 - getConditionDescription Invalid condition id : UX DEVICE CLASS RTOS Condition cause : null
2023-11-09 19:10:50,981 [WARN] PackLoader:240 - Cannot read IP mode file for STMicroelectronics.X-CUBE-AZRTOS-H7.3.1.0
2023-11-09 19:10:50,982 [WARN] ConditionMgr:1039 - genDependencies : Invalid condition id : UX DEVICE CLASS RTOS Condition cause : null
2023-11-09 19:10:50,982 [WARN] ConditionMgr:1039 - genDependencies : Invalid condition id : UX DEVICE CLASS RTOS Condition cause : null
2023-11-09 19:10:50,982 [WARN] ConditionMgr:1039 - genDependencies : Invalid condition id : UX DEVICE CLASS RTOS Condition cause : null
2023-11-09 19:10:50,983 [WARN] ConditionMgr:1039 - genDependencies : Invalid condition id : UX DEVICE CLASS RTOS Condition cause : null
2023-11-09 19:10:50,983 [WARN] ConditionMgr:1039 - genDependencies : Invalid condition id : UX DEVICE CLASS RTOS Condition cause : null
2023-11-09 19:10:50,992 [WARN] PackLoader:240 - Cannot read IP mode file for STMicroelectronics.X-CUBE-NFC7.1.0.1
2023-11-09 19:10:51,006 [WARN] PackLoader:240 - Cannot read IP mode file for STMicroelectronics.X-CUBE-NFC6.3.0.0
2023-11-09 19:10:51,019 [WARN] PackLoader:240 - Cannot read IP mode file for STMicroelectronics.X-CUBE-AI.8.1.0
2023-11-09 19:10:51,080 [WARN] ConditionMgr:438 - getConditionDescription Invalid condition id : LAN8742 Phy interface Condition cause : null
2023-11-09 19:10:51,080 [WARN] PackLoader:240 - Cannot read IP mode file for STMicroelectronics.X-CUBE-AZRTOS-L4.2.0.0
2023-11-09 19:10:51,081 [WARN] ConditionMgr:1039 - genDependencies : Invalid condition id : LAN8742 Phy interface Condition cause : null
2023-11-09 19:10:51,082 [WARN] ConditionMgr:1039 - genDependencies : Invalid condition id : LAN8742 Phy interface Condition cause : null
2023-11-09 19:10:51,082 [WARN] ConditionMgr:1039 - genDependencies : Invalid condition id : LAN8742 Phy interface Condition cause : null
2023-11-09 19:10:51,096 [WARN] PackLoader:240 - Cannot read IP mode file for STMicroelectronics.X-CUBE-SFXS2LP1.4.0.0
2023-11-09 19:10:51,109 [WARN] PackLoader:240 - Cannot read IP mode file for STMicroelectronics.X-CUBE-ISPU.1.1.0
2023-11-09 19:10:51,130 [WARN] ConditionMgr:438 - getConditionDescription Invalid condition id : UX DEVICE CLASS RTOS Condition cause : null
2023-11-09 19:10:51,130 [WARN] ConditionMgr:438 - getConditionDescription Invalid condition id : UX DEVICE CLASS RTOS Condition cause : null
2023-11-09 19:10:51,132 [WARN] PackLoader:240 - Cannot read IP mode file for STMicroelectronics.X-CUBE-AZRTOS-WB.2.0.0
2023-11-09 19:10:51,132 [WARN] ConditionMgr:1039 - genDependencies : Invalid condition id : UX DEVICE CLASS RTOS Condition cause : null
2023-11-09 19:10:51,132 [WARN] ConditionMgr:1039 - genDependencies : Invalid condition id : UX DEVICE CLASS RTOS Condition cause : null
2023-11-09 19:10:51,133 [WARN] ConditionMgr:1039 - genDependencies : Invalid condition id : UX DEVICE CLASS RTOS Condition cause : null
2023-11-09 19:10:51,133 [WARN] ConditionMgr:1039 - genDependencies : Invalid condition id : UX DEVICE CLASS RTOS Condition cause : null
2023-11-09 19:10:51,133 [WARN] ConditionMgr:1039 - genDependencies : Invalid condition id : UX DEVICE CLASS RTOS Condition cause : null
2023-11-09 19:10:51,145 [WARN] PackLoader:240 - Cannot read IP mode file for STMicroelectronics.X-CUBE-FREERTOS.1.0.1
2023-11-09 19:10:51,224 [WARN] PackLoader:240 - Cannot read IP mode file for STMicroelectronics.X-CUBE-MEMS1.9.0.0
2023-11-09 19:10:51,395 [WARN] PackLoader:240 - Cannot read IP mode file for STMicroelectronics.X-CUBE-SUBG2.5.0.0
2023-11-09 19:10:51,417 [WARN] PackLoader:240 - Cannot read IP mode file for STMicroelectronics.X-CUBE-TOF1.3.3.1
2023-11-09 19:10:51,444 [WARN] PackLoader:240 - Cannot read IP mode file for STMicroelectronics.X-CUBE-AZRTOS-G4.2.0.0
2023-11-09 19:10:51,467 [WARN] PackLoader:240 - Cannot read IP mode file for Infineon.AIROC-Wi-Fi-Bluetooth-STM32.1.5.1
2023-11-09 19:10:51,486 [WARN] PackLoader:240 - Cannot read IP mode file for STMicroelectronics.FP-SNS-MOTENVWB1.1.3.0
2023-11-09 19:10:51,549 [WARN] PackLoader:240 - Cannot read IP mode file for STMicroelectronics.X-CUBE-MEMS1.10.0.0
2023-11-09 19:10:51,751 [WARN] PackLoader:240 - Cannot read IP mode file for STMicroelectronics.X-CUBE-FREERTOS.1.1.0
2023-11-09 19:10:51,793 [WARN] PackLoader:240 - Cannot read IP mode file for portGmbH.I-Cube-SoM-uGOAL.1.1.0
2023-11-09 19:10:51,805 [WARN] PackLoader:240 - Cannot read IP mode file for STMicroelectronics.X-CUBE-ALS.1.0.1
2023-11-09 19:10:51,815 [WARN] PackLoader:240 - Cannot read IP mode file for STMicroelectronics.FP-ATR-ASTRA1.2.0.0
2023-11-09 19:10:51,816 [INFO] ThirdParty:978 - Integrity check success = true
2023-11-09 19:10:51,816 [INFO] IntegrityCheckThread:100 - exiting critical section [integrity check]
2023-11-09 19:10:51,816 [INFO] IntegrityCheckThread:103 - End integrity checks thread
2023-11-09 19:11:11,311 [ERROR] LogOutputStream:75 - [STDERR_REDIRECT] SLF4J: Failed to load class "org.slf4j.impl.StaticLoggerBinder".
2023-11-09 19:11:11,311 [ERROR] LogOutputStream:75 - [STDERR_REDIRECT] SLF4J: Defaulting to no-operation (NOP) logger implementation
2023-11-09 19:11:11,312 [ERROR] LogOutputStream:75 - [STDERR_REDIRECT] SLF4J: See http://www.slf4j.org/codes.html#StaticLoggerBinder for further details.
