2023-11-06 17:32:12,578 [INFO] Activator:176 - 


2023-11-06 17:32:12,583 [INFO] Activator:177 - !SESSION log4j initialized
2023-11-06 17:32:18,054 [INFO] LogOutputStream:77 - [STDOUT_REDIRECT] 
2023-11-06 17:32:21,645 [INFO] ApplicationProperties:184 - Using Application install path: C:\ST\STM32CubeIDE_1.12.0\STM32CubeIDE\plugins\com.st.stm32cube.common.mx_6.9.2.202309101412
2023-11-06 17:32:21,664 [INFO] DbMcusXml:78 - Set database path to: C:\ST\STM32CubeIDE_1.12.0\STM32CubeIDE\plugins\com.st.stm32cube.common.mx_6.9.2.202309101412\\db\/mcu/
2023-11-06 17:32:21,664 [INFO] ApiDb:274 - Set plugin database path to: C:\ST\STM32CubeIDE_1.12.0\STM32CubeIDE\plugins\com.st.stm32cube.common.mx_6.9.2.202309101412\\db\/plugins/boardmanager/
2023-11-06 17:32:21,665 [WARN] ApiDb:259 - Overriding images path with different value:  => C:\ST\STM32CubeIDE_1.12.0\STM32CubeIDE\plugins\com.st.stm32cube.common.mx_6.9.2.202309101412\\db\/plugins/mcufinder/images/
2023-11-06 17:32:21,685 [INFO] ApiDb:250 - Set database path to: C:\Users\zafee\.stmcufinder\plugins\mcufinder//mcu/
2023-11-06 17:32:21,686 [INFO] DbMcusAds:125 - Set database path to: C:\Users\zafee\.stmcufinder\plugins\mcufinder//mcu/
2023-11-06 17:32:21,688 [INFO] CrossReferenceDbSqlite:203 - Set database path to: C:\Users\zafee\.stmcufinder\plugins\mcufinder//mcu/cs/
2023-11-06 17:32:21,812 [INFO] RulesReader:64 - Compatibility file has been processed (293 Rules)
2023-11-06 17:32:21,903 [INFO] DbMcusXml:78 - Set database path to: C:\ST\STM32CubeIDE_1.12.0\STM32CubeIDE\plugins\com.st.stm32cube.common.mx_6.9.2.202309101412\\db\/mcu/
2023-11-06 17:32:21,903 [INFO] ApiDb:274 - Set plugin database path to: C:\ST\STM32CubeIDE_1.12.0\STM32CubeIDE\plugins\com.st.stm32cube.common.mx_6.9.2.202309101412\\db\/plugins/boardmanager/
2023-11-06 17:32:21,904 [INFO] ApiDb:261 - Set plugin images path to: C:\ST\STM32CubeIDE_1.12.0\STM32CubeIDE\plugins\com.st.stm32cube.common.mx_6.9.2.202309101412\\db\/plugins/mcufinder/images/
2023-11-06 17:32:21,904 [WARN] DbFile:41 - Overriding database path with different value: C:\Users\zafee\.stmcufinder\plugins\mcufinder/ => C:\Users\zafee\.stmcufinder\plugins\mcufinder
2023-11-06 17:32:21,904 [INFO] ApiDb:250 - Set database path to: C:\Users\zafee\.stmcufinder\plugins\mcufinder//mcu/
2023-11-06 17:32:21,904 [WARN] DbFile:41 - Overriding database path with different value: C:\Users\zafee\.stmcufinder\plugins\mcufinder/ => C:\Users\zafee\.stmcufinder\plugins\mcufinder
2023-11-06 17:32:21,904 [INFO] DbMcusAds:125 - Set database path to: C:\Users\zafee\.stmcufinder\plugins\mcufinder//mcu/
2023-11-06 17:32:21,904 [WARN] DbFile:41 - Overriding database path with different value: C:\Users\zafee\.stmcufinder\plugins\mcufinder/ => C:\Users\zafee\.stmcufinder\plugins\mcufinder
2023-11-06 17:32:21,905 [WARN] DbFile:41 - Overriding database path with different value: C:\Users\zafee\.stmcufinder\plugins\mcufinder/ => C:\Users\zafee\.stmcufinder\plugins\mcufinder
2023-11-06 17:32:21,905 [INFO] CrossReferenceDbSqlite:203 - Set database path to: C:\Users\zafee\.stmcufinder\plugins\mcufinder//mcu/cs/
2023-11-06 17:32:21,989 [INFO] MainPanel:262 - HeapMemory: 268435456
2023-11-06 17:32:22,072 [INFO] DbMcusXml:78 - Set database path to: C:\ST\STM32CubeIDE_1.12.0\STM32CubeIDE\plugins\com.st.stm32cube.common.mx_6.9.2.202309101412\\db\/mcu/
2023-11-06 17:32:22,072 [INFO] ApiDb:274 - Set plugin database path to: C:\ST\STM32CubeIDE_1.12.0\STM32CubeIDE\plugins\com.st.stm32cube.common.mx_6.9.2.202309101412\\db\/plugins/boardmanager/
2023-11-06 17:32:22,072 [INFO] ApiDb:261 - Set plugin images path to: C:\ST\STM32CubeIDE_1.12.0\STM32CubeIDE\plugins\com.st.stm32cube.common.mx_6.9.2.202309101412\\db\/plugins/mcufinder/images/
2023-11-06 17:32:22,073 [WARN] DbFile:41 - Overriding database path with different value: C:\Users\zafee\.stmcufinder\plugins\mcufinder/ => C:\Users\zafee\.stmcufinder\plugins\mcufinder
2023-11-06 17:32:22,073 [INFO] ApiDb:250 - Set database path to: C:\Users\zafee\.stmcufinder\plugins\mcufinder//mcu/
2023-11-06 17:32:22,073 [WARN] DbFile:41 - Overriding database path with different value: C:\Users\zafee\.stmcufinder\plugins\mcufinder/ => C:\Users\zafee\.stmcufinder\plugins\mcufinder
2023-11-06 17:32:22,073 [INFO] DbMcusAds:125 - Set database path to: C:\Users\zafee\.stmcufinder\plugins\mcufinder//mcu/
2023-11-06 17:32:22,073 [WARN] DbFile:41 - Overriding database path with different value: C:\Users\zafee\.stmcufinder\plugins\mcufinder/ => C:\Users\zafee\.stmcufinder\plugins\mcufinder
2023-11-06 17:32:22,073 [WARN] DbFile:41 - Overriding database path with different value: C:\Users\zafee\.stmcufinder\plugins\mcufinder/ => C:\Users\zafee\.stmcufinder\plugins\mcufinder
2023-11-06 17:32:22,073 [INFO] CrossReferenceDbSqlite:203 - Set database path to: C:\Users\zafee\.stmcufinder\plugins\mcufinder//mcu/cs/
2023-11-06 17:32:22,092 [INFO] ApplicationProperties:184 - Using Application install path: C:\ST\STM32CubeIDE_1.12.0\STM32CubeIDE\plugins\com.st.stm32cube.common.mx_6.9.2.202309101412
2023-11-06 17:32:22,093 [INFO] PluginManage:196 - Search for loadable plugins [exclusion list=, ]
2023-11-06 17:32:22,094 [INFO] PluginManage:310 - Check plugin analytics
2023-11-06 17:32:22,229 [INFO] AnalyticsPlugin:253 - Accepted Software Licenses: STM32CubeMX.6.9.2
2023-11-06 17:32:22,229 [INFO] AnalyticsPlugin:255 - Accepted CMSIS Pack Licenses: STMicroelectronics.X-CUBE-TOUCHGFX.4.21.0
2023-11-06 17:32:22,230 [INFO] AnalyticsPlugin:257 - Accepted Firmware Licenses: 
2023-11-06 17:32:22,232 [INFO] PluginManage:359 - Loaded plugin analytics (category:tool,tabindex:-1)
2023-11-06 17:32:22,233 [INFO] PluginManage:310 - Check plugin cadmodel
2023-11-06 17:32:22,245 [INFO] CADModel:105 - Init CAD model plugin
2023-11-06 17:32:22,245 [INFO] PluginManage:359 - Loaded plugin cadmodel (category:power,tabindex:5)
2023-11-06 17:32:22,246 [INFO] PluginManage:310 - Check plugin clock
2023-11-06 17:32:22,266 [INFO] PluginManage:359 - Loaded plugin clock (category:base,tabindex:2)
2023-11-06 17:32:22,266 [INFO] PluginManage:310 - Check plugin ddr
2023-11-06 17:32:22,268 [INFO] PluginManage:359 - Loaded plugin ddr (category:tool,tabindex:6)
2023-11-06 17:32:22,268 [INFO] PluginManage:310 - Check plugin filemanager
2023-11-06 17:32:22,374 [INFO] PluginManage:359 - Loaded plugin filemanager (category:base,tabindex:10)
2023-11-06 17:32:22,374 [INFO] PluginManage:310 - Check plugin ipmanager
2023-11-06 17:32:22,383 [INFO] PluginManage:359 - Loaded plugin ipmanager (category:base,tabindex:5)
2023-11-06 17:32:22,383 [INFO] PluginManage:310 - Check plugin lpbam
2023-11-06 17:32:22,398 [INFO] PluginManage:359 - Loaded plugin lpbam (category:base,tabindex:0)
2023-11-06 17:32:22,398 [INFO] PluginManage:310 - Check plugin memorymap
2023-11-06 17:32:22,416 [INFO] PluginManage:359 - Loaded plugin memorymap (category:base,tabindex:4)
2023-11-06 17:32:22,416 [INFO] PluginManage:310 - Check plugin pinoutandconfiguration
2023-11-06 17:32:22,430 [INFO] PluginManage:359 - Loaded plugin pinoutandconfiguration (category:base,tabindex:1)
2023-11-06 17:32:22,430 [INFO] PluginManage:310 - Check plugin pinoutconfig
2023-11-06 17:32:22,507 [WARN] SupportedApi:132 - Cannot load RTOS API schema: s4s-elt-must-match.1: The content of 'definitions' must match (annotation?, (simpleType | complexType)?, (unique | key | keyref)*)). A problem was found starting at: attribute.
2023-11-06 17:32:22,630 [INFO] PluginManage:359 - Loaded plugin pinoutconfig (category:base,tabindex:0)
2023-11-06 17:32:22,630 [INFO] PluginManage:310 - Check plugin power
2023-11-06 17:32:22,648 [INFO] PluginManage:359 - Loaded plugin power (category:power,tabindex:4)
2023-11-06 17:32:22,649 [INFO] PluginManage:310 - Check plugin projectmanager
2023-11-06 17:32:22,662 [INFO] PluginManage:359 - Loaded plugin projectmanager (category:projectmanager,tabindex:3)
2023-11-06 17:32:22,662 [INFO] PluginManage:310 - Check plugin thirdparty
2023-11-06 17:32:22,880 [INFO] PluginManage:359 - Loaded plugin thirdparty (category:base,tabindex:-1)
2023-11-06 17:32:22,880 [WARN] IntegrityCheckThread:84 - waiting for thirdparty lock release [integrity check]
2023-11-06 17:32:22,881 [INFO] PluginManage:310 - Check plugin tools
2023-11-06 17:32:22,881 [INFO] IntegrityCheckThread:86 - entering critical section [integrity check]
2023-11-06 17:32:22,881 [INFO] ThirdPartyUpdaterWithRetryManager:70 - Updater plugin not ready yet. [1/15]
2023-11-06 17:32:22,907 [INFO] PluginManage:359 - Loaded plugin tools (category:base,tabindex:7)
2023-11-06 17:32:22,908 [INFO] PluginManage:310 - Check plugin tutovideos
2023-11-06 17:32:23,086 [INFO] PluginManage:359 - Loaded plugin tutovideos (category:base,tabindex:-1)
2023-11-06 17:32:23,086 [INFO] PluginManage:310 - Check plugin updater
2023-11-06 17:32:23,097 [INFO] PluginManage:359 - Loaded plugin updater (category:base,tabindex:12)
2023-11-06 17:32:23,097 [INFO] PluginManage:310 - Check plugin userauth
2023-11-06 17:32:23,102 [INFO] UserAuth:113 - Init User Auth plugin
2023-11-06 17:32:23,102 [INFO] PluginManage:359 - Loaded plugin userauth (category:base,tabindex:14)
2023-11-06 17:32:23,102 [INFO] PluginManage:283 - PluginManage : Loaded plugins [17]
2023-11-06 17:32:23,286 [INFO] PinOutPanel:1499 - setPackage(No Configuration,No Configuration)
2023-11-06 17:32:23,371 [INFO] CADModel:165 - CPN selected for project level
2023-11-06 17:32:23,371 [INFO] CADModel:114 - Register for checkConnection events
2023-11-06 17:32:23,395 [INFO] IPUIPlugin:80 - create IPUIPlugin
2023-11-06 17:32:23,395 [INFO] PluginManager:220 - loadIPPluginJar : add adc
2023-11-06 17:32:23,420 [INFO] IPUIPlugin:80 - create IPUIPlugin
2023-11-06 17:32:23,420 [INFO] PluginManager:220 - loadIPPluginJar : add aes
2023-11-06 17:32:23,451 [INFO] IPUIPlugin:80 - create IPUIPlugin
2023-11-06 17:32:23,451 [INFO] PluginManager:220 - loadIPPluginJar : add can
2023-11-06 17:32:23,467 [INFO] IPUIPlugin:80 - create IPUIPlugin
2023-11-06 17:32:23,467 [INFO] PluginManager:220 - loadIPPluginJar : add comp
2023-11-06 17:32:23,492 [INFO] IPUIPlugin:80 - create IPUIPlugin
2023-11-06 17:32:23,492 [INFO] PluginManager:220 - loadIPPluginJar : add cryp
2023-11-06 17:32:23,513 [INFO] IPUIPlugin:80 - create IPUIPlugin
2023-11-06 17:32:23,513 [INFO] PluginManager:220 - loadIPPluginJar : add dfsdm
2023-11-06 17:32:23,524 [INFO] IPUIPlugin:80 - create IPUIPlugin
2023-11-06 17:32:23,525 [INFO] PluginManager:220 - loadIPPluginJar : add dma
2023-11-06 17:32:23,555 [INFO] IPUIPlugin:80 - create IPUIPlugin
2023-11-06 17:32:23,557 [INFO] PluginManager:220 - loadIPPluginJar : add dma3
2023-11-06 17:32:23,571 [INFO] IPUIPlugin:80 - create IPUIPlugin
2023-11-06 17:32:23,571 [INFO] PluginManager:220 - loadIPPluginJar : add fatfs
2023-11-06 17:32:23,607 [INFO] IPUIPlugin:80 - create IPUIPlugin
2023-11-06 17:32:23,607 [INFO] PluginManager:220 - loadIPPluginJar : add fmc
2023-11-06 17:32:23,620 [INFO] IPUIPlugin:80 - create IPUIPlugin
2023-11-06 17:32:23,621 [INFO] PluginManager:220 - loadIPPluginJar : add freertos
2023-11-06 17:32:23,637 [INFO] IPUIPlugin:80 - create IPUIPlugin
2023-11-06 17:32:23,637 [INFO] PluginManager:220 - loadIPPluginJar : add genericplugin
2023-11-06 17:32:23,717 [INFO] IPUIPlugin:80 - create IPUIPlugin
2023-11-06 17:32:23,717 [INFO] PluginManager:220 - loadIPPluginJar : add gfxmmu
2023-11-06 17:32:23,862 [INFO] IPUIPlugin:80 - create IPUIPlugin
2023-11-06 17:32:23,863 [INFO] PluginManager:220 - loadIPPluginJar : add gic
2023-11-06 17:32:23,877 [INFO] IPUIPlugin:80 - create IPUIPlugin
2023-11-06 17:32:23,879 [INFO] PluginManager:220 - loadIPPluginJar : add gpio
2023-11-06 17:32:23,968 [INFO] IPUIPlugin:80 - create IPUIPlugin
2023-11-06 17:32:23,968 [INFO] PluginManager:220 - loadIPPluginJar : add gtzc
2023-11-06 17:32:24,010 [INFO] IPUIPlugin:80 - create IPUIPlugin
2023-11-06 17:32:24,010 [INFO] PluginManager:220 - loadIPPluginJar : add hash
2023-11-06 17:32:24,072 [INFO] IPUIPlugin:80 - create IPUIPlugin
2023-11-06 17:32:24,072 [INFO] PluginManager:220 - loadIPPluginJar : add i2c
2023-11-06 17:32:24,117 [INFO] IPUIPlugin:80 - create IPUIPlugin
2023-11-06 17:32:24,117 [INFO] PluginManager:220 - loadIPPluginJar : add i2s
2023-11-06 17:32:24,165 [INFO] IPUIPlugin:80 - create IPUIPlugin
2023-11-06 17:32:24,165 [INFO] PluginManager:220 - loadIPPluginJar : add i3c
2023-11-06 17:32:24,269 [INFO] IPUIPlugin:80 - create IPUIPlugin
2023-11-06 17:32:24,270 [INFO] PluginManager:220 - loadIPPluginJar : add ipddr
2023-11-06 17:32:24,368 [INFO] IPUIPlugin:80 - create IPUIPlugin
2023-11-06 17:32:24,368 [INFO] PluginManager:220 - loadIPPluginJar : add linkedlist
2023-11-06 17:32:24,397 [INFO] IPUIPlugin:80 - create IPUIPlugin
2023-11-06 17:32:24,397 [INFO] PluginManager:220 - loadIPPluginJar : add lorawan
2023-11-06 17:32:24,427 [INFO] IPUIPlugin:80 - create IPUIPlugin
2023-11-06 17:32:24,427 [INFO] PluginManager:220 - loadIPPluginJar : add ltdc
2023-11-06 17:32:24,438 [INFO] IPUIPlugin:80 - create IPUIPlugin
2023-11-06 17:32:24,439 [INFO] PluginManager:220 - loadIPPluginJar : add mdma
2023-11-06 17:32:24,448 [INFO] IPUIPlugin:80 - create IPUIPlugin
2023-11-06 17:32:24,448 [INFO] PluginManager:220 - loadIPPluginJar : add nvic
2023-11-06 17:32:24,477 [INFO] IPUIPlugin:80 - create IPUIPlugin
2023-11-06 17:32:24,477 [INFO] PluginManager:220 - loadIPPluginJar : add opamp
2023-11-06 17:32:24,524 [INFO] IPUIPlugin:80 - create IPUIPlugin
2023-11-06 17:32:24,524 [INFO] PluginManager:220 - loadIPPluginJar : add openamp
2023-11-06 17:32:24,558 [INFO] IPUIPlugin:80 - create IPUIPlugin
2023-11-06 17:32:24,558 [INFO] PluginManager:220 - loadIPPluginJar : add pdm2pcm
2023-11-06 17:32:24,570 [INFO] IPUIPlugin:80 - create IPUIPlugin
2023-11-06 17:32:24,572 [INFO] PluginManager:220 - loadIPPluginJar : add plateformsettings
2023-11-06 17:32:24,589 [INFO] IPUIPlugin:80 - create IPUIPlugin
2023-11-06 17:32:24,589 [INFO] PluginManager:220 - loadIPPluginJar : add quadspi
2023-11-06 17:32:24,599 [INFO] IPUIPlugin:80 - create IPUIPlugin
2023-11-06 17:32:24,599 [INFO] PluginManager:220 - loadIPPluginJar : add resmgrutility
2023-11-06 17:32:24,637 [INFO] IPUIPlugin:80 - create IPUIPlugin
2023-11-06 17:32:24,637 [INFO] PluginManager:220 - loadIPPluginJar : add sai
2023-11-06 17:32:24,665 [INFO] IPUIPlugin:80 - create IPUIPlugin
2023-11-06 17:32:24,665 [INFO] PluginManager:220 - loadIPPluginJar : add spi
2023-11-06 17:32:24,712 [INFO] IPUIPlugin:80 - create IPUIPlugin
2023-11-06 17:32:24,712 [INFO] PluginManager:220 - loadIPPluginJar : add stm32_wpan
2023-11-06 17:32:24,730 [INFO] IPUIPlugin:80 - create IPUIPlugin
2023-11-06 17:32:24,730 [INFO] PluginManager:220 - loadIPPluginJar : add tim
2023-11-06 17:32:24,776 [INFO] IPUIPlugin:80 - create IPUIPlugin
2023-11-06 17:32:24,776 [INFO] PluginManager:220 - loadIPPluginJar : add touchsensing
2023-11-06 17:32:24,794 [INFO] IPUIPlugin:80 - create IPUIPlugin
2023-11-06 17:32:24,794 [INFO] PluginManager:220 - loadIPPluginJar : add tracer_emb
2023-11-06 17:32:24,813 [INFO] IPUIPlugin:80 - create IPUIPlugin
2023-11-06 17:32:24,813 [INFO] PluginManager:220 - loadIPPluginJar : add ts
2023-11-06 17:32:24,833 [INFO] IPUIPlugin:80 - create IPUIPlugin
2023-11-06 17:32:24,833 [INFO] PluginManager:220 - loadIPPluginJar : add tsc
2023-11-06 17:32:24,850 [INFO] IPUIPlugin:80 - create IPUIPlugin
2023-11-06 17:32:24,851 [INFO] PluginManager:220 - loadIPPluginJar : add ucpd
2023-11-06 17:32:24,887 [INFO] IPUIPlugin:80 - create IPUIPlugin
2023-11-06 17:32:24,888 [INFO] PluginManager:220 - loadIPPluginJar : add usart
2023-11-06 17:32:24,925 [INFO] IPUIPlugin:80 - create IPUIPlugin
2023-11-06 17:32:24,926 [INFO] PluginManager:220 - loadIPPluginJar : add usbx
2023-11-06 17:32:25,041 [INFO] CADModel:165 - CPN selected for project level
2023-11-06 17:32:25,041 [INFO] CADModel:114 - Register for checkConnection events
2023-11-06 17:32:25,041 [FATAL] Updater:308 - Updater called before beeing initialized
2023-11-06 17:32:25,041 [ERROR] CADModel:125 - Updater not yet initialized, retry later 
2023-11-06 17:32:25,152 [INFO] CADModel:165 - CPN selected for project level
2023-11-06 17:32:25,152 [INFO] CADModel:114 - Register for checkConnection events
2023-11-06 17:32:25,152 [FATAL] Updater:308 - Updater called before beeing initialized
2023-11-06 17:32:25,152 [ERROR] CADModel:125 - Updater not yet initialized, retry later 
2023-11-06 17:32:25,155 [FATAL] Updater:308 - Updater called before beeing initialized
2023-11-06 17:32:25,254 [FATAL] Updater:308 - Updater called before beeing initialized
2023-11-06 17:32:25,264 [INFO] DbMcusAds:53 - JSON generation date=Tue Mar 07 00:50:55 PST 2023 (1678179055335)
2023-11-06 17:32:25,264 [FATAL] Updater:308 - Updater called before beeing initialized
2023-11-06 17:32:25,307 [WARN] DetailPanel:346 - Failed to get advertising image, set to default
2023-11-06 17:32:25,392 [FATAL] Updater:308 - Updater called before beeing initialized
2023-11-06 17:32:25,393 [FATAL] Updater:308 - Updater called before beeing initialized
2023-11-06 17:32:25,393 [FATAL] Updater:308 - Updater called before beeing initialized
2023-11-06 17:32:25,393 [WARN] DetailPanel:346 - Failed to get advertising image, set to default
2023-11-06 17:32:25,394 [FATAL] Updater:308 - Updater called before beeing initialized
2023-11-06 17:32:25,443 [ERROR] Updater:1120 - MainUpdater not yet initialized. External WinMGr cannot be set.
2023-11-06 17:32:25,452 [INFO] Updater:1056 - Updater Version found : 6.9.2
2023-11-06 17:32:25,468 [INFO] ApplicationProperties:184 - Using Application install path: C:\ST\STM32CubeIDE_1.12.0\STM32CubeIDE\plugins\com.st.stm32cube.common.mx_6.9.2.202309101412
2023-11-06 17:32:25,881 [INFO] ThirdPartyUpdaterWithRetryManager:70 - Updater plugin not ready yet. [2/15]
2023-11-06 17:32:26,433 [INFO] MainUpdater:2868 - connection check result : 10
2023-11-06 17:32:26,434 [INFO] MainUpdater:285 - Updater Check For Update Now.
2023-11-06 17:32:26,434 [INFO] MicroXplorer:498 - Change Database Version : DB.6.0.92
2023-11-06 17:32:26,446 [INFO] McuFinderGlobals:63 - Set McuFinder mode to 2 (CubeIDE integrated)
2023-11-06 17:32:26,447 [INFO] UserAuth:179 - activating auth plugin
2023-11-06 17:32:26,449 [INFO] UserAuth:393 - Internet connection configuration mode: 1
2023-11-06 17:32:26,471 [INFO] JxBrowserEngine:151 - Initiate JxBrowser Engine with user profile folder
2023-11-06 17:32:26,621 [INFO] CheckServerUpdateThread:120 - End of CheckServer Thread
2023-11-06 17:32:28,300 [INFO] WebApp:157 - Instantiating new browser for Auth
2023-11-06 17:32:28,740 [INFO] WebApp:753 - Register for checkConnection events
2023-11-06 17:32:28,741 [INFO] WebApp:390 - Apply proxy settings
2023-11-06 17:32:28,741 [INFO] WebApp:475 - Chromium requires no authentication
2023-11-06 17:32:28,747 [INFO] WebApp:418 - Direct internet connection detected
2023-11-06 17:32:28,873 [INFO] WebApp:188 - Starting web application
2023-11-06 17:32:28,873 [INFO] WebApp:520 - Web application path used C:\ST\STM32CubeIDE_1.12.0\STM32CubeIDE\plugins\com.st.stm32cube.common.mx_6.9.2.202309101412\db\plugins\mcufinder\reactClient1\index.html
2023-11-06 17:32:29,043 [WARN] PackLoader:240 - Cannot read IP mode file for STMicroelectronics.X-CUBE-SMBUS.2.1.0
2023-11-06 17:32:29,079 [WARN] PackLoader:240 - Cannot read IP mode file for STMicroelectronics.X-CUBE-AZRTOS-F7.1.1.0
2023-11-06 17:32:29,093 [WARN] PackLoader:240 - Cannot read IP mode file for STMicroelectronics.FP-SNS-MOTENV1.4.3.2
2023-11-06 17:32:29,105 [WARN] PackLoader:240 - Cannot read IP mode file for STMicroelectronics.FP-SNS-FLIGHT1.5.0.2
2023-11-06 17:32:29,121 [WARN] PackLoader:240 - Cannot read IP mode file for STMicroelectronics.X-CUBE-BLE2.3.2.2
2023-11-06 17:32:29,206 [WARN] PackLoader:240 - Cannot read IP mode file for STMicroelectronics.X-CUBE-DISPLAY.3.0.0
2023-11-06 17:32:29,219 [WARN] PackLoader:240 - Cannot read IP mode file for STMicroelectronics.X-CUBE-BLE1.7.0.0
2023-11-06 17:32:29,231 [WARN] PackLoader:240 - Cannot read IP mode file for emotas.I-CUBE-CANOPEN.1.3.0
2023-11-06 17:32:29,242 [WARN] PackLoader:240 - Cannot read IP mode file for STMicroelectronics.X-CUBE-TOUCHGFX.4.22.0
2023-11-06 17:32:29,298 [WARN] PackLoader:240 - Cannot read IP mode file for STMicroelectronics.X-CUBE-TOUCHGFX.4.22.1
2023-11-06 17:32:29,347 [WARN] PackLoader:240 - Cannot read IP mode file for STMicroelectronics.FP-SNS-SMARTAG2.1.2.0
2023-11-06 17:32:29,365 [INFO] LogOutputStream:77 - [STDOUT_REDIRECT] 1 : Invalid condition id : UX_CORESTACK_Condition cause : null
2023-11-06 17:32:29,365 [INFO] LogOutputStream:77 - [STDOUT_REDIRECT] 1 : Invalid condition id : UX_CORESTACK_Condition cause : null
2023-11-06 17:32:29,366 [INFO] LogOutputStream:77 - [STDOUT_REDIRECT] 1 : Invalid condition id : UX_CORESTACK_Condition cause : null
2023-11-06 17:32:29,367 [INFO] LogOutputStream:77 - [STDOUT_REDIRECT] 1 : Invalid condition id : UX_CORESTACK_Condition cause : null
2023-11-06 17:32:29,368 [INFO] LogOutputStream:77 - [STDOUT_REDIRECT] 1 : Invalid condition id : UX_CORESTACK_Condition cause : null
2023-11-06 17:32:29,376 [WARN] PackLoader:240 - Cannot read IP mode file for STMicroelectronics.X-CUBE-AZRTOS-WL.2.0.0
2023-11-06 17:32:29,394 [WARN] PackLoader:240 - Cannot read IP mode file for WES.I-CUBE-Cesium.1.3.0
2023-11-06 17:32:29,405 [WARN] PackLoader:240 - Cannot read IP mode file for STMicroelectronics.X-CUBE-BLE2.3.3.0
2023-11-06 17:32:29,448 [WARN] PackLoader:240 - Cannot read IP mode file for STMicroelectronics.X-CUBE-TOUCHGFX.4.21.0
2023-11-06 17:32:29,495 [WARN] PackLoader:240 - Cannot read IP mode file for STMicroelectronics.X-CUBE-ALGOBUILD.1.3.0
2023-11-06 17:32:29,523 [WARN] PackLoader:240 - Cannot read IP mode file for STMicroelectronics.X-CUBE-AZRTOS-G0.1.1.0
2023-11-06 17:32:29,537 [WARN] PackLoader:240 - Cannot read IP mode file for STMicroelectronics.X-CUBE-NFC4.3.0.0
2023-11-06 17:32:29,551 [WARN] PackLoader:240 - Cannot read IP mode file for STMicroelectronics.X-CUBE-BLEMGR.3.0.0
2023-11-06 17:32:29,560 [WARN] PackLoader:240 - Cannot read IP mode file for STMicroelectronics.FP-ATR-SIGFOX1.3.2.0
2023-11-06 17:32:29,570 [WARN] PackLoader:240 - Cannot read IP mode file for STMicroelectronics.X-CUBE-GNSS1.6.0.0
2023-11-06 17:32:29,592 [WARN] PackLoader:240 - Cannot read IP mode file for STMicroelectronics.X-CUBE-AZRTOS-F4.1.1.0
2023-11-06 17:32:29,604 [WARN] PackLoader:240 - Cannot read IP mode file for wolfSSL.I-CUBE-wolfSSL.5.6.3
2023-11-06 17:32:29,628 [WARN] PackLoader:240 - Cannot read IP mode file for STMicroelectronics.X-CUBE-AZRTOS-L5.2.0.0
2023-11-06 17:32:29,680 [WARN] PackLoader:240 - Cannot read IP mode file for STMicroelectronics.X-CUBE-MEMS1.9.6.0
2023-11-06 17:32:29,960 [WARN] PackLoader:240 - Cannot read IP mode file for STMicroelectronics.X-CUBE-EEPRMA1.4.2.0
2023-11-06 17:32:29,971 [WARN] PackLoader:240 - Cannot read IP mode file for ITTIA_DB.I-CUBE-ITTIADB.8.8.0
2023-11-06 17:32:30,030 [WARN] PackLoader:240 - Cannot read IP mode file for STMicroelectronics.X-CUBE-MEMS1.7.2.0
2023-11-06 17:32:30,151 [WARN] ConditionMgr:438 - getConditionDescription Invalid condition id : UX DEVICE CLASS RTOS Condition cause : null
2023-11-06 17:32:30,152 [WARN] ConditionMgr:438 - getConditionDescription Invalid condition id : UX DEVICE CLASS RTOS Condition cause : null
2023-11-06 17:32:30,154 [WARN] PackLoader:240 - Cannot read IP mode file for STMicroelectronics.X-CUBE-AZRTOS-H7.3.1.0
2023-11-06 17:32:30,155 [WARN] ConditionMgr:1039 - genDependencies : Invalid condition id : UX DEVICE CLASS RTOS Condition cause : null
2023-11-06 17:32:30,155 [WARN] ConditionMgr:1039 - genDependencies : Invalid condition id : UX DEVICE CLASS RTOS Condition cause : null
2023-11-06 17:32:30,155 [WARN] ConditionMgr:1039 - genDependencies : Invalid condition id : UX DEVICE CLASS RTOS Condition cause : null
2023-11-06 17:32:30,155 [WARN] ConditionMgr:1039 - genDependencies : Invalid condition id : UX DEVICE CLASS RTOS Condition cause : null
2023-11-06 17:32:30,156 [WARN] ConditionMgr:1039 - genDependencies : Invalid condition id : UX DEVICE CLASS RTOS Condition cause : null
2023-11-06 17:32:30,167 [WARN] PackLoader:240 - Cannot read IP mode file for STMicroelectronics.X-CUBE-NFC7.1.0.1
2023-11-06 17:32:30,181 [WARN] PackLoader:240 - Cannot read IP mode file for STMicroelectronics.X-CUBE-NFC6.3.0.0
2023-11-06 17:32:30,193 [WARN] PackLoader:240 - Cannot read IP mode file for STMicroelectronics.X-CUBE-AI.8.1.0
2023-11-06 17:32:30,250 [WARN] ConditionMgr:438 - getConditionDescription Invalid condition id : LAN8742 Phy interface Condition cause : null
2023-11-06 17:32:30,250 [WARN] PackLoader:240 - Cannot read IP mode file for STMicroelectronics.X-CUBE-AZRTOS-L4.2.0.0
2023-11-06 17:32:30,253 [WARN] ConditionMgr:1039 - genDependencies : Invalid condition id : LAN8742 Phy interface Condition cause : null
2023-11-06 17:32:30,254 [WARN] ConditionMgr:1039 - genDependencies : Invalid condition id : LAN8742 Phy interface Condition cause : null
2023-11-06 17:32:30,255 [WARN] ConditionMgr:1039 - genDependencies : Invalid condition id : LAN8742 Phy interface Condition cause : null
2023-11-06 17:32:30,269 [WARN] PackLoader:240 - Cannot read IP mode file for STMicroelectronics.X-CUBE-SFXS2LP1.4.0.0
2023-11-06 17:32:30,282 [WARN] PackLoader:240 - Cannot read IP mode file for STMicroelectronics.X-CUBE-ISPU.1.1.0
2023-11-06 17:32:30,301 [WARN] ConditionMgr:438 - getConditionDescription Invalid condition id : UX DEVICE CLASS RTOS Condition cause : null
2023-11-06 17:32:30,301 [WARN] ConditionMgr:438 - getConditionDescription Invalid condition id : UX DEVICE CLASS RTOS Condition cause : null
2023-11-06 17:32:30,302 [WARN] PackLoader:240 - Cannot read IP mode file for STMicroelectronics.X-CUBE-AZRTOS-WB.2.0.0
2023-11-06 17:32:30,304 [WARN] ConditionMgr:1039 - genDependencies : Invalid condition id : UX DEVICE CLASS RTOS Condition cause : null
2023-11-06 17:32:30,304 [WARN] ConditionMgr:1039 - genDependencies : Invalid condition id : UX DEVICE CLASS RTOS Condition cause : null
2023-11-06 17:32:30,304 [WARN] ConditionMgr:1039 - genDependencies : Invalid condition id : UX DEVICE CLASS RTOS Condition cause : null
2023-11-06 17:32:30,304 [WARN] ConditionMgr:1039 - genDependencies : Invalid condition id : UX DEVICE CLASS RTOS Condition cause : null
2023-11-06 17:32:30,304 [WARN] ConditionMgr:1039 - genDependencies : Invalid condition id : UX DEVICE CLASS RTOS Condition cause : null
2023-11-06 17:32:30,315 [WARN] PackLoader:240 - Cannot read IP mode file for STMicroelectronics.X-CUBE-FREERTOS.1.0.1
2023-11-06 17:32:30,401 [WARN] PackLoader:240 - Cannot read IP mode file for STMicroelectronics.X-CUBE-MEMS1.9.0.0
2023-11-06 17:32:30,608 [WARN] PackLoader:240 - Cannot read IP mode file for STMicroelectronics.X-CUBE-SUBG2.5.0.0
2023-11-06 17:32:30,628 [WARN] PackLoader:240 - Cannot read IP mode file for STMicroelectronics.X-CUBE-TOF1.3.3.1
2023-11-06 17:32:30,659 [WARN] PackLoader:240 - Cannot read IP mode file for STMicroelectronics.X-CUBE-AZRTOS-G4.2.0.0
2023-11-06 17:32:30,685 [WARN] PackLoader:240 - Cannot read IP mode file for Infineon.AIROC-Wi-Fi-Bluetooth-STM32.1.5.1
2023-11-06 17:32:30,732 [WARN] PackLoader:240 - Cannot read IP mode file for STMicroelectronics.X-CUBE-MEMS1.10.0.0
2023-11-06 17:32:30,913 [WARN] PackLoader:240 - Cannot read IP mode file for STMicroelectronics.X-CUBE-FREERTOS.1.1.0
2023-11-06 17:32:30,960 [WARN] PackLoader:240 - Cannot read IP mode file for portGmbH.I-Cube-SoM-uGOAL.1.1.0
2023-11-06 17:32:30,969 [WARN] PackLoader:240 - Cannot read IP mode file for STMicroelectronics.X-CUBE-ALS.1.0.1
2023-11-06 17:32:30,979 [WARN] PackLoader:240 - Cannot read IP mode file for STMicroelectronics.FP-ATR-ASTRA1.2.0.0
2023-11-06 17:32:30,980 [INFO] ThirdParty:978 - Integrity check success = true
2023-11-06 17:32:30,980 [INFO] IntegrityCheckThread:100 - exiting critical section [integrity check]
2023-11-06 17:32:30,980 [INFO] IntegrityCheckThread:103 - End integrity checks thread
2023-11-06 17:32:41,107 [ERROR] LogOutputStream:75 - [STDERR_REDIRECT] SLF4J: Failed to load class "org.slf4j.impl.StaticLoggerBinder".
2023-11-06 17:32:41,107 [ERROR] LogOutputStream:75 - [STDERR_REDIRECT] SLF4J: Defaulting to no-operation (NOP) logger implementation
2023-11-06 17:32:41,108 [ERROR] LogOutputStream:75 - [STDERR_REDIRECT] SLF4J: See http://www.slf4j.org/codes.html#StaticLoggerBinder for further details.
