2023-11-13 00:44:50,048 [ERROR] LogOutputStream:75 - [STDERR_REDIRECT] 
2023-11-13 00:45:09,759 [INFO] Activator:176 - 


2023-11-13 00:45:09,760 [INFO] Activator:177 - !SESSION log4j initialized
2023-11-13 00:45:14,660 [INFO] LogOutputStream:77 - [STDOUT_REDIRECT] 
2023-11-13 00:45:15,451 [INFO] ApplicationProperties:184 - Using Application install path: C:\ST\STM32CubeIDE_1.13.2\STM32CubeIDE\plugins\com.st.stm32cube.common.mx_6.9.2.202309101412
2023-11-13 00:45:15,464 [INFO] DbMcusXml:78 - Set database path to: C:\ST\STM32CubeIDE_1.13.2\STM32CubeIDE\plugins\com.st.stm32cube.common.mx_6.9.2.202309101412\\db\/mcu/
2023-11-13 00:45:15,464 [INFO] ApiDb:274 - Set plugin database path to: C:\ST\STM32CubeIDE_1.13.2\STM32CubeIDE\plugins\com.st.stm32cube.common.mx_6.9.2.202309101412\\db\/plugins/boardmanager/
2023-11-13 00:45:15,464 [WARN] ApiDb:259 - Overriding images path with different value:  => C:\ST\STM32CubeIDE_1.13.2\STM32CubeIDE\plugins\com.st.stm32cube.common.mx_6.9.2.202309101412\\db\/plugins/mcufinder/images/
2023-11-13 00:45:15,474 [INFO] ApiDb:250 - Set database path to: C:\Users\zafee\.stmcufinder\plugins\mcufinder//mcu/
2023-11-13 00:45:15,475 [INFO] DbMcusAds:125 - Set database path to: C:\Users\zafee\.stmcufinder\plugins\mcufinder//mcu/
2023-11-13 00:45:15,477 [INFO] CrossReferenceDbSqlite:203 - Set database path to: C:\Users\zafee\.stmcufinder\plugins\mcufinder//mcu/cs/
2023-11-13 00:45:15,562 [INFO] RulesReader:64 - Compatibility file has been processed (293 Rules)
2023-11-13 00:45:15,628 [INFO] DbMcusXml:78 - Set database path to: C:\ST\STM32CubeIDE_1.13.2\STM32CubeIDE\plugins\com.st.stm32cube.common.mx_6.9.2.202309101412\\db\/mcu/
2023-11-13 00:45:15,628 [INFO] ApiDb:274 - Set plugin database path to: C:\ST\STM32CubeIDE_1.13.2\STM32CubeIDE\plugins\com.st.stm32cube.common.mx_6.9.2.202309101412\\db\/plugins/boardmanager/
2023-11-13 00:45:15,628 [INFO] ApiDb:261 - Set plugin images path to: C:\ST\STM32CubeIDE_1.13.2\STM32CubeIDE\plugins\com.st.stm32cube.common.mx_6.9.2.202309101412\\db\/plugins/mcufinder/images/
2023-11-13 00:45:15,629 [WARN] DbFile:41 - Overriding database path with different value: C:\Users\zafee\.stmcufinder\plugins\mcufinder/ => C:\Users\zafee\.stmcufinder\plugins\mcufinder
2023-11-13 00:45:15,629 [INFO] ApiDb:250 - Set database path to: C:\Users\zafee\.stmcufinder\plugins\mcufinder//mcu/
2023-11-13 00:45:15,629 [WARN] DbFile:41 - Overriding database path with different value: C:\Users\zafee\.stmcufinder\plugins\mcufinder/ => C:\Users\zafee\.stmcufinder\plugins\mcufinder
2023-11-13 00:45:15,629 [INFO] DbMcusAds:125 - Set database path to: C:\Users\zafee\.stmcufinder\plugins\mcufinder//mcu/
2023-11-13 00:45:15,629 [WARN] DbFile:41 - Overriding database path with different value: C:\Users\zafee\.stmcufinder\plugins\mcufinder/ => C:\Users\zafee\.stmcufinder\plugins\mcufinder
2023-11-13 00:45:15,629 [WARN] DbFile:41 - Overriding database path with different value: C:\Users\zafee\.stmcufinder\plugins\mcufinder/ => C:\Users\zafee\.stmcufinder\plugins\mcufinder
2023-11-13 00:45:15,629 [INFO] CrossReferenceDbSqlite:203 - Set database path to: C:\Users\zafee\.stmcufinder\plugins\mcufinder//mcu/cs/
2023-11-13 00:45:15,683 [INFO] MainPanel:262 - HeapMemory: 268435456
2023-11-13 00:45:15,735 [INFO] DbMcusXml:78 - Set database path to: C:\ST\STM32CubeIDE_1.13.2\STM32CubeIDE\plugins\com.st.stm32cube.common.mx_6.9.2.202309101412\\db\/mcu/
2023-11-13 00:45:15,735 [INFO] ApiDb:274 - Set plugin database path to: C:\ST\STM32CubeIDE_1.13.2\STM32CubeIDE\plugins\com.st.stm32cube.common.mx_6.9.2.202309101412\\db\/plugins/boardmanager/
2023-11-13 00:45:15,735 [INFO] ApiDb:261 - Set plugin images path to: C:\ST\STM32CubeIDE_1.13.2\STM32CubeIDE\plugins\com.st.stm32cube.common.mx_6.9.2.202309101412\\db\/plugins/mcufinder/images/
2023-11-13 00:45:15,735 [WARN] DbFile:41 - Overriding database path with different value: C:\Users\zafee\.stmcufinder\plugins\mcufinder/ => C:\Users\zafee\.stmcufinder\plugins\mcufinder
2023-11-13 00:45:15,735 [INFO] ApiDb:250 - Set database path to: C:\Users\zafee\.stmcufinder\plugins\mcufinder//mcu/
2023-11-13 00:45:15,735 [WARN] DbFile:41 - Overriding database path with different value: C:\Users\zafee\.stmcufinder\plugins\mcufinder/ => C:\Users\zafee\.stmcufinder\plugins\mcufinder
2023-11-13 00:45:15,735 [INFO] DbMcusAds:125 - Set database path to: C:\Users\zafee\.stmcufinder\plugins\mcufinder//mcu/
2023-11-13 00:45:15,736 [WARN] DbFile:41 - Overriding database path with different value: C:\Users\zafee\.stmcufinder\plugins\mcufinder/ => C:\Users\zafee\.stmcufinder\plugins\mcufinder
2023-11-13 00:45:15,736 [WARN] DbFile:41 - Overriding database path with different value: C:\Users\zafee\.stmcufinder\plugins\mcufinder/ => C:\Users\zafee\.stmcufinder\plugins\mcufinder
2023-11-13 00:45:15,736 [INFO] CrossReferenceDbSqlite:203 - Set database path to: C:\Users\zafee\.stmcufinder\plugins\mcufinder//mcu/cs/
2023-11-13 00:45:15,747 [INFO] ApplicationProperties:184 - Using Application install path: C:\ST\STM32CubeIDE_1.13.2\STM32CubeIDE\plugins\com.st.stm32cube.common.mx_6.9.2.202309101412
2023-11-13 00:45:15,748 [INFO] PluginManage:196 - Search for loadable plugins [exclusion list=, ]
2023-11-13 00:45:15,749 [INFO] PluginManage:310 - Check plugin analytics
2023-11-13 00:45:15,877 [INFO] AnalyticsPlugin:253 - Accepted Software Licenses: STM32CubeMX.6.9.2
2023-11-13 00:45:15,877 [INFO] AnalyticsPlugin:255 - Accepted CMSIS Pack Licenses: STMicroelectronics.X-CUBE-TOUCHGFX.4.21.0
2023-11-13 00:45:15,878 [INFO] AnalyticsPlugin:257 - Accepted Firmware Licenses: 
2023-11-13 00:45:15,880 [INFO] PluginManage:359 - Loaded plugin analytics (category:tool,tabindex:-1)
2023-11-13 00:45:15,880 [INFO] PluginManage:310 - Check plugin cadmodel
2023-11-13 00:45:15,890 [INFO] CADModel:105 - Init CAD model plugin
2023-11-13 00:45:15,890 [INFO] PluginManage:359 - Loaded plugin cadmodel (category:power,tabindex:5)
2023-11-13 00:45:15,890 [INFO] PluginManage:310 - Check plugin clock
2023-11-13 00:45:15,906 [INFO] PluginManage:359 - Loaded plugin clock (category:base,tabindex:2)
2023-11-13 00:45:15,906 [INFO] PluginManage:310 - Check plugin ddr
2023-11-13 00:45:15,908 [INFO] PluginManage:359 - Loaded plugin ddr (category:tool,tabindex:6)
2023-11-13 00:45:15,908 [INFO] PluginManage:310 - Check plugin filemanager
2023-11-13 00:45:16,031 [INFO] PluginManage:359 - Loaded plugin filemanager (category:base,tabindex:10)
2023-11-13 00:45:16,031 [INFO] PluginManage:310 - Check plugin ipmanager
2023-11-13 00:45:16,037 [INFO] PluginManage:359 - Loaded plugin ipmanager (category:base,tabindex:5)
2023-11-13 00:45:16,037 [INFO] PluginManage:310 - Check plugin lpbam
2023-11-13 00:45:16,049 [INFO] PluginManage:359 - Loaded plugin lpbam (category:base,tabindex:0)
2023-11-13 00:45:16,050 [INFO] PluginManage:310 - Check plugin memorymap
2023-11-13 00:45:16,065 [INFO] PluginManage:359 - Loaded plugin memorymap (category:base,tabindex:4)
2023-11-13 00:45:16,066 [INFO] PluginManage:310 - Check plugin pinoutandconfiguration
2023-11-13 00:45:16,078 [INFO] PluginManage:359 - Loaded plugin pinoutandconfiguration (category:base,tabindex:1)
2023-11-13 00:45:16,078 [INFO] PluginManage:310 - Check plugin pinoutconfig
2023-11-13 00:45:16,155 [WARN] SupportedApi:132 - Cannot load RTOS API schema: s4s-elt-must-match.1: The content of 'definitions' must match (annotation?, (simpleType | complexType)?, (unique | key | keyref)*)). A problem was found starting at: attribute.
2023-11-13 00:45:16,243 [INFO] PluginManage:359 - Loaded plugin pinoutconfig (category:base,tabindex:0)
2023-11-13 00:45:16,243 [INFO] PluginManage:310 - Check plugin power
2023-11-13 00:45:16,256 [INFO] PluginManage:359 - Loaded plugin power (category:power,tabindex:4)
2023-11-13 00:45:16,256 [INFO] PluginManage:310 - Check plugin projectmanager
2023-11-13 00:45:16,268 [INFO] PluginManage:359 - Loaded plugin projectmanager (category:projectmanager,tabindex:3)
2023-11-13 00:45:16,268 [INFO] PluginManage:310 - Check plugin thirdparty
2023-11-13 00:45:16,452 [INFO] PluginManage:359 - Loaded plugin thirdparty (category:base,tabindex:-1)
2023-11-13 00:45:16,452 [INFO] PluginManage:310 - Check plugin tools
2023-11-13 00:45:16,452 [WARN] IntegrityCheckThread:84 - waiting for thirdparty lock release [integrity check]
2023-11-13 00:45:16,452 [INFO] IntegrityCheckThread:86 - entering critical section [integrity check]
2023-11-13 00:45:16,453 [INFO] ThirdPartyUpdaterWithRetryManager:70 - Updater plugin not ready yet. [1/15]
2023-11-13 00:45:16,476 [INFO] PluginManage:359 - Loaded plugin tools (category:base,tabindex:7)
2023-11-13 00:45:16,476 [INFO] PluginManage:310 - Check plugin tutovideos
2023-11-13 00:45:16,598 [INFO] PluginManage:359 - Loaded plugin tutovideos (category:base,tabindex:-1)
2023-11-13 00:45:16,598 [INFO] PluginManage:310 - Check plugin updater
2023-11-13 00:45:16,608 [INFO] PluginManage:359 - Loaded plugin updater (category:base,tabindex:12)
2023-11-13 00:45:16,608 [INFO] PluginManage:310 - Check plugin userauth
2023-11-13 00:45:16,612 [INFO] UserAuth:113 - Init User Auth plugin
2023-11-13 00:45:16,612 [INFO] PluginManage:359 - Loaded plugin userauth (category:base,tabindex:14)
2023-11-13 00:45:16,612 [INFO] PluginManage:283 - PluginManage : Loaded plugins [17]
2023-11-13 00:45:16,767 [INFO] PinOutPanel:1499 - setPackage(No Configuration,No Configuration)
2023-11-13 00:45:16,842 [INFO] CADModel:165 - CPN selected for project level
2023-11-13 00:45:16,842 [INFO] CADModel:114 - Register for checkConnection events
2023-11-13 00:45:16,857 [INFO] IPUIPlugin:80 - create IPUIPlugin
2023-11-13 00:45:16,857 [INFO] PluginManager:220 - loadIPPluginJar : add adc
2023-11-13 00:45:16,881 [INFO] IPUIPlugin:80 - create IPUIPlugin
2023-11-13 00:45:16,881 [INFO] PluginManager:220 - loadIPPluginJar : add aes
2023-11-13 00:45:16,909 [INFO] IPUIPlugin:80 - create IPUIPlugin
2023-11-13 00:45:16,909 [INFO] PluginManager:220 - loadIPPluginJar : add can
2023-11-13 00:45:16,911 [INFO] IPUIPlugin:80 - create IPUIPlugin
2023-11-13 00:45:16,911 [INFO] PluginManager:220 - loadIPPluginJar : add comp
2023-11-13 00:45:16,935 [INFO] IPUIPlugin:80 - create IPUIPlugin
2023-11-13 00:45:16,935 [INFO] PluginManager:220 - loadIPPluginJar : add cryp
2023-11-13 00:45:16,954 [INFO] IPUIPlugin:80 - create IPUIPlugin
2023-11-13 00:45:16,954 [INFO] PluginManager:220 - loadIPPluginJar : add dfsdm
2023-11-13 00:45:16,963 [INFO] IPUIPlugin:80 - create IPUIPlugin
2023-11-13 00:45:16,964 [INFO] PluginManager:220 - loadIPPluginJar : add dma
2023-11-13 00:45:16,993 [INFO] IPUIPlugin:80 - create IPUIPlugin
2023-11-13 00:45:16,994 [INFO] PluginManager:220 - loadIPPluginJar : add dma3
2023-11-13 00:45:17,007 [INFO] IPUIPlugin:80 - create IPUIPlugin
2023-11-13 00:45:17,007 [INFO] PluginManager:220 - loadIPPluginJar : add fatfs
2023-11-13 00:45:17,041 [INFO] IPUIPlugin:80 - create IPUIPlugin
2023-11-13 00:45:17,041 [INFO] PluginManager:220 - loadIPPluginJar : add fmc
2023-11-13 00:45:17,051 [INFO] IPUIPlugin:80 - create IPUIPlugin
2023-11-13 00:45:17,051 [INFO] PluginManager:220 - loadIPPluginJar : add freertos
2023-11-13 00:45:17,053 [INFO] IPUIPlugin:80 - create IPUIPlugin
2023-11-13 00:45:17,053 [INFO] PluginManager:220 - loadIPPluginJar : add genericplugin
2023-11-13 00:45:17,114 [INFO] IPUIPlugin:80 - create IPUIPlugin
2023-11-13 00:45:17,114 [INFO] PluginManager:220 - loadIPPluginJar : add gfxmmu
2023-11-13 00:45:17,197 [INFO] IPUIPlugin:80 - create IPUIPlugin
2023-11-13 00:45:17,197 [INFO] PluginManager:220 - loadIPPluginJar : add gic
2023-11-13 00:45:17,205 [INFO] IPUIPlugin:80 - create IPUIPlugin
2023-11-13 00:45:17,206 [INFO] PluginManager:220 - loadIPPluginJar : add gpio
2023-11-13 00:45:17,267 [INFO] IPUIPlugin:80 - create IPUIPlugin
2023-11-13 00:45:17,267 [INFO] PluginManager:220 - loadIPPluginJar : add gtzc
2023-11-13 00:45:17,269 [INFO] IPUIPlugin:80 - create IPUIPlugin
2023-11-13 00:45:17,269 [INFO] PluginManager:220 - loadIPPluginJar : add hash
2023-11-13 00:45:17,303 [INFO] IPUIPlugin:80 - create IPUIPlugin
2023-11-13 00:45:17,303 [INFO] PluginManager:220 - loadIPPluginJar : add i2c
2023-11-13 00:45:17,329 [INFO] IPUIPlugin:80 - create IPUIPlugin
2023-11-13 00:45:17,329 [INFO] PluginManager:220 - loadIPPluginJar : add i2s
2023-11-13 00:45:17,358 [INFO] IPUIPlugin:80 - create IPUIPlugin
2023-11-13 00:45:17,358 [INFO] PluginManager:220 - loadIPPluginJar : add i3c
2023-11-13 00:45:17,431 [INFO] IPUIPlugin:80 - create IPUIPlugin
2023-11-13 00:45:17,431 [INFO] PluginManager:220 - loadIPPluginJar : add ipddr
2023-11-13 00:45:17,491 [INFO] IPUIPlugin:80 - create IPUIPlugin
2023-11-13 00:45:17,491 [INFO] PluginManager:220 - loadIPPluginJar : add linkedlist
2023-11-13 00:45:17,514 [INFO] IPUIPlugin:80 - create IPUIPlugin
2023-11-13 00:45:17,514 [INFO] PluginManager:220 - loadIPPluginJar : add lorawan
2023-11-13 00:45:17,537 [INFO] IPUIPlugin:80 - create IPUIPlugin
2023-11-13 00:45:17,537 [INFO] PluginManager:220 - loadIPPluginJar : add ltdc
2023-11-13 00:45:17,546 [INFO] IPUIPlugin:80 - create IPUIPlugin
2023-11-13 00:45:17,546 [INFO] PluginManager:220 - loadIPPluginJar : add mdma
2023-11-13 00:45:17,554 [INFO] IPUIPlugin:80 - create IPUIPlugin
2023-11-13 00:45:17,554 [INFO] PluginManager:220 - loadIPPluginJar : add nvic
2023-11-13 00:45:17,579 [INFO] IPUIPlugin:80 - create IPUIPlugin
2023-11-13 00:45:17,579 [INFO] PluginManager:220 - loadIPPluginJar : add opamp
2023-11-13 00:45:17,620 [INFO] IPUIPlugin:80 - create IPUIPlugin
2023-11-13 00:45:17,621 [INFO] PluginManager:220 - loadIPPluginJar : add openamp
2023-11-13 00:45:17,651 [INFO] IPUIPlugin:80 - create IPUIPlugin
2023-11-13 00:45:17,651 [INFO] PluginManager:220 - loadIPPluginJar : add pdm2pcm
2023-11-13 00:45:17,660 [INFO] IPUIPlugin:80 - create IPUIPlugin
2023-11-13 00:45:17,662 [INFO] PluginManager:220 - loadIPPluginJar : add plateformsettings
2023-11-13 00:45:17,676 [INFO] IPUIPlugin:80 - create IPUIPlugin
2023-11-13 00:45:17,676 [INFO] PluginManager:220 - loadIPPluginJar : add quadspi
2023-11-13 00:45:17,684 [INFO] IPUIPlugin:80 - create IPUIPlugin
2023-11-13 00:45:17,684 [INFO] PluginManager:220 - loadIPPluginJar : add resmgrutility
2023-11-13 00:45:17,716 [INFO] IPUIPlugin:80 - create IPUIPlugin
2023-11-13 00:45:17,716 [INFO] PluginManager:220 - loadIPPluginJar : add sai
2023-11-13 00:45:17,740 [INFO] IPUIPlugin:80 - create IPUIPlugin
2023-11-13 00:45:17,741 [INFO] PluginManager:220 - loadIPPluginJar : add spi
2023-11-13 00:45:17,781 [INFO] IPUIPlugin:80 - create IPUIPlugin
2023-11-13 00:45:17,781 [INFO] PluginManager:220 - loadIPPluginJar : add stm32_wpan
2023-11-13 00:45:17,795 [INFO] IPUIPlugin:80 - create IPUIPlugin
2023-11-13 00:45:17,795 [INFO] PluginManager:220 - loadIPPluginJar : add tim
2023-11-13 00:45:17,833 [INFO] IPUIPlugin:80 - create IPUIPlugin
2023-11-13 00:45:17,834 [INFO] PluginManager:220 - loadIPPluginJar : add touchsensing
2023-11-13 00:45:17,849 [INFO] IPUIPlugin:80 - create IPUIPlugin
2023-11-13 00:45:17,849 [INFO] PluginManager:220 - loadIPPluginJar : add tracer_emb
2023-11-13 00:45:17,864 [INFO] IPUIPlugin:80 - create IPUIPlugin
2023-11-13 00:45:17,864 [INFO] PluginManager:220 - loadIPPluginJar : add ts
2023-11-13 00:45:17,877 [INFO] IPUIPlugin:80 - create IPUIPlugin
2023-11-13 00:45:17,877 [INFO] PluginManager:220 - loadIPPluginJar : add tsc
2023-11-13 00:45:17,879 [INFO] IPUIPlugin:80 - create IPUIPlugin
2023-11-13 00:45:17,879 [INFO] PluginManager:220 - loadIPPluginJar : add ucpd
2023-11-13 00:45:17,908 [INFO] IPUIPlugin:80 - create IPUIPlugin
2023-11-13 00:45:17,908 [INFO] PluginManager:220 - loadIPPluginJar : add usart
2023-11-13 00:45:17,937 [INFO] IPUIPlugin:80 - create IPUIPlugin
2023-11-13 00:45:17,937 [INFO] PluginManager:220 - loadIPPluginJar : add usbx
2023-11-13 00:45:18,053 [INFO] CADModel:165 - CPN selected for project level
2023-11-13 00:45:18,054 [INFO] CADModel:114 - Register for checkConnection events
2023-11-13 00:45:18,054 [FATAL] Updater:308 - Updater called before beeing initialized
2023-11-13 00:45:18,054 [ERROR] CADModel:125 - Updater not yet initialized, retry later 
2023-11-13 00:45:18,143 [INFO] CADModel:165 - CPN selected for project level
2023-11-13 00:45:18,143 [INFO] CADModel:114 - Register for checkConnection events
2023-11-13 00:45:18,143 [FATAL] Updater:308 - Updater called before beeing initialized
2023-11-13 00:45:18,144 [ERROR] CADModel:125 - Updater not yet initialized, retry later 
2023-11-13 00:45:18,146 [FATAL] Updater:308 - Updater called before beeing initialized
2023-11-13 00:45:18,218 [FATAL] Updater:308 - Updater called before beeing initialized
2023-11-13 00:45:18,226 [INFO] DbMcusAds:53 - JSON generation date=Tue Mar 07 00:50:55 PST 2023 (1678179055335)
2023-11-13 00:45:18,227 [FATAL] Updater:308 - Updater called before beeing initialized
2023-11-13 00:45:18,281 [WARN] DetailPanel:346 - Failed to get advertising image, set to default
2023-11-13 00:45:18,355 [FATAL] Updater:308 - Updater called before beeing initialized
2023-11-13 00:45:18,357 [FATAL] Updater:308 - Updater called before beeing initialized
2023-11-13 00:45:18,357 [FATAL] Updater:308 - Updater called before beeing initialized
2023-11-13 00:45:18,357 [WARN] DetailPanel:346 - Failed to get advertising image, set to default
2023-11-13 00:45:18,358 [FATAL] Updater:308 - Updater called before beeing initialized
2023-11-13 00:45:18,400 [ERROR] Updater:1120 - MainUpdater not yet initialized. External WinMGr cannot be set.
2023-11-13 00:45:18,407 [INFO] Updater:1056 - Updater Version found : 6.9.2
2023-11-13 00:45:18,420 [INFO] ApplicationProperties:184 - Using Application install path: C:\ST\STM32CubeIDE_1.13.2\STM32CubeIDE\plugins\com.st.stm32cube.common.mx_6.9.2.202309101412
2023-11-13 00:45:18,646 [INFO] MainUpdater:2868 - connection check result : 10
2023-11-13 00:45:18,646 [INFO] MainUpdater:285 - Updater Check For Update Now.
2023-11-13 00:45:18,646 [INFO] MicroXplorer:498 - Change Database Version : DB.6.0.92
2023-11-13 00:45:18,662 [INFO] McuFinderGlobals:63 - Set McuFinder mode to 2 (CubeIDE integrated)
2023-11-13 00:45:18,662 [INFO] UserAuth:179 - activating auth plugin
2023-11-13 00:45:18,664 [INFO] UserAuth:393 - Internet connection configuration mode: 1
2023-11-13 00:45:18,683 [INFO] JxBrowserEngine:151 - Initiate JxBrowser Engine with user profile folder
2023-11-13 00:45:18,847 [INFO] CheckServerUpdateThread:120 - End of CheckServer Thread
2023-11-13 00:45:19,587 [WARN] PackLoader:240 - Cannot read IP mode file for STMicroelectronics.X-CUBE-SMBUS.2.1.0
2023-11-13 00:45:19,623 [WARN] PackLoader:240 - Cannot read IP mode file for STMicroelectronics.X-CUBE-AZRTOS-F7.1.1.0
2023-11-13 00:45:19,660 [WARN] PackLoader:240 - Cannot read IP mode file for STMicroelectronics.FP-SNS-MOTENV1.4.3.2
2023-11-13 00:45:19,674 [WARN] PackLoader:240 - Cannot read IP mode file for STMicroelectronics.FP-SNS-FLIGHT1.5.0.2
2023-11-13 00:45:19,690 [WARN] PackLoader:240 - Cannot read IP mode file for STMicroelectronics.X-CUBE-BLE2.3.2.2
2023-11-13 00:45:19,798 [WARN] PackLoader:240 - Cannot read IP mode file for STMicroelectronics.X-CUBE-DISPLAY.3.0.0
2023-11-13 00:45:19,820 [WARN] PackLoader:240 - Cannot read IP mode file for STMicroelectronics.X-CUBE-BLE1.7.0.0
2023-11-13 00:45:19,832 [WARN] PackLoader:240 - Cannot read IP mode file for emotas.I-CUBE-CANOPEN.1.3.0
2023-11-13 00:45:19,844 [WARN] PackLoader:240 - Cannot read IP mode file for STMicroelectronics.X-CUBE-TOUCHGFX.4.22.0
2023-11-13 00:45:19,921 [WARN] PackLoader:240 - Cannot read IP mode file for STMicroelectronics.X-CUBE-TOUCHGFX.4.22.1
2023-11-13 00:45:19,998 [WARN] PackLoader:240 - Cannot read IP mode file for STMicroelectronics.FP-SNS-SMARTAG2.1.2.0
2023-11-13 00:45:20,022 [INFO] LogOutputStream:77 - [STDOUT_REDIRECT] 1 : Invalid condition id : UX_CORESTACK_Condition cause : null
2023-11-13 00:45:20,023 [INFO] LogOutputStream:77 - [STDOUT_REDIRECT] 1 : Invalid condition id : UX_CORESTACK_Condition cause : null
2023-11-13 00:45:20,024 [INFO] LogOutputStream:77 - [STDOUT_REDIRECT] 1 : Invalid condition id : UX_CORESTACK_Condition cause : null
2023-11-13 00:45:20,025 [INFO] LogOutputStream:77 - [STDOUT_REDIRECT] 1 : Invalid condition id : UX_CORESTACK_Condition cause : null
2023-11-13 00:45:20,027 [INFO] LogOutputStream:77 - [STDOUT_REDIRECT] 1 : Invalid condition id : UX_CORESTACK_Condition cause : null
2023-11-13 00:45:20,032 [WARN] PackLoader:240 - Cannot read IP mode file for STMicroelectronics.X-CUBE-AZRTOS-WL.2.0.0
2023-11-13 00:45:20,052 [WARN] PackLoader:240 - Cannot read IP mode file for WES.I-CUBE-Cesium.1.3.0
2023-11-13 00:45:20,067 [WARN] PackLoader:240 - Cannot read IP mode file for STMicroelectronics.X-CUBE-BLE2.3.3.0
2023-11-13 00:45:20,113 [INFO] WebApp:157 - Instantiating new browser for Auth
2023-11-13 00:45:20,121 [WARN] PackLoader:240 - Cannot read IP mode file for STMicroelectronics.X-CUBE-TOUCHGFX.4.21.0
2023-11-13 00:45:20,191 [WARN] PackLoader:240 - Cannot read IP mode file for STMicroelectronics.X-CUBE-ALGOBUILD.1.3.0
2023-11-13 00:45:20,224 [WARN] PackLoader:240 - Cannot read IP mode file for STMicroelectronics.X-CUBE-AZRTOS-G0.1.1.0
2023-11-13 00:45:20,242 [WARN] PackLoader:240 - Cannot read IP mode file for STMicroelectronics.X-CUBE-NFC4.3.0.0
2023-11-13 00:45:20,257 [WARN] PackLoader:240 - Cannot read IP mode file for STMicroelectronics.X-CUBE-BLEMGR.3.0.0
2023-11-13 00:45:20,267 [WARN] PackLoader:240 - Cannot read IP mode file for STMicroelectronics.FP-ATR-SIGFOX1.3.2.0
2023-11-13 00:45:20,278 [WARN] PackLoader:240 - Cannot read IP mode file for STMicroelectronics.X-CUBE-GNSS1.6.0.0
2023-11-13 00:45:20,307 [WARN] PackLoader:240 - Cannot read IP mode file for STMicroelectronics.X-CUBE-AZRTOS-F4.1.1.0
2023-11-13 00:45:20,319 [WARN] PackLoader:240 - Cannot read IP mode file for wolfSSL.I-CUBE-wolfSSL.5.6.3
2023-11-13 00:45:20,342 [WARN] PackLoader:240 - Cannot read IP mode file for STMicroelectronics.X-CUBE-AZRTOS-L5.2.0.0
2023-11-13 00:45:20,389 [WARN] PackLoader:240 - Cannot read IP mode file for STMicroelectronics.X-CUBE-MEMS1.9.6.0
2023-11-13 00:45:20,679 [INFO] WebApp:753 - Register for checkConnection events
2023-11-13 00:45:20,680 [INFO] WebApp:390 - Apply proxy settings
2023-11-13 00:45:20,680 [INFO] WebApp:475 - Chromium requires no authentication
2023-11-13 00:45:20,687 [INFO] WebApp:418 - Direct internet connection detected
2023-11-13 00:45:20,743 [WARN] PackLoader:240 - Cannot read IP mode file for STMicroelectronics.X-CUBE-EEPRMA1.4.2.0
2023-11-13 00:45:20,754 [WARN] PackLoader:240 - Cannot read IP mode file for ITTIA_DB.I-CUBE-ITTIADB.8.8.0
2023-11-13 00:45:20,818 [WARN] PackLoader:240 - Cannot read IP mode file for STMicroelectronics.X-CUBE-MEMS1.7.2.0
2023-11-13 00:45:20,859 [INFO] WebApp:188 - Starting web application
2023-11-13 00:45:20,860 [INFO] WebApp:520 - Web application path used C:\ST\STM32CubeIDE_1.13.2\STM32CubeIDE\plugins\com.st.stm32cube.common.mx_6.9.2.202309101412\db\plugins\mcufinder\reactClient1\index.html
2023-11-13 00:45:20,938 [WARN] ConditionMgr:438 - getConditionDescription Invalid condition id : UX DEVICE CLASS RTOS Condition cause : null
2023-11-13 00:45:20,938 [WARN] ConditionMgr:438 - getConditionDescription Invalid condition id : UX DEVICE CLASS RTOS Condition cause : null
2023-11-13 00:45:20,941 [WARN] PackLoader:240 - Cannot read IP mode file for STMicroelectronics.X-CUBE-AZRTOS-H7.3.1.0
2023-11-13 00:45:20,941 [WARN] ConditionMgr:1039 - genDependencies : Invalid condition id : UX DEVICE CLASS RTOS Condition cause : null
2023-11-13 00:45:20,942 [WARN] ConditionMgr:1039 - genDependencies : Invalid condition id : UX DEVICE CLASS RTOS Condition cause : null
2023-11-13 00:45:20,942 [WARN] ConditionMgr:1039 - genDependencies : Invalid condition id : UX DEVICE CLASS RTOS Condition cause : null
2023-11-13 00:45:20,942 [WARN] ConditionMgr:1039 - genDependencies : Invalid condition id : UX DEVICE CLASS RTOS Condition cause : null
2023-11-13 00:45:20,942 [WARN] ConditionMgr:1039 - genDependencies : Invalid condition id : UX DEVICE CLASS RTOS Condition cause : null
2023-11-13 00:45:20,955 [WARN] PackLoader:240 - Cannot read IP mode file for STMicroelectronics.X-CUBE-NFC7.1.0.1
2023-11-13 00:45:20,971 [WARN] PackLoader:240 - Cannot read IP mode file for STMicroelectronics.X-CUBE-NFC6.3.0.0
2023-11-13 00:45:20,984 [WARN] PackLoader:240 - Cannot read IP mode file for STMicroelectronics.X-CUBE-AI.8.1.0
2023-11-13 00:45:21,050 [WARN] ConditionMgr:438 - getConditionDescription Invalid condition id : LAN8742 Phy interface Condition cause : null
2023-11-13 00:45:21,051 [WARN] PackLoader:240 - Cannot read IP mode file for STMicroelectronics.X-CUBE-AZRTOS-L4.2.0.0
2023-11-13 00:45:21,052 [WARN] ConditionMgr:1039 - genDependencies : Invalid condition id : LAN8742 Phy interface Condition cause : null
2023-11-13 00:45:21,052 [WARN] ConditionMgr:1039 - genDependencies : Invalid condition id : LAN8742 Phy interface Condition cause : null
2023-11-13 00:45:21,053 [WARN] ConditionMgr:1039 - genDependencies : Invalid condition id : LAN8742 Phy interface Condition cause : null
2023-11-13 00:45:21,070 [WARN] PackLoader:240 - Cannot read IP mode file for STMicroelectronics.X-CUBE-SFXS2LP1.4.0.0
2023-11-13 00:45:21,081 [WARN] PackLoader:240 - Cannot read IP mode file for STMicroelectronics.X-CUBE-ISPU.1.1.0
2023-11-13 00:45:21,103 [WARN] ConditionMgr:438 - getConditionDescription Invalid condition id : UX DEVICE CLASS RTOS Condition cause : null
2023-11-13 00:45:21,103 [WARN] ConditionMgr:438 - getConditionDescription Invalid condition id : UX DEVICE CLASS RTOS Condition cause : null
2023-11-13 00:45:21,105 [WARN] PackLoader:240 - Cannot read IP mode file for STMicroelectronics.X-CUBE-AZRTOS-WB.2.0.0
2023-11-13 00:45:21,106 [WARN] ConditionMgr:1039 - genDependencies : Invalid condition id : UX DEVICE CLASS RTOS Condition cause : null
2023-11-13 00:45:21,106 [WARN] ConditionMgr:1039 - genDependencies : Invalid condition id : UX DEVICE CLASS RTOS Condition cause : null
2023-11-13 00:45:21,106 [WARN] ConditionMgr:1039 - genDependencies : Invalid condition id : UX DEVICE CLASS RTOS Condition cause : null
2023-11-13 00:45:21,106 [WARN] ConditionMgr:1039 - genDependencies : Invalid condition id : UX DEVICE CLASS RTOS Condition cause : null
2023-11-13 00:45:21,106 [WARN] ConditionMgr:1039 - genDependencies : Invalid condition id : UX DEVICE CLASS RTOS Condition cause : null
2023-11-13 00:45:21,117 [WARN] PackLoader:240 - Cannot read IP mode file for STMicroelectronics.X-CUBE-FREERTOS.1.0.1
2023-11-13 00:45:21,193 [WARN] PackLoader:240 - Cannot read IP mode file for STMicroelectronics.X-CUBE-MEMS1.9.0.0
2023-11-13 00:45:21,366 [WARN] PackLoader:240 - Cannot read IP mode file for STMicroelectronics.X-CUBE-SUBG2.5.0.0
2023-11-13 00:45:21,385 [WARN] PackLoader:240 - Cannot read IP mode file for STMicroelectronics.X-CUBE-TOF1.3.3.1
2023-11-13 00:45:21,412 [WARN] PackLoader:240 - Cannot read IP mode file for STMicroelectronics.X-CUBE-AZRTOS-G4.2.0.0
2023-11-13 00:45:21,432 [WARN] PackLoader:240 - Cannot read IP mode file for Infineon.AIROC-Wi-Fi-Bluetooth-STM32.1.5.1
2023-11-13 00:45:21,444 [WARN] PackLoader:240 - Cannot read IP mode file for STMicroelectronics.FP-SNS-MOTENVWB1.1.3.0
2023-11-13 00:45:21,489 [WARN] PackLoader:240 - Cannot read IP mode file for STMicroelectronics.X-CUBE-MEMS1.10.0.0
2023-11-13 00:45:21,674 [WARN] PackLoader:240 - Cannot read IP mode file for STMicroelectronics.X-CUBE-FREERTOS.1.1.0
2023-11-13 00:45:21,719 [WARN] PackLoader:240 - Cannot read IP mode file for portGmbH.I-Cube-SoM-uGOAL.1.1.0
2023-11-13 00:45:21,730 [WARN] PackLoader:240 - Cannot read IP mode file for STMicroelectronics.X-CUBE-ALS.1.0.1
2023-11-13 00:45:21,741 [WARN] PackLoader:240 - Cannot read IP mode file for STMicroelectronics.FP-ATR-ASTRA1.2.0.0
2023-11-13 00:45:21,742 [INFO] ThirdParty:978 - Integrity check success = true
2023-11-13 00:45:21,742 [INFO] IntegrityCheckThread:100 - exiting critical section [integrity check]
2023-11-13 00:45:21,742 [INFO] IntegrityCheckThread:103 - End integrity checks thread
2023-11-13 00:45:41,535 [ERROR] LogOutputStream:75 - [STDERR_REDIRECT] SLF4J: Failed to load class "org.slf4j.impl.StaticLoggerBinder".
2023-11-13 00:45:41,535 [ERROR] LogOutputStream:75 - [STDERR_REDIRECT] SLF4J: Defaulting to no-operation (NOP) logger implementation
2023-11-13 00:45:41,537 [ERROR] LogOutputStream:75 - [STDERR_REDIRECT] SLF4J: See http://www.slf4j.org/codes.html#StaticLoggerBinder for further details.
2023-11-13 01:27:59,032 [ERROR] LogOutputStream:75 - [STDERR_REDIRECT] 
2023-11-13 01:28:10,198 [INFO] Activator:176 - 


2023-11-13 01:28:10,200 [INFO] Activator:177 - !SESSION log4j initialized
2023-11-13 01:28:14,352 [INFO] LogOutputStream:77 - [STDOUT_REDIRECT] 
2023-11-13 01:28:15,301 [INFO] ApplicationProperties:184 - Using Application install path: C:\ST\STM32CubeIDE_1.13.2\STM32CubeIDE\plugins\com.st.stm32cube.common.mx_6.9.2.202309101412
2023-11-13 01:28:15,316 [INFO] DbMcusXml:78 - Set database path to: C:\ST\STM32CubeIDE_1.13.2\STM32CubeIDE\plugins\com.st.stm32cube.common.mx_6.9.2.202309101412\\db\/mcu/
2023-11-13 01:28:15,317 [INFO] ApiDb:274 - Set plugin database path to: C:\ST\STM32CubeIDE_1.13.2\STM32CubeIDE\plugins\com.st.stm32cube.common.mx_6.9.2.202309101412\\db\/plugins/boardmanager/
2023-11-13 01:28:15,317 [WARN] ApiDb:259 - Overriding images path with different value:  => C:\ST\STM32CubeIDE_1.13.2\STM32CubeIDE\plugins\com.st.stm32cube.common.mx_6.9.2.202309101412\\db\/plugins/mcufinder/images/
2023-11-13 01:28:15,325 [INFO] ApiDb:250 - Set database path to: C:\Users\zafee\.stmcufinder\plugins\mcufinder//mcu/
2023-11-13 01:28:15,327 [INFO] DbMcusAds:125 - Set database path to: C:\Users\zafee\.stmcufinder\plugins\mcufinder//mcu/
2023-11-13 01:28:15,329 [INFO] CrossReferenceDbSqlite:203 - Set database path to: C:\Users\zafee\.stmcufinder\plugins\mcufinder//mcu/cs/
2023-11-13 01:28:15,428 [INFO] RulesReader:64 - Compatibility file has been processed (293 Rules)
2023-11-13 01:28:15,500 [INFO] DbMcusXml:78 - Set database path to: C:\ST\STM32CubeIDE_1.13.2\STM32CubeIDE\plugins\com.st.stm32cube.common.mx_6.9.2.202309101412\\db\/mcu/
2023-11-13 01:28:15,500 [INFO] ApiDb:274 - Set plugin database path to: C:\ST\STM32CubeIDE_1.13.2\STM32CubeIDE\plugins\com.st.stm32cube.common.mx_6.9.2.202309101412\\db\/plugins/boardmanager/
2023-11-13 01:28:15,500 [INFO] ApiDb:261 - Set plugin images path to: C:\ST\STM32CubeIDE_1.13.2\STM32CubeIDE\plugins\com.st.stm32cube.common.mx_6.9.2.202309101412\\db\/plugins/mcufinder/images/
2023-11-13 01:28:15,500 [WARN] DbFile:41 - Overriding database path with different value: C:\Users\zafee\.stmcufinder\plugins\mcufinder/ => C:\Users\zafee\.stmcufinder\plugins\mcufinder
2023-11-13 01:28:15,500 [INFO] ApiDb:250 - Set database path to: C:\Users\zafee\.stmcufinder\plugins\mcufinder//mcu/
2023-11-13 01:28:15,500 [WARN] DbFile:41 - Overriding database path with different value: C:\Users\zafee\.stmcufinder\plugins\mcufinder/ => C:\Users\zafee\.stmcufinder\plugins\mcufinder
2023-11-13 01:28:15,500 [INFO] DbMcusAds:125 - Set database path to: C:\Users\zafee\.stmcufinder\plugins\mcufinder//mcu/
2023-11-13 01:28:15,500 [WARN] DbFile:41 - Overriding database path with different value: C:\Users\zafee\.stmcufinder\plugins\mcufinder/ => C:\Users\zafee\.stmcufinder\plugins\mcufinder
2023-11-13 01:28:15,500 [WARN] DbFile:41 - Overriding database path with different value: C:\Users\zafee\.stmcufinder\plugins\mcufinder/ => C:\Users\zafee\.stmcufinder\plugins\mcufinder
2023-11-13 01:28:15,500 [INFO] CrossReferenceDbSqlite:203 - Set database path to: C:\Users\zafee\.stmcufinder\plugins\mcufinder//mcu/cs/
2023-11-13 01:28:15,558 [INFO] MainPanel:262 - HeapMemory: 268435456
2023-11-13 01:28:15,625 [INFO] DbMcusXml:78 - Set database path to: C:\ST\STM32CubeIDE_1.13.2\STM32CubeIDE\plugins\com.st.stm32cube.common.mx_6.9.2.202309101412\\db\/mcu/
2023-11-13 01:28:15,625 [INFO] ApiDb:274 - Set plugin database path to: C:\ST\STM32CubeIDE_1.13.2\STM32CubeIDE\plugins\com.st.stm32cube.common.mx_6.9.2.202309101412\\db\/plugins/boardmanager/
2023-11-13 01:28:15,625 [INFO] ApiDb:261 - Set plugin images path to: C:\ST\STM32CubeIDE_1.13.2\STM32CubeIDE\plugins\com.st.stm32cube.common.mx_6.9.2.202309101412\\db\/plugins/mcufinder/images/
2023-11-13 01:28:15,626 [WARN] DbFile:41 - Overriding database path with different value: C:\Users\zafee\.stmcufinder\plugins\mcufinder/ => C:\Users\zafee\.stmcufinder\plugins\mcufinder
2023-11-13 01:28:15,626 [INFO] ApiDb:250 - Set database path to: C:\Users\zafee\.stmcufinder\plugins\mcufinder//mcu/
2023-11-13 01:28:15,626 [WARN] DbFile:41 - Overriding database path with different value: C:\Users\zafee\.stmcufinder\plugins\mcufinder/ => C:\Users\zafee\.stmcufinder\plugins\mcufinder
2023-11-13 01:28:15,626 [INFO] DbMcusAds:125 - Set database path to: C:\Users\zafee\.stmcufinder\plugins\mcufinder//mcu/
2023-11-13 01:28:15,626 [WARN] DbFile:41 - Overriding database path with different value: C:\Users\zafee\.stmcufinder\plugins\mcufinder/ => C:\Users\zafee\.stmcufinder\plugins\mcufinder
2023-11-13 01:28:15,626 [WARN] DbFile:41 - Overriding database path with different value: C:\Users\zafee\.stmcufinder\plugins\mcufinder/ => C:\Users\zafee\.stmcufinder\plugins\mcufinder
2023-11-13 01:28:15,626 [INFO] CrossReferenceDbSqlite:203 - Set database path to: C:\Users\zafee\.stmcufinder\plugins\mcufinder//mcu/cs/
2023-11-13 01:28:15,649 [INFO] ApplicationProperties:184 - Using Application install path: C:\ST\STM32CubeIDE_1.13.2\STM32CubeIDE\plugins\com.st.stm32cube.common.mx_6.9.2.202309101412
2023-11-13 01:28:15,650 [INFO] PluginManage:196 - Search for loadable plugins [exclusion list=, ]
2023-11-13 01:28:15,652 [INFO] PluginManage:310 - Check plugin analytics
2023-11-13 01:28:15,802 [INFO] AnalyticsPlugin:253 - Accepted Software Licenses: STM32CubeMX.6.9.2
2023-11-13 01:28:15,802 [INFO] AnalyticsPlugin:255 - Accepted CMSIS Pack Licenses: STMicroelectronics.X-CUBE-TOUCHGFX.4.21.0
2023-11-13 01:28:15,802 [INFO] AnalyticsPlugin:257 - Accepted Firmware Licenses: 
2023-11-13 01:28:15,805 [INFO] PluginManage:359 - Loaded plugin analytics (category:tool,tabindex:-1)
2023-11-13 01:28:15,805 [INFO] PluginManage:310 - Check plugin cadmodel
2023-11-13 01:28:15,808 [INFO] CADModel:105 - Init CAD model plugin
2023-11-13 01:28:15,808 [INFO] PluginManage:359 - Loaded plugin cadmodel (category:power,tabindex:5)
2023-11-13 01:28:15,808 [INFO] PluginManage:310 - Check plugin clock
2023-11-13 01:28:15,819 [INFO] PluginManage:359 - Loaded plugin clock (category:base,tabindex:2)
2023-11-13 01:28:15,819 [INFO] PluginManage:310 - Check plugin ddr
2023-11-13 01:28:15,821 [INFO] PluginManage:359 - Loaded plugin ddr (category:tool,tabindex:6)
2023-11-13 01:28:15,821 [INFO] PluginManage:310 - Check plugin filemanager
2023-11-13 01:28:15,934 [INFO] PluginManage:359 - Loaded plugin filemanager (category:base,tabindex:10)
2023-11-13 01:28:15,934 [INFO] PluginManage:310 - Check plugin ipmanager
2023-11-13 01:28:15,939 [INFO] PluginManage:359 - Loaded plugin ipmanager (category:base,tabindex:5)
2023-11-13 01:28:15,939 [INFO] PluginManage:310 - Check plugin lpbam
2023-11-13 01:28:15,945 [INFO] PluginManage:359 - Loaded plugin lpbam (category:base,tabindex:0)
2023-11-13 01:28:15,945 [INFO] PluginManage:310 - Check plugin memorymap
2023-11-13 01:28:15,954 [INFO] PluginManage:359 - Loaded plugin memorymap (category:base,tabindex:4)
2023-11-13 01:28:15,954 [INFO] PluginManage:310 - Check plugin pinoutandconfiguration
2023-11-13 01:28:15,960 [INFO] PluginManage:359 - Loaded plugin pinoutandconfiguration (category:base,tabindex:1)
2023-11-13 01:28:15,960 [INFO] PluginManage:310 - Check plugin pinoutconfig
2023-11-13 01:28:16,030 [WARN] SupportedApi:132 - Cannot load RTOS API schema: s4s-elt-must-match.1: The content of 'definitions' must match (annotation?, (simpleType | complexType)?, (unique | key | keyref)*)). A problem was found starting at: attribute.
2023-11-13 01:28:16,127 [INFO] PluginManage:359 - Loaded plugin pinoutconfig (category:base,tabindex:0)
2023-11-13 01:28:16,127 [INFO] PluginManage:310 - Check plugin power
2023-11-13 01:28:16,136 [INFO] PluginManage:359 - Loaded plugin power (category:power,tabindex:4)
2023-11-13 01:28:16,136 [INFO] PluginManage:310 - Check plugin projectmanager
2023-11-13 01:28:16,148 [INFO] PluginManage:359 - Loaded plugin projectmanager (category:projectmanager,tabindex:3)
2023-11-13 01:28:16,149 [INFO] PluginManage:310 - Check plugin thirdparty
2023-11-13 01:28:16,263 [INFO] PluginManage:359 - Loaded plugin thirdparty (category:base,tabindex:-1)
2023-11-13 01:28:16,263 [WARN] IntegrityCheckThread:84 - waiting for thirdparty lock release [integrity check]
2023-11-13 01:28:16,264 [INFO] PluginManage:310 - Check plugin tools
2023-11-13 01:28:16,264 [INFO] IntegrityCheckThread:86 - entering critical section [integrity check]
2023-11-13 01:28:16,264 [INFO] ThirdPartyUpdaterWithRetryManager:70 - Updater plugin not ready yet. [1/15]
2023-11-13 01:28:16,266 [INFO] PluginManage:359 - Loaded plugin tools (category:base,tabindex:7)
2023-11-13 01:28:16,267 [INFO] PluginManage:310 - Check plugin tutovideos
2023-11-13 01:28:16,403 [INFO] PluginManage:359 - Loaded plugin tutovideos (category:base,tabindex:-1)
2023-11-13 01:28:16,404 [INFO] PluginManage:310 - Check plugin updater
2023-11-13 01:28:16,412 [INFO] PluginManage:359 - Loaded plugin updater (category:base,tabindex:12)
2023-11-13 01:28:16,413 [INFO] PluginManage:310 - Check plugin userauth
2023-11-13 01:28:16,417 [INFO] UserAuth:113 - Init User Auth plugin
2023-11-13 01:28:16,417 [INFO] PluginManage:359 - Loaded plugin userauth (category:base,tabindex:14)
2023-11-13 01:28:16,417 [INFO] PluginManage:283 - PluginManage : Loaded plugins [17]
2023-11-13 01:28:16,601 [INFO] PinOutPanel:1499 - setPackage(No Configuration,No Configuration)
2023-11-13 01:28:16,707 [INFO] CADModel:165 - CPN selected for project level
2023-11-13 01:28:16,707 [INFO] CADModel:114 - Register for checkConnection events
2023-11-13 01:28:16,723 [INFO] IPUIPlugin:80 - create IPUIPlugin
2023-11-13 01:28:16,723 [INFO] PluginManager:220 - loadIPPluginJar : add adc
2023-11-13 01:28:16,726 [INFO] IPUIPlugin:80 - create IPUIPlugin
2023-11-13 01:28:16,726 [INFO] PluginManager:220 - loadIPPluginJar : add aes
2023-11-13 01:28:16,728 [INFO] IPUIPlugin:80 - create IPUIPlugin
2023-11-13 01:28:16,728 [INFO] PluginManager:220 - loadIPPluginJar : add can
2023-11-13 01:28:16,730 [INFO] IPUIPlugin:80 - create IPUIPlugin
2023-11-13 01:28:16,730 [INFO] PluginManager:220 - loadIPPluginJar : add comp
2023-11-13 01:28:16,733 [INFO] IPUIPlugin:80 - create IPUIPlugin
2023-11-13 01:28:16,733 [INFO] PluginManager:220 - loadIPPluginJar : add cryp
2023-11-13 01:28:16,736 [INFO] IPUIPlugin:80 - create IPUIPlugin
2023-11-13 01:28:16,736 [INFO] PluginManager:220 - loadIPPluginJar : add dfsdm
2023-11-13 01:28:16,741 [INFO] IPUIPlugin:80 - create IPUIPlugin
2023-11-13 01:28:16,742 [INFO] PluginManager:220 - loadIPPluginJar : add dma
2023-11-13 01:28:16,743 [INFO] IPUIPlugin:80 - create IPUIPlugin
2023-11-13 01:28:16,743 [INFO] PluginManager:220 - loadIPPluginJar : add dma3
2023-11-13 01:28:16,744 [INFO] IPUIPlugin:80 - create IPUIPlugin
2023-11-13 01:28:16,744 [INFO] PluginManager:220 - loadIPPluginJar : add fatfs
2023-11-13 01:28:16,749 [INFO] IPUIPlugin:80 - create IPUIPlugin
2023-11-13 01:28:16,749 [INFO] PluginManager:220 - loadIPPluginJar : add fmc
2023-11-13 01:28:16,754 [INFO] IPUIPlugin:80 - create IPUIPlugin
2023-11-13 01:28:16,755 [INFO] PluginManager:220 - loadIPPluginJar : add freertos
2023-11-13 01:28:16,756 [INFO] IPUIPlugin:80 - create IPUIPlugin
2023-11-13 01:28:16,756 [INFO] PluginManager:220 - loadIPPluginJar : add genericplugin
2023-11-13 01:28:16,759 [INFO] IPUIPlugin:80 - create IPUIPlugin
2023-11-13 01:28:16,759 [INFO] PluginManager:220 - loadIPPluginJar : add gfxmmu
2023-11-13 01:28:16,763 [INFO] IPUIPlugin:80 - create IPUIPlugin
2023-11-13 01:28:16,763 [INFO] PluginManager:220 - loadIPPluginJar : add gic
2023-11-13 01:28:16,766 [INFO] IPUIPlugin:80 - create IPUIPlugin
2023-11-13 01:28:16,767 [INFO] PluginManager:220 - loadIPPluginJar : add gpio
2023-11-13 01:28:16,769 [INFO] IPUIPlugin:80 - create IPUIPlugin
2023-11-13 01:28:16,769 [INFO] PluginManager:220 - loadIPPluginJar : add gtzc
2023-11-13 01:28:16,771 [INFO] IPUIPlugin:80 - create IPUIPlugin
2023-11-13 01:28:16,771 [INFO] PluginManager:220 - loadIPPluginJar : add hash
2023-11-13 01:28:16,774 [INFO] IPUIPlugin:80 - create IPUIPlugin
2023-11-13 01:28:16,774 [INFO] PluginManager:220 - loadIPPluginJar : add i2c
2023-11-13 01:28:16,777 [INFO] IPUIPlugin:80 - create IPUIPlugin
2023-11-13 01:28:16,777 [INFO] PluginManager:220 - loadIPPluginJar : add i2s
2023-11-13 01:28:16,779 [INFO] IPUIPlugin:80 - create IPUIPlugin
2023-11-13 01:28:16,779 [INFO] PluginManager:220 - loadIPPluginJar : add i3c
2023-11-13 01:28:16,781 [INFO] IPUIPlugin:80 - create IPUIPlugin
2023-11-13 01:28:16,781 [INFO] PluginManager:220 - loadIPPluginJar : add ipddr
2023-11-13 01:28:16,787 [INFO] IPUIPlugin:80 - create IPUIPlugin
2023-11-13 01:28:16,787 [INFO] PluginManager:220 - loadIPPluginJar : add linkedlist
2023-11-13 01:28:16,790 [INFO] IPUIPlugin:80 - create IPUIPlugin
2023-11-13 01:28:16,790 [INFO] PluginManager:220 - loadIPPluginJar : add lorawan
2023-11-13 01:28:16,791 [INFO] IPUIPlugin:80 - create IPUIPlugin
2023-11-13 01:28:16,792 [INFO] PluginManager:220 - loadIPPluginJar : add ltdc
2023-11-13 01:28:16,798 [INFO] IPUIPlugin:80 - create IPUIPlugin
2023-11-13 01:28:16,798 [INFO] PluginManager:220 - loadIPPluginJar : add mdma
2023-11-13 01:28:16,803 [INFO] IPUIPlugin:80 - create IPUIPlugin
2023-11-13 01:28:16,803 [INFO] PluginManager:220 - loadIPPluginJar : add nvic
2023-11-13 01:28:16,807 [INFO] IPUIPlugin:80 - create IPUIPlugin
2023-11-13 01:28:16,807 [INFO] PluginManager:220 - loadIPPluginJar : add opamp
2023-11-13 01:28:16,809 [INFO] IPUIPlugin:80 - create IPUIPlugin
2023-11-13 01:28:16,809 [INFO] PluginManager:220 - loadIPPluginJar : add openamp
2023-11-13 01:28:16,812 [INFO] IPUIPlugin:80 - create IPUIPlugin
2023-11-13 01:28:16,813 [INFO] PluginManager:220 - loadIPPluginJar : add pdm2pcm
2023-11-13 01:28:16,818 [INFO] IPUIPlugin:80 - create IPUIPlugin
2023-11-13 01:28:16,821 [INFO] PluginManager:220 - loadIPPluginJar : add plateformsettings
2023-11-13 01:28:16,822 [INFO] IPUIPlugin:80 - create IPUIPlugin
2023-11-13 01:28:16,822 [INFO] PluginManager:220 - loadIPPluginJar : add quadspi
2023-11-13 01:28:16,825 [INFO] IPUIPlugin:80 - create IPUIPlugin
2023-11-13 01:28:16,825 [INFO] PluginManager:220 - loadIPPluginJar : add resmgrutility
2023-11-13 01:28:16,828 [INFO] IPUIPlugin:80 - create IPUIPlugin
2023-11-13 01:28:16,828 [INFO] PluginManager:220 - loadIPPluginJar : add sai
2023-11-13 01:28:16,830 [INFO] IPUIPlugin:80 - create IPUIPlugin
2023-11-13 01:28:16,830 [INFO] PluginManager:220 - loadIPPluginJar : add spi
2023-11-13 01:28:16,834 [INFO] IPUIPlugin:80 - create IPUIPlugin
2023-11-13 01:28:16,834 [INFO] PluginManager:220 - loadIPPluginJar : add stm32_wpan
2023-11-13 01:28:16,835 [INFO] IPUIPlugin:80 - create IPUIPlugin
2023-11-13 01:28:16,835 [INFO] PluginManager:220 - loadIPPluginJar : add tim
2023-11-13 01:28:16,837 [INFO] IPUIPlugin:80 - create IPUIPlugin
2023-11-13 01:28:16,837 [INFO] PluginManager:220 - loadIPPluginJar : add touchsensing
2023-11-13 01:28:16,839 [INFO] IPUIPlugin:80 - create IPUIPlugin
2023-11-13 01:28:16,839 [INFO] PluginManager:220 - loadIPPluginJar : add tracer_emb
2023-11-13 01:28:16,841 [INFO] IPUIPlugin:80 - create IPUIPlugin
2023-11-13 01:28:16,841 [INFO] PluginManager:220 - loadIPPluginJar : add ts
2023-11-13 01:28:16,842 [INFO] IPUIPlugin:80 - create IPUIPlugin
2023-11-13 01:28:16,842 [INFO] PluginManager:220 - loadIPPluginJar : add tsc
2023-11-13 01:28:16,843 [INFO] IPUIPlugin:80 - create IPUIPlugin
2023-11-13 01:28:16,843 [INFO] PluginManager:220 - loadIPPluginJar : add ucpd
2023-11-13 01:28:16,845 [INFO] IPUIPlugin:80 - create IPUIPlugin
2023-11-13 01:28:16,845 [INFO] PluginManager:220 - loadIPPluginJar : add usart
2023-11-13 01:28:16,848 [INFO] IPUIPlugin:80 - create IPUIPlugin
2023-11-13 01:28:16,848 [INFO] PluginManager:220 - loadIPPluginJar : add usbx
2023-11-13 01:28:16,976 [INFO] CADModel:165 - CPN selected for project level
2023-11-13 01:28:16,976 [INFO] CADModel:114 - Register for checkConnection events
2023-11-13 01:28:16,977 [FATAL] Updater:308 - Updater called before beeing initialized
2023-11-13 01:28:16,977 [ERROR] CADModel:125 - Updater not yet initialized, retry later 
2023-11-13 01:28:17,086 [INFO] CADModel:165 - CPN selected for project level
2023-11-13 01:28:17,086 [INFO] CADModel:114 - Register for checkConnection events
2023-11-13 01:28:17,086 [FATAL] Updater:308 - Updater called before beeing initialized
2023-11-13 01:28:17,086 [ERROR] CADModel:125 - Updater not yet initialized, retry later 
2023-11-13 01:28:17,091 [FATAL] Updater:308 - Updater called before beeing initialized
2023-11-13 01:28:17,193 [FATAL] Updater:308 - Updater called before beeing initialized
2023-11-13 01:28:17,198 [INFO] DbMcusAds:53 - JSON generation date=Tue Mar 07 00:50:55 PST 2023 (1678179055335)
2023-11-13 01:28:17,198 [FATAL] Updater:308 - Updater called before beeing initialized
2023-11-13 01:28:17,227 [WARN] DetailPanel:346 - Failed to get advertising image, set to default
2023-11-13 01:28:17,318 [FATAL] Updater:308 - Updater called before beeing initialized
2023-11-13 01:28:17,320 [FATAL] Updater:308 - Updater called before beeing initialized
2023-11-13 01:28:17,320 [FATAL] Updater:308 - Updater called before beeing initialized
2023-11-13 01:28:17,320 [WARN] DetailPanel:346 - Failed to get advertising image, set to default
2023-11-13 01:28:17,321 [FATAL] Updater:308 - Updater called before beeing initialized
2023-11-13 01:28:17,364 [ERROR] Updater:1120 - MainUpdater not yet initialized. External WinMGr cannot be set.
2023-11-13 01:28:17,365 [INFO] Updater:1056 - Updater Version found : 6.9.2
2023-11-13 01:28:17,382 [INFO] ApplicationProperties:184 - Using Application install path: C:\ST\STM32CubeIDE_1.13.2\STM32CubeIDE\plugins\com.st.stm32cube.common.mx_6.9.2.202309101412
2023-11-13 01:28:17,728 [INFO] MainUpdater:2868 - connection check result : 10
2023-11-13 01:28:17,729 [INFO] MainUpdater:285 - Updater Check For Update Now.
2023-11-13 01:28:17,729 [INFO] MicroXplorer:498 - Change Database Version : DB.6.0.92
2023-11-13 01:28:17,733 [INFO] McuFinderGlobals:63 - Set McuFinder mode to 2 (CubeIDE integrated)
2023-11-13 01:28:17,734 [INFO] UserAuth:179 - activating auth plugin
2023-11-13 01:28:17,736 [INFO] UserAuth:393 - Internet connection configuration mode: 1
2023-11-13 01:28:17,750 [INFO] JxBrowserEngine:151 - Initiate JxBrowser Engine with user profile folder
2023-11-13 01:28:17,908 [INFO] CheckServerUpdateThread:120 - End of CheckServer Thread
2023-11-13 01:28:18,207 [INFO] WebApp:157 - Instantiating new browser for Auth
2023-11-13 01:28:18,651 [INFO] WebApp:753 - Register for checkConnection events
2023-11-13 01:28:18,651 [INFO] WebApp:390 - Apply proxy settings
2023-11-13 01:28:18,651 [INFO] WebApp:475 - Chromium requires no authentication
2023-11-13 01:28:18,658 [INFO] WebApp:418 - Direct internet connection detected
2023-11-13 01:28:18,756 [INFO] WebApp:188 - Starting web application
2023-11-13 01:28:18,756 [INFO] WebApp:520 - Web application path used C:\ST\STM32CubeIDE_1.13.2\STM32CubeIDE\plugins\com.st.stm32cube.common.mx_6.9.2.202309101412\db\plugins\mcufinder\reactClient1\index.html
2023-11-13 01:28:19,389 [WARN] PackLoader:240 - Cannot read IP mode file for STMicroelectronics.X-CUBE-SMBUS.2.1.0
2023-11-13 01:28:19,419 [WARN] PackLoader:240 - Cannot read IP mode file for STMicroelectronics.X-CUBE-AZRTOS-F7.1.1.0
2023-11-13 01:28:19,428 [WARN] PackLoader:240 - Cannot read IP mode file for STMicroelectronics.FP-SNS-MOTENV1.4.3.2
2023-11-13 01:28:19,434 [WARN] PackLoader:240 - Cannot read IP mode file for STMicroelectronics.FP-SNS-FLIGHT1.5.0.2
2023-11-13 01:28:19,443 [WARN] PackLoader:240 - Cannot read IP mode file for STMicroelectronics.X-CUBE-BLE2.3.2.2
2023-11-13 01:28:19,518 [WARN] PackLoader:240 - Cannot read IP mode file for STMicroelectronics.X-CUBE-DISPLAY.3.0.0
2023-11-13 01:28:19,527 [WARN] PackLoader:240 - Cannot read IP mode file for STMicroelectronics.X-CUBE-BLE1.7.0.0
2023-11-13 01:28:19,533 [WARN] PackLoader:240 - Cannot read IP mode file for emotas.I-CUBE-CANOPEN.1.3.0
2023-11-13 01:28:19,537 [WARN] PackLoader:240 - Cannot read IP mode file for STMicroelectronics.X-CUBE-TOUCHGFX.4.22.0
2023-11-13 01:28:19,588 [WARN] PackLoader:240 - Cannot read IP mode file for STMicroelectronics.X-CUBE-TOUCHGFX.4.22.1
2023-11-13 01:28:19,636 [WARN] PackLoader:240 - Cannot read IP mode file for STMicroelectronics.FP-SNS-SMARTAG2.1.2.0
2023-11-13 01:28:19,653 [INFO] LogOutputStream:77 - [STDOUT_REDIRECT] 1 : Invalid condition id : UX_CORESTACK_Condition cause : null
2023-11-13 01:28:19,654 [INFO] LogOutputStream:77 - [STDOUT_REDIRECT] 1 : Invalid condition id : UX_CORESTACK_Condition cause : null
2023-11-13 01:28:19,655 [INFO] LogOutputStream:77 - [STDOUT_REDIRECT] 1 : Invalid condition id : UX_CORESTACK_Condition cause : null
2023-11-13 01:28:19,658 [INFO] LogOutputStream:77 - [STDOUT_REDIRECT] 1 : Invalid condition id : UX_CORESTACK_Condition cause : null
2023-11-13 01:28:19,660 [INFO] LogOutputStream:77 - [STDOUT_REDIRECT] 1 : Invalid condition id : UX_CORESTACK_Condition cause : null
2023-11-13 01:28:19,673 [WARN] PackLoader:240 - Cannot read IP mode file for STMicroelectronics.X-CUBE-AZRTOS-WL.2.0.0
2023-11-13 01:28:19,685 [WARN] PackLoader:240 - Cannot read IP mode file for WES.I-CUBE-Cesium.1.3.0
2023-11-13 01:28:19,702 [WARN] PackLoader:240 - Cannot read IP mode file for STMicroelectronics.X-CUBE-BLE2.3.3.0
2023-11-13 01:28:19,748 [WARN] PackLoader:240 - Cannot read IP mode file for STMicroelectronics.X-CUBE-TOUCHGFX.4.21.0
2023-11-13 01:28:19,797 [WARN] PackLoader:240 - Cannot read IP mode file for STMicroelectronics.X-CUBE-ALGOBUILD.1.3.0
2023-11-13 01:28:19,821 [WARN] PackLoader:240 - Cannot read IP mode file for STMicroelectronics.X-CUBE-AZRTOS-G0.1.1.0
2023-11-13 01:28:19,830 [WARN] PackLoader:240 - Cannot read IP mode file for STMicroelectronics.X-CUBE-NFC4.3.0.0
2023-11-13 01:28:19,844 [WARN] PackLoader:240 - Cannot read IP mode file for STMicroelectronics.X-CUBE-BLEMGR.3.0.0
2023-11-13 01:28:19,851 [WARN] PackLoader:240 - Cannot read IP mode file for STMicroelectronics.FP-ATR-SIGFOX1.3.2.0
2023-11-13 01:28:19,855 [WARN] PackLoader:240 - Cannot read IP mode file for STMicroelectronics.X-CUBE-GNSS1.6.0.0
2023-11-13 01:28:19,875 [WARN] PackLoader:240 - Cannot read IP mode file for STMicroelectronics.X-CUBE-AZRTOS-F4.1.1.0
2023-11-13 01:28:19,882 [WARN] PackLoader:240 - Cannot read IP mode file for wolfSSL.I-CUBE-wolfSSL.5.6.3
2023-11-13 01:28:19,902 [WARN] PackLoader:240 - Cannot read IP mode file for STMicroelectronics.X-CUBE-AZRTOS-L5.2.0.0
2023-11-13 01:28:19,954 [WARN] PackLoader:240 - Cannot read IP mode file for STMicroelectronics.X-CUBE-MEMS1.9.6.0
2023-11-13 01:28:20,170 [WARN] PackLoader:240 - Cannot read IP mode file for STMicroelectronics.X-CUBE-EEPRMA1.4.2.0
2023-11-13 01:28:20,174 [WARN] PackLoader:240 - Cannot read IP mode file for ITTIA_DB.I-CUBE-ITTIADB.8.8.0
2023-11-13 01:28:20,202 [WARN] PackLoader:240 - Cannot read IP mode file for STMicroelectronics.X-CUBE-MEMS1.7.2.0
2023-11-13 01:28:20,338 [WARN] ConditionMgr:438 - getConditionDescription Invalid condition id : UX DEVICE CLASS RTOS Condition cause : null
2023-11-13 01:28:20,338 [WARN] ConditionMgr:438 - getConditionDescription Invalid condition id : UX DEVICE CLASS RTOS Condition cause : null
2023-11-13 01:28:20,340 [WARN] PackLoader:240 - Cannot read IP mode file for STMicroelectronics.X-CUBE-AZRTOS-H7.3.1.0
2023-11-13 01:28:20,341 [WARN] ConditionMgr:1039 - genDependencies : Invalid condition id : UX DEVICE CLASS RTOS Condition cause : null
2023-11-13 01:28:20,341 [WARN] ConditionMgr:1039 - genDependencies : Invalid condition id : UX DEVICE CLASS RTOS Condition cause : null
2023-11-13 01:28:20,342 [WARN] ConditionMgr:1039 - genDependencies : Invalid condition id : UX DEVICE CLASS RTOS Condition cause : null
2023-11-13 01:28:20,342 [WARN] ConditionMgr:1039 - genDependencies : Invalid condition id : UX DEVICE CLASS RTOS Condition cause : null
2023-11-13 01:28:20,342 [WARN] ConditionMgr:1039 - genDependencies : Invalid condition id : UX DEVICE CLASS RTOS Condition cause : null
2023-11-13 01:28:20,346 [WARN] PackLoader:240 - Cannot read IP mode file for STMicroelectronics.X-CUBE-NFC7.1.0.1
2023-11-13 01:28:20,351 [WARN] PackLoader:240 - Cannot read IP mode file for STMicroelectronics.X-CUBE-NFC6.3.0.0
2023-11-13 01:28:20,355 [WARN] PackLoader:240 - Cannot read IP mode file for STMicroelectronics.X-CUBE-AI.8.1.0
2023-11-13 01:28:20,382 [WARN] ConditionMgr:438 - getConditionDescription Invalid condition id : LAN8742 Phy interface Condition cause : null
2023-11-13 01:28:20,383 [WARN] PackLoader:240 - Cannot read IP mode file for STMicroelectronics.X-CUBE-AZRTOS-L4.2.0.0
2023-11-13 01:28:20,383 [WARN] ConditionMgr:1039 - genDependencies : Invalid condition id : LAN8742 Phy interface Condition cause : null
2023-11-13 01:28:20,384 [WARN] ConditionMgr:1039 - genDependencies : Invalid condition id : LAN8742 Phy interface Condition cause : null
2023-11-13 01:28:20,384 [WARN] ConditionMgr:1039 - genDependencies : Invalid condition id : LAN8742 Phy interface Condition cause : null
2023-11-13 01:28:20,389 [WARN] PackLoader:240 - Cannot read IP mode file for STMicroelectronics.X-CUBE-SFXS2LP1.4.0.0
2023-11-13 01:28:20,393 [WARN] PackLoader:240 - Cannot read IP mode file for STMicroelectronics.X-CUBE-ISPU.1.1.0
2023-11-13 01:28:20,402 [WARN] ConditionMgr:438 - getConditionDescription Invalid condition id : UX DEVICE CLASS RTOS Condition cause : null
2023-11-13 01:28:20,402 [WARN] ConditionMgr:438 - getConditionDescription Invalid condition id : UX DEVICE CLASS RTOS Condition cause : null
2023-11-13 01:28:20,403 [WARN] PackLoader:240 - Cannot read IP mode file for STMicroelectronics.X-CUBE-AZRTOS-WB.2.0.0
2023-11-13 01:28:20,403 [WARN] ConditionMgr:1039 - genDependencies : Invalid condition id : UX DEVICE CLASS RTOS Condition cause : null
2023-11-13 01:28:20,403 [WARN] ConditionMgr:1039 - genDependencies : Invalid condition id : UX DEVICE CLASS RTOS Condition cause : null
2023-11-13 01:28:20,403 [WARN] ConditionMgr:1039 - genDependencies : Invalid condition id : UX DEVICE CLASS RTOS Condition cause : null
2023-11-13 01:28:20,403 [WARN] ConditionMgr:1039 - genDependencies : Invalid condition id : UX DEVICE CLASS RTOS Condition cause : null
2023-11-13 01:28:20,403 [WARN] ConditionMgr:1039 - genDependencies : Invalid condition id : UX DEVICE CLASS RTOS Condition cause : null
2023-11-13 01:28:20,407 [WARN] PackLoader:240 - Cannot read IP mode file for STMicroelectronics.X-CUBE-FREERTOS.1.0.1
2023-11-13 01:28:20,463 [WARN] PackLoader:240 - Cannot read IP mode file for STMicroelectronics.X-CUBE-MEMS1.9.0.0
2023-11-13 01:28:20,591 [WARN] PackLoader:240 - Cannot read IP mode file for STMicroelectronics.X-CUBE-SUBG2.5.0.0
2023-11-13 01:28:20,604 [WARN] PackLoader:240 - Cannot read IP mode file for STMicroelectronics.X-CUBE-TOF1.3.3.1
2023-11-13 01:28:20,620 [WARN] PackLoader:240 - Cannot read IP mode file for STMicroelectronics.X-CUBE-AZRTOS-G4.2.0.0
2023-11-13 01:28:20,634 [WARN] PackLoader:240 - Cannot read IP mode file for Infineon.AIROC-Wi-Fi-Bluetooth-STM32.1.5.1
2023-11-13 01:28:20,641 [WARN] PackLoader:240 - Cannot read IP mode file for STMicroelectronics.FP-SNS-MOTENVWB1.1.3.0
2023-11-13 01:28:20,693 [WARN] PackLoader:240 - Cannot read IP mode file for STMicroelectronics.X-CUBE-MEMS1.10.0.0
2023-11-13 01:28:20,893 [WARN] PackLoader:240 - Cannot read IP mode file for STMicroelectronics.X-CUBE-FREERTOS.1.1.0
2023-11-13 01:28:20,919 [WARN] PackLoader:240 - Cannot read IP mode file for portGmbH.I-Cube-SoM-uGOAL.1.1.0
2023-11-13 01:28:20,924 [WARN] PackLoader:240 - Cannot read IP mode file for STMicroelectronics.X-CUBE-ALS.1.0.1
2023-11-13 01:28:20,928 [WARN] PackLoader:240 - Cannot read IP mode file for STMicroelectronics.FP-ATR-ASTRA1.2.0.0
2023-11-13 01:28:20,929 [INFO] ThirdParty:978 - Integrity check success = true
2023-11-13 01:28:20,929 [INFO] IntegrityCheckThread:100 - exiting critical section [integrity check]
2023-11-13 01:28:20,929 [INFO] IntegrityCheckThread:103 - End integrity checks thread
2023-11-13 01:28:39,187 [ERROR] LogOutputStream:75 - [STDERR_REDIRECT] SLF4J: Failed to load class "org.slf4j.impl.StaticLoggerBinder".
2023-11-13 01:28:39,187 [ERROR] LogOutputStream:75 - [STDERR_REDIRECT] SLF4J: Defaulting to no-operation (NOP) logger implementation
2023-11-13 01:28:39,188 [ERROR] LogOutputStream:75 - [STDERR_REDIRECT] SLF4J: See http://www.slf4j.org/codes.html#StaticLoggerBinder for further details.
2023-11-13 02:31:12,030 [INFO] WebApp:330 - JxBrowser engine has been closed 
2023-11-13 02:31:13,188 [ERROR] LogOutputStream:75 - [STDERR_REDIRECT] 
2023-11-13 03:07:55,759 [INFO] Activator:176 - 


2023-11-13 03:07:55,762 [INFO] Activator:177 - !SESSION log4j initialized
2023-11-13 03:08:03,477 [INFO] LogOutputStream:77 - [STDOUT_REDIRECT] 
2023-11-13 03:08:04,776 [INFO] ApplicationProperties:184 - Using Application install path: C:\ST\STM32CubeIDE_1.13.2\STM32CubeIDE\plugins\com.st.stm32cube.common.mx_6.9.2.202309101412
2023-11-13 03:08:04,798 [INFO] DbMcusXml:78 - Set database path to: C:\ST\STM32CubeIDE_1.13.2\STM32CubeIDE\plugins\com.st.stm32cube.common.mx_6.9.2.202309101412\\db\/mcu/
2023-11-13 03:08:04,799 [INFO] ApiDb:274 - Set plugin database path to: C:\ST\STM32CubeIDE_1.13.2\STM32CubeIDE\plugins\com.st.stm32cube.common.mx_6.9.2.202309101412\\db\/plugins/boardmanager/
2023-11-13 03:08:04,799 [WARN] ApiDb:259 - Overriding images path with different value:  => C:\ST\STM32CubeIDE_1.13.2\STM32CubeIDE\plugins\com.st.stm32cube.common.mx_6.9.2.202309101412\\db\/plugins/mcufinder/images/
2023-11-13 03:08:04,820 [INFO] ApiDb:250 - Set database path to: C:\Users\zafee\.stmcufinder\plugins\mcufinder//mcu/
2023-11-13 03:08:04,821 [INFO] DbMcusAds:125 - Set database path to: C:\Users\zafee\.stmcufinder\plugins\mcufinder//mcu/
2023-11-13 03:08:04,825 [INFO] CrossReferenceDbSqlite:203 - Set database path to: C:\Users\zafee\.stmcufinder\plugins\mcufinder//mcu/cs/
2023-11-13 03:08:04,968 [INFO] RulesReader:64 - Compatibility file has been processed (293 Rules)
2023-11-13 03:08:05,058 [INFO] DbMcusXml:78 - Set database path to: C:\ST\STM32CubeIDE_1.13.2\STM32CubeIDE\plugins\com.st.stm32cube.common.mx_6.9.2.202309101412\\db\/mcu/
2023-11-13 03:08:05,059 [INFO] ApiDb:274 - Set plugin database path to: C:\ST\STM32CubeIDE_1.13.2\STM32CubeIDE\plugins\com.st.stm32cube.common.mx_6.9.2.202309101412\\db\/plugins/boardmanager/
2023-11-13 03:08:05,059 [INFO] ApiDb:261 - Set plugin images path to: C:\ST\STM32CubeIDE_1.13.2\STM32CubeIDE\plugins\com.st.stm32cube.common.mx_6.9.2.202309101412\\db\/plugins/mcufinder/images/
2023-11-13 03:08:05,059 [WARN] DbFile:41 - Overriding database path with different value: C:\Users\zafee\.stmcufinder\plugins\mcufinder/ => C:\Users\zafee\.stmcufinder\plugins\mcufinder
2023-11-13 03:08:05,059 [INFO] ApiDb:250 - Set database path to: C:\Users\zafee\.stmcufinder\plugins\mcufinder//mcu/
2023-11-13 03:08:05,059 [WARN] DbFile:41 - Overriding database path with different value: C:\Users\zafee\.stmcufinder\plugins\mcufinder/ => C:\Users\zafee\.stmcufinder\plugins\mcufinder
2023-11-13 03:08:05,059 [INFO] DbMcusAds:125 - Set database path to: C:\Users\zafee\.stmcufinder\plugins\mcufinder//mcu/
2023-11-13 03:08:05,059 [WARN] DbFile:41 - Overriding database path with different value: C:\Users\zafee\.stmcufinder\plugins\mcufinder/ => C:\Users\zafee\.stmcufinder\plugins\mcufinder
2023-11-13 03:08:05,059 [WARN] DbFile:41 - Overriding database path with different value: C:\Users\zafee\.stmcufinder\plugins\mcufinder/ => C:\Users\zafee\.stmcufinder\plugins\mcufinder
2023-11-13 03:08:05,059 [INFO] CrossReferenceDbSqlite:203 - Set database path to: C:\Users\zafee\.stmcufinder\plugins\mcufinder//mcu/cs/
2023-11-13 03:08:05,134 [INFO] MainPanel:262 - HeapMemory: 268435456
2023-11-13 03:08:05,250 [INFO] DbMcusXml:78 - Set database path to: C:\ST\STM32CubeIDE_1.13.2\STM32CubeIDE\plugins\com.st.stm32cube.common.mx_6.9.2.202309101412\\db\/mcu/
2023-11-13 03:08:05,250 [INFO] ApiDb:274 - Set plugin database path to: C:\ST\STM32CubeIDE_1.13.2\STM32CubeIDE\plugins\com.st.stm32cube.common.mx_6.9.2.202309101412\\db\/plugins/boardmanager/
2023-11-13 03:08:05,251 [INFO] ApiDb:261 - Set plugin images path to: C:\ST\STM32CubeIDE_1.13.2\STM32CubeIDE\plugins\com.st.stm32cube.common.mx_6.9.2.202309101412\\db\/plugins/mcufinder/images/
2023-11-13 03:08:05,251 [WARN] DbFile:41 - Overriding database path with different value: C:\Users\zafee\.stmcufinder\plugins\mcufinder/ => C:\Users\zafee\.stmcufinder\plugins\mcufinder
2023-11-13 03:08:05,252 [INFO] ApiDb:250 - Set database path to: C:\Users\zafee\.stmcufinder\plugins\mcufinder//mcu/
2023-11-13 03:08:05,252 [WARN] DbFile:41 - Overriding database path with different value: C:\Users\zafee\.stmcufinder\plugins\mcufinder/ => C:\Users\zafee\.stmcufinder\plugins\mcufinder
2023-11-13 03:08:05,252 [INFO] DbMcusAds:125 - Set database path to: C:\Users\zafee\.stmcufinder\plugins\mcufinder//mcu/
2023-11-13 03:08:05,252 [WARN] DbFile:41 - Overriding database path with different value: C:\Users\zafee\.stmcufinder\plugins\mcufinder/ => C:\Users\zafee\.stmcufinder\plugins\mcufinder
2023-11-13 03:08:05,252 [WARN] DbFile:41 - Overriding database path with different value: C:\Users\zafee\.stmcufinder\plugins\mcufinder/ => C:\Users\zafee\.stmcufinder\plugins\mcufinder
2023-11-13 03:08:05,252 [INFO] CrossReferenceDbSqlite:203 - Set database path to: C:\Users\zafee\.stmcufinder\plugins\mcufinder//mcu/cs/
2023-11-13 03:08:05,278 [INFO] ApplicationProperties:184 - Using Application install path: C:\ST\STM32CubeIDE_1.13.2\STM32CubeIDE\plugins\com.st.stm32cube.common.mx_6.9.2.202309101412
2023-11-13 03:08:05,279 [INFO] PluginManage:196 - Search for loadable plugins [exclusion list=, ]
2023-11-13 03:08:05,281 [INFO] PluginManage:310 - Check plugin analytics
2023-11-13 03:08:05,481 [INFO] AnalyticsPlugin:253 - Accepted Software Licenses: STM32CubeMX.6.9.2
2023-11-13 03:08:05,481 [INFO] AnalyticsPlugin:255 - Accepted CMSIS Pack Licenses: STMicroelectronics.X-CUBE-TOUCHGFX.4.21.0
2023-11-13 03:08:05,481 [INFO] AnalyticsPlugin:257 - Accepted Firmware Licenses: 
2023-11-13 03:08:05,484 [INFO] PluginManage:359 - Loaded plugin analytics (category:tool,tabindex:-1)
2023-11-13 03:08:05,485 [INFO] PluginManage:310 - Check plugin cadmodel
2023-11-13 03:08:05,502 [INFO] CADModel:105 - Init CAD model plugin
2023-11-13 03:08:05,502 [INFO] PluginManage:359 - Loaded plugin cadmodel (category:power,tabindex:5)
2023-11-13 03:08:05,502 [INFO] PluginManage:310 - Check plugin clock
2023-11-13 03:08:05,527 [INFO] PluginManage:359 - Loaded plugin clock (category:base,tabindex:2)
2023-11-13 03:08:05,527 [INFO] PluginManage:310 - Check plugin ddr
2023-11-13 03:08:05,530 [INFO] PluginManage:359 - Loaded plugin ddr (category:tool,tabindex:6)
2023-11-13 03:08:05,531 [INFO] PluginManage:310 - Check plugin filemanager
2023-11-13 03:08:05,686 [INFO] PluginManage:359 - Loaded plugin filemanager (category:base,tabindex:10)
2023-11-13 03:08:05,686 [INFO] PluginManage:310 - Check plugin ipmanager
2023-11-13 03:08:05,695 [INFO] PluginManage:359 - Loaded plugin ipmanager (category:base,tabindex:5)
2023-11-13 03:08:05,696 [INFO] PluginManage:310 - Check plugin lpbam
2023-11-13 03:08:05,713 [INFO] PluginManage:359 - Loaded plugin lpbam (category:base,tabindex:0)
2023-11-13 03:08:05,713 [INFO] PluginManage:310 - Check plugin memorymap
2023-11-13 03:08:05,736 [INFO] PluginManage:359 - Loaded plugin memorymap (category:base,tabindex:4)
2023-11-13 03:08:05,737 [INFO] PluginManage:310 - Check plugin pinoutandconfiguration
2023-11-13 03:08:05,753 [INFO] PluginManage:359 - Loaded plugin pinoutandconfiguration (category:base,tabindex:1)
2023-11-13 03:08:05,753 [INFO] PluginManage:310 - Check plugin pinoutconfig
2023-11-13 03:08:05,866 [WARN] SupportedApi:132 - Cannot load RTOS API schema: s4s-elt-must-match.1: The content of 'definitions' must match (annotation?, (simpleType | complexType)?, (unique | key | keyref)*)). A problem was found starting at: attribute.
2023-11-13 03:08:06,033 [INFO] PluginManage:359 - Loaded plugin pinoutconfig (category:base,tabindex:0)
2023-11-13 03:08:06,033 [INFO] PluginManage:310 - Check plugin power
2023-11-13 03:08:06,056 [INFO] PluginManage:359 - Loaded plugin power (category:power,tabindex:4)
2023-11-13 03:08:06,056 [INFO] PluginManage:310 - Check plugin projectmanager
2023-11-13 03:08:06,073 [INFO] PluginManage:359 - Loaded plugin projectmanager (category:projectmanager,tabindex:3)
2023-11-13 03:08:06,074 [INFO] PluginManage:310 - Check plugin thirdparty
2023-11-13 03:08:06,349 [INFO] PluginManage:359 - Loaded plugin thirdparty (category:base,tabindex:-1)
2023-11-13 03:08:06,349 [INFO] PluginManage:310 - Check plugin tools
2023-11-13 03:08:06,349 [WARN] IntegrityCheckThread:84 - waiting for thirdparty lock release [integrity check]
2023-11-13 03:08:06,349 [INFO] IntegrityCheckThread:86 - entering critical section [integrity check]
2023-11-13 03:08:06,350 [INFO] ThirdPartyUpdaterWithRetryManager:70 - Updater plugin not ready yet. [1/15]
2023-11-13 03:08:06,376 [INFO] PluginManage:359 - Loaded plugin tools (category:base,tabindex:7)
2023-11-13 03:08:06,376 [INFO] PluginManage:310 - Check plugin tutovideos
2023-11-13 03:08:06,566 [INFO] PluginManage:359 - Loaded plugin tutovideos (category:base,tabindex:-1)
2023-11-13 03:08:06,567 [INFO] PluginManage:310 - Check plugin updater
2023-11-13 03:08:06,584 [INFO] PluginManage:359 - Loaded plugin updater (category:base,tabindex:12)
2023-11-13 03:08:06,585 [INFO] PluginManage:310 - Check plugin userauth
2023-11-13 03:08:06,592 [INFO] UserAuth:113 - Init User Auth plugin
2023-11-13 03:08:06,592 [INFO] PluginManage:359 - Loaded plugin userauth (category:base,tabindex:14)
2023-11-13 03:08:06,592 [INFO] PluginManage:283 - PluginManage : Loaded plugins [17]
2023-11-13 03:08:06,831 [INFO] PinOutPanel:1499 - setPackage(No Configuration,No Configuration)
2023-11-13 03:08:06,941 [INFO] CADModel:165 - CPN selected for project level
2023-11-13 03:08:06,941 [INFO] CADModel:114 - Register for checkConnection events
2023-11-13 03:08:06,964 [INFO] IPUIPlugin:80 - create IPUIPlugin
2023-11-13 03:08:06,964 [INFO] PluginManager:220 - loadIPPluginJar : add adc
2023-11-13 03:08:06,997 [INFO] IPUIPlugin:80 - create IPUIPlugin
2023-11-13 03:08:06,997 [INFO] PluginManager:220 - loadIPPluginJar : add aes
2023-11-13 03:08:07,031 [INFO] IPUIPlugin:80 - create IPUIPlugin
2023-11-13 03:08:07,031 [INFO] PluginManager:220 - loadIPPluginJar : add can
2023-11-13 03:08:07,048 [INFO] IPUIPlugin:80 - create IPUIPlugin
2023-11-13 03:08:07,048 [INFO] PluginManager:220 - loadIPPluginJar : add comp
2023-11-13 03:08:07,077 [INFO] IPUIPlugin:80 - create IPUIPlugin
2023-11-13 03:08:07,077 [INFO] PluginManager:220 - loadIPPluginJar : add cryp
2023-11-13 03:08:07,103 [INFO] IPUIPlugin:80 - create IPUIPlugin
2023-11-13 03:08:07,104 [INFO] PluginManager:220 - loadIPPluginJar : add dfsdm
2023-11-13 03:08:07,116 [INFO] IPUIPlugin:80 - create IPUIPlugin
2023-11-13 03:08:07,116 [INFO] PluginManager:220 - loadIPPluginJar : add dma
2023-11-13 03:08:07,165 [INFO] IPUIPlugin:80 - create IPUIPlugin
2023-11-13 03:08:07,165 [INFO] PluginManager:220 - loadIPPluginJar : add dma3
2023-11-13 03:08:07,192 [INFO] IPUIPlugin:80 - create IPUIPlugin
2023-11-13 03:08:07,192 [INFO] PluginManager:220 - loadIPPluginJar : add fatfs
2023-11-13 03:08:07,253 [INFO] IPUIPlugin:80 - create IPUIPlugin
2023-11-13 03:08:07,253 [INFO] PluginManager:220 - loadIPPluginJar : add fmc
2023-11-13 03:08:07,269 [INFO] IPUIPlugin:80 - create IPUIPlugin
2023-11-13 03:08:07,269 [INFO] PluginManager:220 - loadIPPluginJar : add freertos
2023-11-13 03:08:07,295 [INFO] IPUIPlugin:80 - create IPUIPlugin
2023-11-13 03:08:07,296 [INFO] PluginManager:220 - loadIPPluginJar : add genericplugin
2023-11-13 03:08:07,387 [INFO] IPUIPlugin:80 - create IPUIPlugin
2023-11-13 03:08:07,388 [INFO] PluginManager:220 - loadIPPluginJar : add gfxmmu
2023-11-13 03:08:07,520 [INFO] IPUIPlugin:80 - create IPUIPlugin
2023-11-13 03:08:07,520 [INFO] PluginManager:220 - loadIPPluginJar : add gic
2023-11-13 03:08:07,530 [INFO] IPUIPlugin:80 - create IPUIPlugin
2023-11-13 03:08:07,530 [INFO] PluginManager:220 - loadIPPluginJar : add gpio
2023-11-13 03:08:07,610 [INFO] IPUIPlugin:80 - create IPUIPlugin
2023-11-13 03:08:07,610 [INFO] PluginManager:220 - loadIPPluginJar : add gtzc
2023-11-13 03:08:07,637 [INFO] IPUIPlugin:80 - create IPUIPlugin
2023-11-13 03:08:07,637 [INFO] PluginManager:220 - loadIPPluginJar : add hash
2023-11-13 03:08:07,685 [INFO] IPUIPlugin:80 - create IPUIPlugin
2023-11-13 03:08:07,685 [INFO] PluginManager:220 - loadIPPluginJar : add i2c
2023-11-13 03:08:07,723 [INFO] IPUIPlugin:80 - create IPUIPlugin
2023-11-13 03:08:07,723 [INFO] PluginManager:220 - loadIPPluginJar : add i2s
2023-11-13 03:08:07,772 [INFO] IPUIPlugin:80 - create IPUIPlugin
2023-11-13 03:08:07,773 [INFO] PluginManager:220 - loadIPPluginJar : add i3c
2023-11-13 03:08:07,915 [INFO] IPUIPlugin:80 - create IPUIPlugin
2023-11-13 03:08:07,915 [INFO] PluginManager:220 - loadIPPluginJar : add ipddr
2023-11-13 03:08:08,027 [INFO] IPUIPlugin:80 - create IPUIPlugin
2023-11-13 03:08:08,027 [INFO] PluginManager:220 - loadIPPluginJar : add linkedlist
2023-11-13 03:08:08,074 [INFO] IPUIPlugin:80 - create IPUIPlugin
2023-11-13 03:08:08,074 [INFO] PluginManager:220 - loadIPPluginJar : add lorawan
2023-11-13 03:08:08,109 [INFO] IPUIPlugin:80 - create IPUIPlugin
2023-11-13 03:08:08,109 [INFO] PluginManager:220 - loadIPPluginJar : add ltdc
2023-11-13 03:08:08,125 [INFO] IPUIPlugin:80 - create IPUIPlugin
2023-11-13 03:08:08,125 [INFO] PluginManager:220 - loadIPPluginJar : add mdma
2023-11-13 03:08:08,136 [INFO] IPUIPlugin:80 - create IPUIPlugin
2023-11-13 03:08:08,137 [INFO] PluginManager:220 - loadIPPluginJar : add nvic
2023-11-13 03:08:08,185 [INFO] IPUIPlugin:80 - create IPUIPlugin
2023-11-13 03:08:08,185 [INFO] PluginManager:220 - loadIPPluginJar : add opamp
2023-11-13 03:08:08,253 [INFO] IPUIPlugin:80 - create IPUIPlugin
2023-11-13 03:08:08,253 [INFO] PluginManager:220 - loadIPPluginJar : add openamp
2023-11-13 03:08:08,294 [INFO] IPUIPlugin:80 - create IPUIPlugin
2023-11-13 03:08:08,294 [INFO] PluginManager:220 - loadIPPluginJar : add pdm2pcm
2023-11-13 03:08:08,308 [INFO] IPUIPlugin:80 - create IPUIPlugin
2023-11-13 03:08:08,310 [INFO] PluginManager:220 - loadIPPluginJar : add plateformsettings
2023-11-13 03:08:08,331 [INFO] IPUIPlugin:80 - create IPUIPlugin
2023-11-13 03:08:08,331 [INFO] PluginManager:220 - loadIPPluginJar : add quadspi
2023-11-13 03:08:08,343 [INFO] IPUIPlugin:80 - create IPUIPlugin
2023-11-13 03:08:08,343 [INFO] PluginManager:220 - loadIPPluginJar : add resmgrutility
2023-11-13 03:08:08,383 [INFO] IPUIPlugin:80 - create IPUIPlugin
2023-11-13 03:08:08,383 [INFO] PluginManager:220 - loadIPPluginJar : add sai
2023-11-13 03:08:08,417 [INFO] IPUIPlugin:80 - create IPUIPlugin
2023-11-13 03:08:08,417 [INFO] PluginManager:220 - loadIPPluginJar : add spi
2023-11-13 03:08:08,468 [INFO] IPUIPlugin:80 - create IPUIPlugin
2023-11-13 03:08:08,468 [INFO] PluginManager:220 - loadIPPluginJar : add stm32_wpan
2023-11-13 03:08:08,487 [INFO] IPUIPlugin:80 - create IPUIPlugin
2023-11-13 03:08:08,487 [INFO] PluginManager:220 - loadIPPluginJar : add tim
2023-11-13 03:08:08,535 [INFO] IPUIPlugin:80 - create IPUIPlugin
2023-11-13 03:08:08,535 [INFO] PluginManager:220 - loadIPPluginJar : add touchsensing
2023-11-13 03:08:08,553 [INFO] IPUIPlugin:80 - create IPUIPlugin
2023-11-13 03:08:08,553 [INFO] PluginManager:220 - loadIPPluginJar : add tracer_emb
2023-11-13 03:08:08,574 [INFO] IPUIPlugin:80 - create IPUIPlugin
2023-11-13 03:08:08,574 [INFO] PluginManager:220 - loadIPPluginJar : add ts
2023-11-13 03:08:08,594 [INFO] IPUIPlugin:80 - create IPUIPlugin
2023-11-13 03:08:08,594 [INFO] PluginManager:220 - loadIPPluginJar : add tsc
2023-11-13 03:08:08,612 [INFO] IPUIPlugin:80 - create IPUIPlugin
2023-11-13 03:08:08,612 [INFO] PluginManager:220 - loadIPPluginJar : add ucpd
2023-11-13 03:08:08,650 [INFO] IPUIPlugin:80 - create IPUIPlugin
2023-11-13 03:08:08,651 [INFO] PluginManager:220 - loadIPPluginJar : add usart
2023-11-13 03:08:08,687 [INFO] IPUIPlugin:80 - create IPUIPlugin
2023-11-13 03:08:08,687 [INFO] PluginManager:220 - loadIPPluginJar : add usbx
2023-11-13 03:08:08,808 [INFO] CADModel:165 - CPN selected for project level
2023-11-13 03:08:08,808 [INFO] CADModel:114 - Register for checkConnection events
2023-11-13 03:08:08,808 [FATAL] Updater:308 - Updater called before beeing initialized
2023-11-13 03:08:08,808 [ERROR] CADModel:125 - Updater not yet initialized, retry later 
2023-11-13 03:08:08,926 [INFO] CADModel:165 - CPN selected for project level
2023-11-13 03:08:08,927 [INFO] CADModel:114 - Register for checkConnection events
2023-11-13 03:08:08,927 [FATAL] Updater:308 - Updater called before beeing initialized
2023-11-13 03:08:08,927 [ERROR] CADModel:125 - Updater not yet initialized, retry later 
2023-11-13 03:08:08,930 [FATAL] Updater:308 - Updater called before beeing initialized
2023-11-13 03:08:09,033 [FATAL] Updater:308 - Updater called before beeing initialized
2023-11-13 03:08:09,044 [INFO] DbMcusAds:53 - JSON generation date=Tue Mar 07 00:50:55 PST 2023 (1678179055335)
2023-11-13 03:08:09,044 [FATAL] Updater:308 - Updater called before beeing initialized
2023-11-13 03:08:09,110 [WARN] DetailPanel:346 - Failed to get advertising image, set to default
2023-11-13 03:08:09,232 [FATAL] Updater:308 - Updater called before beeing initialized
2023-11-13 03:08:09,234 [FATAL] Updater:308 - Updater called before beeing initialized
2023-11-13 03:08:09,234 [FATAL] Updater:308 - Updater called before beeing initialized
2023-11-13 03:08:09,234 [WARN] DetailPanel:346 - Failed to get advertising image, set to default
2023-11-13 03:08:09,235 [FATAL] Updater:308 - Updater called before beeing initialized
2023-11-13 03:08:09,307 [ERROR] Updater:1120 - MainUpdater not yet initialized. External WinMGr cannot be set.
2023-11-13 03:08:09,320 [INFO] Updater:1056 - Updater Version found : 6.9.2
2023-11-13 03:08:09,340 [INFO] ApplicationProperties:184 - Using Application install path: C:\ST\STM32CubeIDE_1.13.2\STM32CubeIDE\plugins\com.st.stm32cube.common.mx_6.9.2.202309101412
2023-11-13 03:08:09,352 [INFO] ThirdPartyUpdaterWithRetryManager:70 - Updater plugin not ready yet. [2/15]
2023-11-13 03:08:09,695 [INFO] MainUpdater:2868 - connection check result : 10
2023-11-13 03:08:09,696 [INFO] MainUpdater:285 - Updater Check For Update Now.
2023-11-13 03:08:09,696 [INFO] MicroXplorer:498 - Change Database Version : DB.6.0.92
2023-11-13 03:08:09,714 [INFO] McuFinderGlobals:63 - Set McuFinder mode to 2 (CubeIDE integrated)
2023-11-13 03:08:09,714 [INFO] UserAuth:179 - activating auth plugin
2023-11-13 03:08:09,717 [INFO] UserAuth:393 - Internet connection configuration mode: 1
2023-11-13 03:08:09,743 [INFO] JxBrowserEngine:151 - Initiate JxBrowser Engine with user profile folder
2023-11-13 03:08:09,917 [INFO] CheckServerUpdateThread:120 - End of CheckServer Thread
2023-11-13 03:08:11,693 [INFO] WebApp:157 - Instantiating new browser for Auth
2023-11-13 03:08:12,196 [INFO] WebApp:753 - Register for checkConnection events
2023-11-13 03:08:12,196 [INFO] WebApp:390 - Apply proxy settings
2023-11-13 03:08:12,196 [INFO] WebApp:475 - Chromium requires no authentication
2023-11-13 03:08:12,203 [INFO] WebApp:418 - Direct internet connection detected
2023-11-13 03:08:12,338 [INFO] WebApp:188 - Starting web application
2023-11-13 03:08:12,338 [INFO] WebApp:520 - Web application path used C:\ST\STM32CubeIDE_1.13.2\STM32CubeIDE\plugins\com.st.stm32cube.common.mx_6.9.2.202309101412\db\plugins\mcufinder\reactClient1\index.html
2023-11-13 03:08:12,595 [WARN] PackLoader:240 - Cannot read IP mode file for STMicroelectronics.X-CUBE-SMBUS.2.1.0
2023-11-13 03:08:12,656 [WARN] PackLoader:240 - Cannot read IP mode file for STMicroelectronics.X-CUBE-AZRTOS-F7.1.1.0
2023-11-13 03:08:12,678 [WARN] PackLoader:240 - Cannot read IP mode file for STMicroelectronics.FP-SNS-MOTENV1.4.3.2
2023-11-13 03:08:12,696 [WARN] PackLoader:240 - Cannot read IP mode file for STMicroelectronics.FP-SNS-FLIGHT1.5.0.2
2023-11-13 03:08:12,718 [WARN] PackLoader:240 - Cannot read IP mode file for STMicroelectronics.X-CUBE-BLE2.3.2.2
2023-11-13 03:08:12,839 [WARN] PackLoader:240 - Cannot read IP mode file for STMicroelectronics.X-CUBE-DISPLAY.3.0.0
2023-11-13 03:08:12,857 [WARN] PackLoader:240 - Cannot read IP mode file for STMicroelectronics.X-CUBE-BLE1.7.0.0
2023-11-13 03:08:12,873 [WARN] PackLoader:240 - Cannot read IP mode file for emotas.I-CUBE-CANOPEN.1.3.0
2023-11-13 03:08:12,890 [WARN] PackLoader:240 - Cannot read IP mode file for STMicroelectronics.X-CUBE-TOUCHGFX.4.22.0
2023-11-13 03:08:12,967 [WARN] PackLoader:240 - Cannot read IP mode file for STMicroelectronics.X-CUBE-TOUCHGFX.4.22.1
2023-11-13 03:08:13,032 [WARN] PackLoader:240 - Cannot read IP mode file for STMicroelectronics.FP-SNS-SMARTAG2.1.2.0
2023-11-13 03:08:13,054 [INFO] LogOutputStream:77 - [STDOUT_REDIRECT] 1 : Invalid condition id : UX_CORESTACK_Condition cause : null
2023-11-13 03:08:13,054 [INFO] LogOutputStream:77 - [STDOUT_REDIRECT] 1 : Invalid condition id : UX_CORESTACK_Condition cause : null
2023-11-13 03:08:13,056 [INFO] LogOutputStream:77 - [STDOUT_REDIRECT] 1 : Invalid condition id : UX_CORESTACK_Condition cause : null
2023-11-13 03:08:13,057 [INFO] LogOutputStream:77 - [STDOUT_REDIRECT] 1 : Invalid condition id : UX_CORESTACK_Condition cause : null
2023-11-13 03:08:13,059 [INFO] LogOutputStream:77 - [STDOUT_REDIRECT] 1 : Invalid condition id : UX_CORESTACK_Condition cause : null
2023-11-13 03:08:13,061 [WARN] PackLoader:240 - Cannot read IP mode file for STMicroelectronics.X-CUBE-AZRTOS-WL.2.0.0
2023-11-13 03:08:13,077 [WARN] PackLoader:240 - Cannot read IP mode file for WES.I-CUBE-Cesium.1.3.0
2023-11-13 03:08:13,088 [WARN] PackLoader:240 - Cannot read IP mode file for STMicroelectronics.X-CUBE-BLE2.3.3.0
2023-11-13 03:08:13,143 [WARN] PackLoader:240 - Cannot read IP mode file for STMicroelectronics.X-CUBE-TOUCHGFX.4.21.0
2023-11-13 03:08:13,227 [WARN] PackLoader:240 - Cannot read IP mode file for STMicroelectronics.X-CUBE-ALGOBUILD.1.3.0
2023-11-13 03:08:13,257 [WARN] PackLoader:240 - Cannot read IP mode file for STMicroelectronics.X-CUBE-AZRTOS-G0.1.1.0
2023-11-13 03:08:13,270 [WARN] PackLoader:240 - Cannot read IP mode file for STMicroelectronics.X-CUBE-NFC4.3.0.0
2023-11-13 03:08:13,287 [WARN] PackLoader:240 - Cannot read IP mode file for STMicroelectronics.X-CUBE-BLEMGR.3.0.0
2023-11-13 03:08:13,297 [WARN] PackLoader:240 - Cannot read IP mode file for STMicroelectronics.FP-ATR-SIGFOX1.3.2.0
2023-11-13 03:08:13,308 [WARN] PackLoader:240 - Cannot read IP mode file for STMicroelectronics.X-CUBE-GNSS1.6.0.0
2023-11-13 03:08:13,335 [WARN] PackLoader:240 - Cannot read IP mode file for STMicroelectronics.X-CUBE-AZRTOS-F4.1.1.0
2023-11-13 03:08:13,349 [WARN] PackLoader:240 - Cannot read IP mode file for wolfSSL.I-CUBE-wolfSSL.5.6.3
2023-11-13 03:08:13,378 [WARN] PackLoader:240 - Cannot read IP mode file for STMicroelectronics.X-CUBE-AZRTOS-L5.2.0.0
2023-11-13 03:08:13,449 [WARN] PackLoader:240 - Cannot read IP mode file for STMicroelectronics.X-CUBE-MEMS1.9.6.0
2023-11-13 03:08:13,748 [WARN] PackLoader:240 - Cannot read IP mode file for STMicroelectronics.X-CUBE-EEPRMA1.4.2.0
2023-11-13 03:08:13,760 [WARN] PackLoader:240 - Cannot read IP mode file for ITTIA_DB.I-CUBE-ITTIADB.8.8.0
2023-11-13 03:08:13,814 [WARN] PackLoader:240 - Cannot read IP mode file for STMicroelectronics.X-CUBE-MEMS1.7.2.0
2023-11-13 03:08:13,938 [WARN] ConditionMgr:438 - getConditionDescription Invalid condition id : UX DEVICE CLASS RTOS Condition cause : null
2023-11-13 03:08:13,939 [WARN] ConditionMgr:438 - getConditionDescription Invalid condition id : UX DEVICE CLASS RTOS Condition cause : null
2023-11-13 03:08:13,940 [WARN] PackLoader:240 - Cannot read IP mode file for STMicroelectronics.X-CUBE-AZRTOS-H7.3.1.0
2023-11-13 03:08:13,941 [WARN] ConditionMgr:1039 - genDependencies : Invalid condition id : UX DEVICE CLASS RTOS Condition cause : null
2023-11-13 03:08:13,942 [WARN] ConditionMgr:1039 - genDependencies : Invalid condition id : UX DEVICE CLASS RTOS Condition cause : null
2023-11-13 03:08:13,942 [WARN] ConditionMgr:1039 - genDependencies : Invalid condition id : UX DEVICE CLASS RTOS Condition cause : null
2023-11-13 03:08:13,942 [WARN] ConditionMgr:1039 - genDependencies : Invalid condition id : UX DEVICE CLASS RTOS Condition cause : null
2023-11-13 03:08:13,942 [WARN] ConditionMgr:1039 - genDependencies : Invalid condition id : UX DEVICE CLASS RTOS Condition cause : null
2023-11-13 03:08:13,954 [WARN] PackLoader:240 - Cannot read IP mode file for STMicroelectronics.X-CUBE-NFC7.1.0.1
2023-11-13 03:08:13,967 [WARN] PackLoader:240 - Cannot read IP mode file for STMicroelectronics.X-CUBE-NFC6.3.0.0
2023-11-13 03:08:13,982 [WARN] PackLoader:240 - Cannot read IP mode file for STMicroelectronics.X-CUBE-AI.8.1.0
2023-11-13 03:08:14,040 [WARN] ConditionMgr:438 - getConditionDescription Invalid condition id : LAN8742 Phy interface Condition cause : null
2023-11-13 03:08:14,040 [WARN] PackLoader:240 - Cannot read IP mode file for STMicroelectronics.X-CUBE-AZRTOS-L4.2.0.0
2023-11-13 03:08:14,042 [WARN] ConditionMgr:1039 - genDependencies : Invalid condition id : LAN8742 Phy interface Condition cause : null
2023-11-13 03:08:14,042 [WARN] ConditionMgr:1039 - genDependencies : Invalid condition id : LAN8742 Phy interface Condition cause : null
2023-11-13 03:08:14,043 [WARN] ConditionMgr:1039 - genDependencies : Invalid condition id : LAN8742 Phy interface Condition cause : null
2023-11-13 03:08:14,060 [WARN] PackLoader:240 - Cannot read IP mode file for STMicroelectronics.X-CUBE-SFXS2LP1.4.0.0
2023-11-13 03:08:14,072 [WARN] PackLoader:240 - Cannot read IP mode file for STMicroelectronics.X-CUBE-ISPU.1.1.0
2023-11-13 03:08:14,101 [WARN] ConditionMgr:438 - getConditionDescription Invalid condition id : UX DEVICE CLASS RTOS Condition cause : null
2023-11-13 03:08:14,102 [WARN] ConditionMgr:438 - getConditionDescription Invalid condition id : UX DEVICE CLASS RTOS Condition cause : null
2023-11-13 03:08:14,104 [WARN] PackLoader:240 - Cannot read IP mode file for STMicroelectronics.X-CUBE-AZRTOS-WB.2.0.0
2023-11-13 03:08:14,104 [WARN] ConditionMgr:1039 - genDependencies : Invalid condition id : UX DEVICE CLASS RTOS Condition cause : null
2023-11-13 03:08:14,104 [WARN] ConditionMgr:1039 - genDependencies : Invalid condition id : UX DEVICE CLASS RTOS Condition cause : null
2023-11-13 03:08:14,105 [WARN] ConditionMgr:1039 - genDependencies : Invalid condition id : UX DEVICE CLASS RTOS Condition cause : null
2023-11-13 03:08:14,105 [WARN] ConditionMgr:1039 - genDependencies : Invalid condition id : UX DEVICE CLASS RTOS Condition cause : null
2023-11-13 03:08:14,105 [WARN] ConditionMgr:1039 - genDependencies : Invalid condition id : UX DEVICE CLASS RTOS Condition cause : null
2023-11-13 03:08:14,120 [WARN] PackLoader:240 - Cannot read IP mode file for STMicroelectronics.X-CUBE-FREERTOS.1.0.1
2023-11-13 03:08:14,197 [WARN] PackLoader:240 - Cannot read IP mode file for STMicroelectronics.X-CUBE-MEMS1.9.0.0
2023-11-13 03:08:14,379 [WARN] PackLoader:240 - Cannot read IP mode file for STMicroelectronics.X-CUBE-SUBG2.5.0.0
2023-11-13 03:08:14,413 [WARN] PackLoader:240 - Cannot read IP mode file for STMicroelectronics.X-CUBE-TOF1.3.3.1
2023-11-13 03:08:14,469 [WARN] PackLoader:240 - Cannot read IP mode file for STMicroelectronics.X-CUBE-AZRTOS-G4.2.0.0
2023-11-13 03:08:14,497 [WARN] PackLoader:240 - Cannot read IP mode file for Infineon.AIROC-Wi-Fi-Bluetooth-STM32.1.5.1
2023-11-13 03:08:14,523 [WARN] PackLoader:240 - Cannot read IP mode file for STMicroelectronics.FP-SNS-MOTENVWB1.1.3.0
2023-11-13 03:08:14,582 [WARN] PackLoader:240 - Cannot read IP mode file for STMicroelectronics.X-CUBE-MEMS1.10.0.0
2023-11-13 03:08:14,829 [WARN] PackLoader:240 - Cannot read IP mode file for STMicroelectronics.X-CUBE-FREERTOS.1.1.0
2023-11-13 03:08:14,874 [WARN] PackLoader:240 - Cannot read IP mode file for portGmbH.I-Cube-SoM-uGOAL.1.1.0
2023-11-13 03:08:14,888 [WARN] PackLoader:240 - Cannot read IP mode file for STMicroelectronics.X-CUBE-ALS.1.0.1
2023-11-13 03:08:14,899 [WARN] PackLoader:240 - Cannot read IP mode file for STMicroelectronics.FP-ATR-ASTRA1.2.0.0
2023-11-13 03:08:14,900 [INFO] ThirdParty:978 - Integrity check success = true
2023-11-13 03:08:14,900 [INFO] IntegrityCheckThread:100 - exiting critical section [integrity check]
2023-11-13 03:08:14,900 [INFO] IntegrityCheckThread:103 - End integrity checks thread
2023-11-13 03:08:33,330 [ERROR] LogOutputStream:75 - [STDERR_REDIRECT] SLF4J: Failed to load class "org.slf4j.impl.StaticLoggerBinder".
2023-11-13 03:08:33,330 [ERROR] LogOutputStream:75 - [STDERR_REDIRECT] SLF4J: Defaulting to no-operation (NOP) logger implementation
2023-11-13 03:08:33,332 [ERROR] LogOutputStream:75 - [STDERR_REDIRECT] SLF4J: See http://www.slf4j.org/codes.html#StaticLoggerBinder for further details.
2023-11-13 04:04:04,594 [ERROR] LogOutputStream:75 - [STDERR_REDIRECT] 
